#
# There is insufficient memory for the Java Runtime Environment to continue.
# Native memory allocation (malloc) failed to allocate 1204912 bytes for Chunk::new
# Possible reasons:
#   The system is out of physical RAM or swap space
#   The process is running with CompressedOops enabled, and the Java Heap may be blocking the growth of the native heap
# Possible solutions:
#   Reduce memory load on the system
#   Increase physical memory or swap space
#   Check if swap backing store is full
#   Decrease Java heap size (-Xmx/-Xms)
#   Decrease number of Java threads
#   Decrease Java thread stack sizes (-Xss)
#   Set larger code cache with -XX:ReservedCodeCacheSize=
#   JVM is running with Unscaled Compressed Oops mode in which the Java heap is
#     placed in the first 4GB address space. The Java Heap base address is the
#     maximum limit for the native heap growth. Please use -XX:HeapBaseMinAddress
#     to set the Java Heap base and to place the Java Heap above 4GB virtual address.
# This output file may be truncated or incomplete.
#
#  Out of Memory Error (./open/src/hotspot/share/memory/arena.cpp:195), pid=8640, tid=7608
#
# JRE version: Java(TM) SE Runtime Environment (15.0.1+9) (build 15.0.1+9-18)
# Java VM: Java HotSpot(TM) 64-Bit Server VM (15.0.1+9-18, mixed mode, sharing, tiered, compressed oops, g1 gc, windows-amd64)
# No core dump will be written. Minidumps are not enabled by default on client versions of Windows
#

---------------  S U M M A R Y ------------

Command Line: -Dfile.encoding=UTF-8 MainFrame

Host: AMD Ryzen 7 2700 Eight-Core Processor          , 16 cores, 7G,  Windows 10 , 64 bit Build 19041 (10.0.19041.546)
Time: Thu Dec 10 01:36:05 2020 India Standard Time elapsed time: 6.172373 seconds (0d 0h 0m 6s)

---------------  T H R E A D  ---------------

Current thread (0x0000021431c7edf0):  JavaThread "C2 CompilerThread1" daemon [_thread_in_native, id=7608, stack(0x00000099ffe20000,0x00000099fff20000)]


Current CompileTask:
C2:   6172 1788 %     4       sun.java2d.marlin.DRenderer::_endRendering @ 784 (2480 bytes)

Stack: [0x00000099ffe20000,0x00000099fff20000]
Native frames: (J=compiled Java code, j=interpreted, Vv=VM code, C=native code)
V  [jvm.dll+0x62ae9a]
V  [jvm.dll+0x781389]
V  [jvm.dll+0x782ae3]
V  [jvm.dll+0x783143]
V  [jvm.dll+0x216265]
V  [jvm.dll+0x97efa]
V  [jvm.dll+0x985dc]
V  [jvm.dll+0x32e525]
V  [jvm.dll+0x18e2e1]
V  [jvm.dll+0x1ea762]
V  [jvm.dll+0x1e98ae]
V  [jvm.dll+0x1784c7]
V  [jvm.dll+0x1f9165]
V  [jvm.dll+0x1f720c]
V  [jvm.dll+0x74485d]
V  [jvm.dll+0x73d65a]
V  [jvm.dll+0x629c56]
C  [ucrtbase.dll+0x214c2]
C  [KERNEL32.DLL+0x17034]
C  [ntdll.dll+0x4cec1]


---------------  P R O C E S S  ---------------

Threads class SMR info:
_java_thread_list=0x0000021431714590, length=22, elements={
0x0000021429155630, 0x0000021429156200, 0x000002142916d650, 0x000002142916e100,
0x000002142916ebb0, 0x00000214291709a0, 0x000002142917def0, 0x0000021429188d00,
0x0000021429bce090, 0x0000021429be3a10, 0x0000021429e2ea90, 0x0000021429e3a2b0,
0x0000021429e42e10, 0x000002142ad4c1e0, 0x0000021409b7ccb0, 0x00000214316875e0,
0x0000021431a25920, 0x000002142ae49570, 0x0000021431c7c060, 0x0000021431c7e3d0,
0x0000021431c7cf90, 0x0000021431c7edf0
}

Java Threads: ( => current thread )
  0x0000021429155630 JavaThread "Reference Handler" daemon [_thread_blocked, id=13068, stack(0x00000099fe300000,0x00000099fe400000)]
  0x0000021429156200 JavaThread "Finalizer" daemon [_thread_blocked, id=7840, stack(0x00000099fe400000,0x00000099fe500000)]
  0x000002142916d650 JavaThread "Signal Dispatcher" daemon [_thread_blocked, id=12492, stack(0x00000099fe500000,0x00000099fe600000)]
  0x000002142916e100 JavaThread "Attach Listener" daemon [_thread_blocked, id=8500, stack(0x00000099fe600000,0x00000099fe700000)]
  0x000002142916ebb0 JavaThread "Service Thread" daemon [_thread_blocked, id=692, stack(0x00000099fe700000,0x00000099fe800000)]
  0x00000214291709a0 JavaThread "C2 CompilerThread0" daemon [_thread_blocked, id=5800, stack(0x00000099fe800000,0x00000099fe900000)]
  0x000002142917def0 JavaThread "C1 CompilerThread0" daemon [_thread_blocked, id=9504, stack(0x00000099fe900000,0x00000099fea00000)]
  0x0000021429188d00 JavaThread "Sweeper thread" daemon [_thread_blocked, id=8352, stack(0x00000099fea00000,0x00000099feb00000)]
  0x0000021429bce090 JavaThread "Notification Thread" daemon [_thread_blocked, id=6308, stack(0x00000099fec00000,0x00000099fed00000)]
  0x0000021429be3a10 JavaThread "Common-Cleaner" daemon [_thread_blocked, id=11736, stack(0x00000099fee00000,0x00000099fef00000)]
  0x0000021429e2ea90 JavaThread "Java2D Disposer" daemon [_thread_blocked, id=14472, stack(0x00000099fef00000,0x00000099ff000000)]
  0x0000021429e3a2b0 JavaThread "AWT-Shutdown" [_thread_blocked, id=17244, stack(0x00000099ff000000,0x00000099ff100000)]
  0x0000021429e42e10 JavaThread "AWT-Windows" daemon [_thread_in_native, id=9692, stack(0x00000099ff100000,0x00000099ff200000)]
  0x000002142ad4c1e0 JavaThread "AWT-EventQueue-0" [_thread_blocked, id=12248, stack(0x00000099ff200000,0x00000099ff300000)]
  0x0000021409b7ccb0 JavaThread "DestroyJavaVM" [_thread_blocked, id=8468, stack(0x00000099fdc00000,0x00000099fdd00000)]
  0x00000214316875e0 JavaThread "D3D Screen Updater" daemon [_thread_blocked, id=14352, stack(0x00000099ff890000,0x00000099ff990000)]
  0x0000021431a25920 JavaThread "TimerQueue" daemon [_thread_blocked, id=14384, stack(0x00000099ff990000,0x00000099ffa90000)]
  0x000002142ae49570 JavaThread "mysql-cj-abandoned-connection-cleanup" daemon [_thread_blocked, id=6824, stack(0x00000099feb00000,0x00000099fec00000)]
  0x0000021431c7c060 JavaThread "C1 CompilerThread1" daemon [_thread_blocked, id=7812, stack(0x00000099ffb20000,0x00000099ffc20000)]
  0x0000021431c7e3d0 JavaThread "C1 CompilerThread2" daemon [_thread_blocked, id=1768, stack(0x00000099ffc20000,0x00000099ffd20000)]
  0x0000021431c7cf90 JavaThread "C1 CompilerThread3" daemon [_thread_blocked, id=1812, stack(0x00000099ffd20000,0x00000099ffe20000)]
=>0x0000021431c7edf0 JavaThread "C2 CompilerThread1" daemon [_thread_in_native, id=7608, stack(0x00000099ffe20000,0x00000099fff20000)]

Other Threads:
  0x0000021429151da0 VMThread "VM Thread" [stack: 0x00000099fe200000,0x00000099fe300000] [id=13964]
  0x0000021429bde540 WatcherThread [stack: 0x00000099fed00000,0x00000099fee00000] [id=10000]
  0x0000021409bbf130 GCTaskThread "GC Thread#0" [stack: 0x00000099fdd00000,0x00000099fde00000] [id=14504]
  0x0000021409bd1290 ConcurrentGCThread "G1 Main Marker" [stack: 0x00000099fde00000,0x00000099fdf00000] [id=12592]
  0x0000021409bd26a0 ConcurrentGCThread "G1 Conc#0" [stack: 0x00000099fdf00000,0x00000099fe000000] [id=9020]
  0x0000021409c5dec0 ConcurrentGCThread "G1 Refine#0" [stack: 0x00000099fe000000,0x00000099fe100000] [id=9124]
  0x0000021409c5e880 ConcurrentGCThread "G1 Young RemSet Sampling" [stack: 0x00000099fe100000,0x00000099fe200000] [id=10840]

Threads with active compile tasks:
C2 CompilerThread1     6199 1788 %     4       sun.java2d.marlin.DRenderer::_endRendering @ 784 (2480 bytes)

VM state: not at safepoint (normal execution)

VM Mutex/Monitor currently owned by a thread: None

Heap address: 0x0000000080c00000, size: 2036 MB, Compressed Oops mode: 32-bit
CDS archive(s) mapped at: [0x0000000800000000-0x0000000800b50000-0x0000000800b50000), size 11862016, SharedBaseAddress: 0x0000000800000000, ArchiveRelocationMode: 0.
Compressed class space mapped at: 0x0000000800b50000-0x0000000840b50000, size: 1073741824
Narrow klass base: 0x0000000800000000, Narrow klass shift: 3, Narrow klass range: 0x100000000

GC Precious Log:
 CPUs: 16 total, 16 available
 Memory: 8141M
 Large Page Support: Disabled
 NUMA Support: Disabled
 Compressed Oops: Enabled (32-bit)
 Heap Region Size: 1M
 Heap Min Capacity: 8M
 Heap Initial Capacity: 128M
 Heap Max Capacity: 2036M
 Pre-touch: Disabled
 Parallel Workers: 13
 Concurrent Workers: 3
 Concurrent Refinement Workers: 13
 Periodic GC: Disabled

Heap:
 garbage-first heap   total 131072K, used 15360K [0x0000000080c00000, 0x0000000100000000)
  region size 1024K, 17 young (17408K), 0 survivors (0K)
 Metaspace       used 15344K, capacity 15542K, committed 15616K, reserved 1062912K
  class space    used 1689K, capacity 1743K, committed 1792K, reserved 1048576K

Heap Regions: E=young(eden), S=young(survivor), O=old, HS=humongous(starts), HC=humongous(continues), CS=collection set, F=free, OA=open archive, CA=closed archive, TAMS=top-at-mark-start (previous, next)
|   0|0x0000000080c00000, 0x0000000080c00000, 0x0000000080d00000|  0%| F|  |TAMS 0x0000000080c00000, 0x0000000080c00000| Untracked 
|   1|0x0000000080d00000, 0x0000000080d00000, 0x0000000080e00000|  0%| F|  |TAMS 0x0000000080d00000, 0x0000000080d00000| Untracked 
|   2|0x0000000080e00000, 0x0000000080e00000, 0x0000000080f00000|  0%| F|  |TAMS 0x0000000080e00000, 0x0000000080e00000| Untracked 
|   3|0x0000000080f00000, 0x0000000080f00000, 0x0000000081000000|  0%| F|  |TAMS 0x0000000080f00000, 0x0000000080f00000| Untracked 
|   4|0x0000000081000000, 0x0000000081000000, 0x0000000081100000|  0%| F|  |TAMS 0x0000000081000000, 0x0000000081000000| Untracked 
|   5|0x0000000081100000, 0x0000000081100000, 0x0000000081200000|  0%| F|  |TAMS 0x0000000081100000, 0x0000000081100000| Untracked 
|   6|0x0000000081200000, 0x0000000081200000, 0x0000000081300000|  0%| F|  |TAMS 0x0000000081200000, 0x0000000081200000| Untracked 
|   7|0x0000000081300000, 0x0000000081300000, 0x0000000081400000|  0%| F|  |TAMS 0x0000000081300000, 0x0000000081300000| Untracked 
|   8|0x0000000081400000, 0x0000000081400000, 0x0000000081500000|  0%| F|  |TAMS 0x0000000081400000, 0x0000000081400000| Untracked 
|   9|0x0000000081500000, 0x0000000081500000, 0x0000000081600000|  0%| F|  |TAMS 0x0000000081500000, 0x0000000081500000| Untracked 
|  10|0x0000000081600000, 0x0000000081600000, 0x0000000081700000|  0%| F|  |TAMS 0x0000000081600000, 0x0000000081600000| Untracked 
|  11|0x0000000081700000, 0x0000000081700000, 0x0000000081800000|  0%| F|  |TAMS 0x0000000081700000, 0x0000000081700000| Untracked 
|  12|0x0000000081800000, 0x0000000081800000, 0x0000000081900000|  0%| F|  |TAMS 0x0000000081800000, 0x0000000081800000| Untracked 
|  13|0x0000000081900000, 0x0000000081900000, 0x0000000081a00000|  0%| F|  |TAMS 0x0000000081900000, 0x0000000081900000| Untracked 
|  14|0x0000000081a00000, 0x0000000081a00000, 0x0000000081b00000|  0%| F|  |TAMS 0x0000000081a00000, 0x0000000081a00000| Untracked 
|  15|0x0000000081b00000, 0x0000000081b00000, 0x0000000081c00000|  0%| F|  |TAMS 0x0000000081b00000, 0x0000000081b00000| Untracked 
|  16|0x0000000081c00000, 0x0000000081c00000, 0x0000000081d00000|  0%| F|  |TAMS 0x0000000081c00000, 0x0000000081c00000| Untracked 
|  17|0x0000000081d00000, 0x0000000081d00000, 0x0000000081e00000|  0%| F|  |TAMS 0x0000000081d00000, 0x0000000081d00000| Untracked 
|  18|0x0000000081e00000, 0x0000000081e00000, 0x0000000081f00000|  0%| F|  |TAMS 0x0000000081e00000, 0x0000000081e00000| Untracked 
|  19|0x0000000081f00000, 0x0000000081f00000, 0x0000000082000000|  0%| F|  |TAMS 0x0000000081f00000, 0x0000000081f00000| Untracked 
|  20|0x0000000082000000, 0x0000000082000000, 0x0000000082100000|  0%| F|  |TAMS 0x0000000082000000, 0x0000000082000000| Untracked 
|  21|0x0000000082100000, 0x0000000082100000, 0x0000000082200000|  0%| F|  |TAMS 0x0000000082100000, 0x0000000082100000| Untracked 
|  22|0x0000000082200000, 0x0000000082200000, 0x0000000082300000|  0%| F|  |TAMS 0x0000000082200000, 0x0000000082200000| Untracked 
|  23|0x0000000082300000, 0x0000000082300000, 0x0000000082400000|  0%| F|  |TAMS 0x0000000082300000, 0x0000000082300000| Untracked 
|  24|0x0000000082400000, 0x0000000082400000, 0x0000000082500000|  0%| F|  |TAMS 0x0000000082400000, 0x0000000082400000| Untracked 
|  25|0x0000000082500000, 0x0000000082500000, 0x0000000082600000|  0%| F|  |TAMS 0x0000000082500000, 0x0000000082500000| Untracked 
|  26|0x0000000082600000, 0x0000000082600000, 0x0000000082700000|  0%| F|  |TAMS 0x0000000082600000, 0x0000000082600000| Untracked 
|  27|0x0000000082700000, 0x0000000082700000, 0x0000000082800000|  0%| F|  |TAMS 0x0000000082700000, 0x0000000082700000| Untracked 
|  28|0x0000000082800000, 0x0000000082800000, 0x0000000082900000|  0%| F|  |TAMS 0x0000000082800000, 0x0000000082800000| Untracked 
|  29|0x0000000082900000, 0x0000000082900000, 0x0000000082a00000|  0%| F|  |TAMS 0x0000000082900000, 0x0000000082900000| Untracked 
|  30|0x0000000082a00000, 0x0000000082a00000, 0x0000000082b00000|  0%| F|  |TAMS 0x0000000082a00000, 0x0000000082a00000| Untracked 
|  31|0x0000000082b00000, 0x0000000082b00000, 0x0000000082c00000|  0%| F|  |TAMS 0x0000000082b00000, 0x0000000082b00000| Untracked 
|  32|0x0000000082c00000, 0x0000000082c00000, 0x0000000082d00000|  0%| F|  |TAMS 0x0000000082c00000, 0x0000000082c00000| Untracked 
|  33|0x0000000082d00000, 0x0000000082d00000, 0x0000000082e00000|  0%| F|  |TAMS 0x0000000082d00000, 0x0000000082d00000| Untracked 
|  34|0x0000000082e00000, 0x0000000082e00000, 0x0000000082f00000|  0%| F|  |TAMS 0x0000000082e00000, 0x0000000082e00000| Untracked 
|  35|0x0000000082f00000, 0x0000000082f00000, 0x0000000083000000|  0%| F|  |TAMS 0x0000000082f00000, 0x0000000082f00000| Untracked 
|  36|0x0000000083000000, 0x0000000083000000, 0x0000000083100000|  0%| F|  |TAMS 0x0000000083000000, 0x0000000083000000| Untracked 
|  37|0x0000000083100000, 0x0000000083100000, 0x0000000083200000|  0%| F|  |TAMS 0x0000000083100000, 0x0000000083100000| Untracked 
|  38|0x0000000083200000, 0x0000000083200000, 0x0000000083300000|  0%| F|  |TAMS 0x0000000083200000, 0x0000000083200000| Untracked 
|  39|0x0000000083300000, 0x0000000083300000, 0x0000000083400000|  0%| F|  |TAMS 0x0000000083300000, 0x0000000083300000| Untracked 
|  40|0x0000000083400000, 0x0000000083400000, 0x0000000083500000|  0%| F|  |TAMS 0x0000000083400000, 0x0000000083400000| Untracked 
|  41|0x0000000083500000, 0x0000000083500000, 0x0000000083600000|  0%| F|  |TAMS 0x0000000083500000, 0x0000000083500000| Untracked 
|  42|0x0000000083600000, 0x0000000083600000, 0x0000000083700000|  0%| F|  |TAMS 0x0000000083600000, 0x0000000083600000| Untracked 
|  43|0x0000000083700000, 0x0000000083700000, 0x0000000083800000|  0%| F|  |TAMS 0x0000000083700000, 0x0000000083700000| Untracked 
|  44|0x0000000083800000, 0x0000000083800000, 0x0000000083900000|  0%| F|  |TAMS 0x0000000083800000, 0x0000000083800000| Untracked 
|  45|0x0000000083900000, 0x0000000083900000, 0x0000000083a00000|  0%| F|  |TAMS 0x0000000083900000, 0x0000000083900000| Untracked 
|  46|0x0000000083a00000, 0x0000000083a00000, 0x0000000083b00000|  0%| F|  |TAMS 0x0000000083a00000, 0x0000000083a00000| Untracked 
|  47|0x0000000083b00000, 0x0000000083b00000, 0x0000000083c00000|  0%| F|  |TAMS 0x0000000083b00000, 0x0000000083b00000| Untracked 
|  48|0x0000000083c00000, 0x0000000083c00000, 0x0000000083d00000|  0%| F|  |TAMS 0x0000000083c00000, 0x0000000083c00000| Untracked 
|  49|0x0000000083d00000, 0x0000000083d00000, 0x0000000083e00000|  0%| F|  |TAMS 0x0000000083d00000, 0x0000000083d00000| Untracked 
|  50|0x0000000083e00000, 0x0000000083e00000, 0x0000000083f00000|  0%| F|  |TAMS 0x0000000083e00000, 0x0000000083e00000| Untracked 
|  51|0x0000000083f00000, 0x0000000083f00000, 0x0000000084000000|  0%| F|  |TAMS 0x0000000083f00000, 0x0000000083f00000| Untracked 
|  52|0x0000000084000000, 0x0000000084000000, 0x0000000084100000|  0%| F|  |TAMS 0x0000000084000000, 0x0000000084000000| Untracked 
|  53|0x0000000084100000, 0x0000000084100000, 0x0000000084200000|  0%| F|  |TAMS 0x0000000084100000, 0x0000000084100000| Untracked 
|  54|0x0000000084200000, 0x0000000084200000, 0x0000000084300000|  0%| F|  |TAMS 0x0000000084200000, 0x0000000084200000| Untracked 
|  55|0x0000000084300000, 0x0000000084300000, 0x0000000084400000|  0%| F|  |TAMS 0x0000000084300000, 0x0000000084300000| Untracked 
|  56|0x0000000084400000, 0x0000000084400000, 0x0000000084500000|  0%| F|  |TAMS 0x0000000084400000, 0x0000000084400000| Untracked 
|  57|0x0000000084500000, 0x0000000084500000, 0x0000000084600000|  0%| F|  |TAMS 0x0000000084500000, 0x0000000084500000| Untracked 
|  58|0x0000000084600000, 0x0000000084600000, 0x0000000084700000|  0%| F|  |TAMS 0x0000000084600000, 0x0000000084600000| Untracked 
|  59|0x0000000084700000, 0x0000000084700000, 0x0000000084800000|  0%| F|  |TAMS 0x0000000084700000, 0x0000000084700000| Untracked 
|  60|0x0000000084800000, 0x0000000084800000, 0x0000000084900000|  0%| F|  |TAMS 0x0000000084800000, 0x0000000084800000| Untracked 
|  61|0x0000000084900000, 0x0000000084900000, 0x0000000084a00000|  0%| F|  |TAMS 0x0000000084900000, 0x0000000084900000| Untracked 
|  62|0x0000000084a00000, 0x0000000084a00000, 0x0000000084b00000|  0%| F|  |TAMS 0x0000000084a00000, 0x0000000084a00000| Untracked 
|  63|0x0000000084b00000, 0x0000000084b00000, 0x0000000084c00000|  0%| F|  |TAMS 0x0000000084b00000, 0x0000000084b00000| Untracked 
|  64|0x0000000084c00000, 0x0000000084c00000, 0x0000000084d00000|  0%| F|  |TAMS 0x0000000084c00000, 0x0000000084c00000| Untracked 
|  65|0x0000000084d00000, 0x0000000084d00000, 0x0000000084e00000|  0%| F|  |TAMS 0x0000000084d00000, 0x0000000084d00000| Untracked 
|  66|0x0000000084e00000, 0x0000000084e00000, 0x0000000084f00000|  0%| F|  |TAMS 0x0000000084e00000, 0x0000000084e00000| Untracked 
|  67|0x0000000084f00000, 0x0000000084f00000, 0x0000000085000000|  0%| F|  |TAMS 0x0000000084f00000, 0x0000000084f00000| Untracked 
|  68|0x0000000085000000, 0x0000000085000000, 0x0000000085100000|  0%| F|  |TAMS 0x0000000085000000, 0x0000000085000000| Untracked 
|  69|0x0000000085100000, 0x0000000085100000, 0x0000000085200000|  0%| F|  |TAMS 0x0000000085100000, 0x0000000085100000| Untracked 
|  70|0x0000000085200000, 0x0000000085200000, 0x0000000085300000|  0%| F|  |TAMS 0x0000000085200000, 0x0000000085200000| Untracked 
|  71|0x0000000085300000, 0x0000000085300000, 0x0000000085400000|  0%| F|  |TAMS 0x0000000085300000, 0x0000000085300000| Untracked 
|  72|0x0000000085400000, 0x0000000085400000, 0x0000000085500000|  0%| F|  |TAMS 0x0000000085400000, 0x0000000085400000| Untracked 
|  73|0x0000000085500000, 0x0000000085500000, 0x0000000085600000|  0%| F|  |TAMS 0x0000000085500000, 0x0000000085500000| Untracked 
|  74|0x0000000085600000, 0x0000000085600000, 0x0000000085700000|  0%| F|  |TAMS 0x0000000085600000, 0x0000000085600000| Untracked 
|  75|0x0000000085700000, 0x0000000085700000, 0x0000000085800000|  0%| F|  |TAMS 0x0000000085700000, 0x0000000085700000| Untracked 
|  76|0x0000000085800000, 0x0000000085800000, 0x0000000085900000|  0%| F|  |TAMS 0x0000000085800000, 0x0000000085800000| Untracked 
|  77|0x0000000085900000, 0x0000000085900000, 0x0000000085a00000|  0%| F|  |TAMS 0x0000000085900000, 0x0000000085900000| Untracked 
|  78|0x0000000085a00000, 0x0000000085a00000, 0x0000000085b00000|  0%| F|  |TAMS 0x0000000085a00000, 0x0000000085a00000| Untracked 
|  79|0x0000000085b00000, 0x0000000085b00000, 0x0000000085c00000|  0%| F|  |TAMS 0x0000000085b00000, 0x0000000085b00000| Untracked 
|  80|0x0000000085c00000, 0x0000000085c00000, 0x0000000085d00000|  0%| F|  |TAMS 0x0000000085c00000, 0x0000000085c00000| Untracked 
|  81|0x0000000085d00000, 0x0000000085d00000, 0x0000000085e00000|  0%| F|  |TAMS 0x0000000085d00000, 0x0000000085d00000| Untracked 
|  82|0x0000000085e00000, 0x0000000085e00000, 0x0000000085f00000|  0%| F|  |TAMS 0x0000000085e00000, 0x0000000085e00000| Untracked 
|  83|0x0000000085f00000, 0x0000000085f00000, 0x0000000086000000|  0%| F|  |TAMS 0x0000000085f00000, 0x0000000085f00000| Untracked 
|  84|0x0000000086000000, 0x0000000086000000, 0x0000000086100000|  0%| F|  |TAMS 0x0000000086000000, 0x0000000086000000| Untracked 
|  85|0x0000000086100000, 0x0000000086100000, 0x0000000086200000|  0%| F|  |TAMS 0x0000000086100000, 0x0000000086100000| Untracked 
|  86|0x0000000086200000, 0x0000000086200000, 0x0000000086300000|  0%| F|  |TAMS 0x0000000086200000, 0x0000000086200000| Untracked 
|  87|0x0000000086300000, 0x0000000086300000, 0x0000000086400000|  0%| F|  |TAMS 0x0000000086300000, 0x0000000086300000| Untracked 
|  88|0x0000000086400000, 0x0000000086400000, 0x0000000086500000|  0%| F|  |TAMS 0x0000000086400000, 0x0000000086400000| Untracked 
|  89|0x0000000086500000, 0x0000000086500000, 0x0000000086600000|  0%| F|  |TAMS 0x0000000086500000, 0x0000000086500000| Untracked 
|  90|0x0000000086600000, 0x0000000086600000, 0x0000000086700000|  0%| F|  |TAMS 0x0000000086600000, 0x0000000086600000| Untracked 
|  91|0x0000000086700000, 0x0000000086700000, 0x0000000086800000|  0%| F|  |TAMS 0x0000000086700000, 0x0000000086700000| Untracked 
|  92|0x0000000086800000, 0x0000000086800000, 0x0000000086900000|  0%| F|  |TAMS 0x0000000086800000, 0x0000000086800000| Untracked 
|  93|0x0000000086900000, 0x0000000086900000, 0x0000000086a00000|  0%| F|  |TAMS 0x0000000086900000, 0x0000000086900000| Untracked 
|  94|0x0000000086a00000, 0x0000000086a00000, 0x0000000086b00000|  0%| F|  |TAMS 0x0000000086a00000, 0x0000000086a00000| Untracked 
|  95|0x0000000086b00000, 0x0000000086b00000, 0x0000000086c00000|  0%| F|  |TAMS 0x0000000086b00000, 0x0000000086b00000| Untracked 
|  96|0x0000000086c00000, 0x0000000086c00000, 0x0000000086d00000|  0%| F|  |TAMS 0x0000000086c00000, 0x0000000086c00000| Untracked 
|  97|0x0000000086d00000, 0x0000000086d00000, 0x0000000086e00000|  0%| F|  |TAMS 0x0000000086d00000, 0x0000000086d00000| Untracked 
|  98|0x0000000086e00000, 0x0000000086e00000, 0x0000000086f00000|  0%| F|  |TAMS 0x0000000086e00000, 0x0000000086e00000| Untracked 
|  99|0x0000000086f00000, 0x0000000086f00000, 0x0000000087000000|  0%| F|  |TAMS 0x0000000086f00000, 0x0000000086f00000| Untracked 
| 100|0x0000000087000000, 0x0000000087000000, 0x0000000087100000|  0%| F|  |TAMS 0x0000000087000000, 0x0000000087000000| Untracked 
| 101|0x0000000087100000, 0x0000000087100000, 0x0000000087200000|  0%| F|  |TAMS 0x0000000087100000, 0x0000000087100000| Untracked 
| 102|0x0000000087200000, 0x0000000087200000, 0x0000000087300000|  0%| F|  |TAMS 0x0000000087200000, 0x0000000087200000| Untracked 
| 103|0x0000000087300000, 0x0000000087300000, 0x0000000087400000|  0%| F|  |TAMS 0x0000000087300000, 0x0000000087300000| Untracked 
| 104|0x0000000087400000, 0x0000000087400000, 0x0000000087500000|  0%| F|  |TAMS 0x0000000087400000, 0x0000000087400000| Untracked 
| 105|0x0000000087500000, 0x0000000087500000, 0x0000000087600000|  0%| F|  |TAMS 0x0000000087500000, 0x0000000087500000| Untracked 
| 106|0x0000000087600000, 0x0000000087600000, 0x0000000087700000|  0%| F|  |TAMS 0x0000000087600000, 0x0000000087600000| Untracked 
| 107|0x0000000087700000, 0x0000000087700000, 0x0000000087800000|  0%| F|  |TAMS 0x0000000087700000, 0x0000000087700000| Untracked 
| 108|0x0000000087800000, 0x0000000087800000, 0x0000000087900000|  0%| F|  |TAMS 0x0000000087800000, 0x0000000087800000| Untracked 
| 109|0x0000000087900000, 0x0000000087900000, 0x0000000087a00000|  0%| F|  |TAMS 0x0000000087900000, 0x0000000087900000| Untracked 
| 110|0x0000000087a00000, 0x0000000087a00000, 0x0000000087b00000|  0%| F|  |TAMS 0x0000000087a00000, 0x0000000087a00000| Untracked 
| 111|0x0000000087b00000, 0x0000000087bf67c0, 0x0000000087c00000| 96%| E|  |TAMS 0x0000000087b00000, 0x0000000087b00000| Complete 
| 112|0x0000000087c00000, 0x0000000087d00000, 0x0000000087d00000|100%| E|CS|TAMS 0x0000000087c00000, 0x0000000087c00000| Complete 
| 113|0x0000000087d00000, 0x0000000087e00000, 0x0000000087e00000|100%| E|CS|TAMS 0x0000000087d00000, 0x0000000087d00000| Complete 
| 114|0x0000000087e00000, 0x0000000087f00000, 0x0000000087f00000|100%| E|CS|TAMS 0x0000000087e00000, 0x0000000087e00000| Complete 
| 115|0x0000000087f00000, 0x0000000088000000, 0x0000000088000000|100%| E|CS|TAMS 0x0000000087f00000, 0x0000000087f00000| Complete 
| 116|0x0000000088000000, 0x0000000088100000, 0x0000000088100000|100%| E|CS|TAMS 0x0000000088000000, 0x0000000088000000| Complete 
| 117|0x0000000088100000, 0x0000000088200000, 0x0000000088200000|100%| E|  |TAMS 0x0000000088100000, 0x0000000088100000| Complete 
| 118|0x0000000088200000, 0x0000000088300000, 0x0000000088300000|100%| E|CS|TAMS 0x0000000088200000, 0x0000000088200000| Complete 
| 119|0x0000000088300000, 0x0000000088400000, 0x0000000088400000|100%| E|CS|TAMS 0x0000000088300000, 0x0000000088300000| Complete 
| 120|0x0000000088400000, 0x0000000088500000, 0x0000000088500000|100%| E|CS|TAMS 0x0000000088400000, 0x0000000088400000| Complete 
| 121|0x0000000088500000, 0x0000000088600000, 0x0000000088600000|100%| E|CS|TAMS 0x0000000088500000, 0x0000000088500000| Complete 
| 122|0x0000000088600000, 0x0000000088700000, 0x0000000088700000|100%| E|CS|TAMS 0x0000000088600000, 0x0000000088600000| Complete 
| 123|0x0000000088700000, 0x0000000088800000, 0x0000000088800000|100%| E|CS|TAMS 0x0000000088700000, 0x0000000088700000| Complete 
| 124|0x0000000088800000, 0x0000000088900000, 0x0000000088900000|100%| E|CS|TAMS 0x0000000088800000, 0x0000000088800000| Complete 
| 125|0x0000000088900000, 0x0000000088a00000, 0x0000000088a00000|100%| E|CS|TAMS 0x0000000088900000, 0x0000000088900000| Complete 
| 126|0x0000000088a00000, 0x0000000088b00000, 0x0000000088b00000|100%| E|CS|TAMS 0x0000000088a00000, 0x0000000088a00000| Complete 
| 127|0x0000000088b00000, 0x0000000088c00000, 0x0000000088c00000|100%| E|CS|TAMS 0x0000000088b00000, 0x0000000088b00000| Complete 

Card table byte_map: [0x0000021421a40000,0x0000021421e40000] _byte_map_base: 0x000002142163a000

Marking Bits (Prev, Next): (CMBitMap*) 0x0000021409bc09b0, (CMBitMap*) 0x0000021409bc09f0
 Prev Bits: [0x0000021422240000, 0x0000021424210000)
 Next Bits: [0x0000021424210000, 0x00000214261e0000)

Polling page: 0x0000021407b30000

Metaspace:

Usage:
  Non-class:     13.48 MB capacity,    13.33 MB ( 99%) used,   126.00 KB ( <1%) free+waste,    18.31 KB ( <1%) overhead. 
      Class:      1.70 MB capacity,     1.65 MB ( 97%) used,    46.15 KB (  3%) free+waste,     6.94 KB ( <1%) overhead. 
       Both:     15.18 MB capacity,    14.98 MB ( 99%) used,   172.15 KB (  1%) free+waste,    25.25 KB ( <1%) overhead. 

Virtual space:
  Non-class space:       14.00 MB reserved,      13.50 MB ( 96%) committed 
      Class space:        1.00 GB reserved,       1.75 MB ( <1%) committed 
             Both:        1.01 GB reserved,      15.25 MB (  1%) committed 

Chunk freelists:
   Non-Class:  25.00 KB
       Class:  17.00 KB
        Both:  42.00 KB

MaxMetaspaceSize: 17179869184.00 GB
CompressedClassSpaceSize: 1.00 GB

CodeHeap 'non-profiled nmethods': size=119168Kb used=630Kb max_used=630Kb free=118537Kb
 bounds [0x0000021419960000, 0x0000021419bd0000, 0x0000021420dc0000]
CodeHeap 'profiled nmethods': size=119104Kb used=3286Kb max_used=3286Kb free=115817Kb
 bounds [0x0000021412510000, 0x0000021412850000, 0x0000021419960000]
CodeHeap 'non-nmethods': size=7488Kb used=3081Kb max_used=3099Kb free=4406Kb
 bounds [0x0000021411dc0000, 0x00000214120d0000, 0x0000021412510000]
 total_blobs=2507 nmethods=1792 adapters=624
 compilation: enabled
              stopped_count=0, restarted_count=0
 full_count=0

Compilation events (20 events):
Event: 6.119 Thread 0x0000021431c7c060 1789       3       sun.java2d.pipe.DrawImage::blitSurfaceData (177 bytes)
Event: 6.119 Thread 0x0000021431c7cf90 1790       3       sun.java2d.loops.Blit::getFromCache (93 bytes)
Event: 6.119 Thread 0x000002142917def0 1791       3       sun.java2d.d3d.D3DRTTSurfaceToSurfaceBlit::Blit (46 bytes)
Event: 6.119 Thread 0x000002142917def0 nmethod 1791 0x0000021412840590 code [0x0000021412840740, 0x0000021412840908]
Event: 6.119 Thread 0x0000021431c7edf0 1785       4       java.awt.MultipleGradientPaintContext::indexIntoGradientsArrays (190 bytes)
Event: 6.119 Thread 0x0000021431c7cf90 nmethod 1790 0x0000021412840a10 code [0x0000021412840c80, 0x0000021412841438]
Event: 6.120 Thread 0x0000021431c7c060 nmethod 1789 0x0000021412841790 code [0x0000021412841a40, 0x0000021412842fd8]
Event: 6.120 Thread 0x0000021431c7cf90 1792       3       javax.swing.plaf.synth.SynthLookAndFeel::getComponentState (23 bytes)
Event: 6.121 Thread 0x0000021431c7cf90 nmethod 1792 0x0000021412843690 code [0x0000021412843880, 0x0000021412843ea8]
Event: 6.123 Thread 0x0000021431c7e3d0 1793       3       java.beans.PropertyChangeSupport::firePropertyChange (81 bytes)
Event: 6.123 Thread 0x0000021431c7edf0 nmethod 1785 0x00000214199fa210 code [0x00000214199fa3e0, 0x00000214199fa7d8]
Event: 6.123 Thread 0x0000021431c7edf0 1788 %     4       sun.java2d.marlin.DRenderer::_endRendering @ 784 (2480 bytes)
Event: 6.124 Thread 0x0000021431c7e3d0 nmethod 1793 0x0000021412844090 code [0x00000214128442e0, 0x0000021412845028]
Event: 6.125 Thread 0x0000021431c7cf90 1794       3       java.awt.geom.Point2D$Float::<init> (15 bytes)
Event: 6.125 Thread 0x0000021431c7cf90 nmethod 1794 0x0000021412845410 code [0x00000214128455c0, 0x0000021412845778]
Event: 6.129 Thread 0x00000214291709a0 nmethod 1771 0x00000214199faa90 code [0x00000214199fac60, 0x00000214199fbf18]
Event: 6.129 Thread 0x00000214291709a0 1776       4       sun.java2d.SunGraphics2D::invalidatePipe (41 bytes)
Event: 6.132 Thread 0x00000214291709a0 nmethod 1776 0x00000214199fd190 code [0x00000214199fd300, 0x00000214199fd7d8]
Event: 6.132 Thread 0x00000214291709a0 1775       4       sun.java2d.pipe.RenderBuffer::position (11 bytes)
Event: 6.132 Thread 0x00000214291709a0 nmethod 1775 0x00000214199fd890 code [0x00000214199fda00, 0x00000214199fda78]

GC Heap History (0 events):
No events

Deoptimization events (20 events):
Event: 4.347 Thread 0x000002142ad4c1e0 DEOPT PACKING pc=0x00000214126e7d4c sp=0x00000099ff2fd050
Event: 4.347 Thread 0x000002142ad4c1e0 DEOPT UNPACKING pc=0x0000021411e0e23f sp=0x00000099ff2fc418 mode 0
Event: 5.090 Thread 0x000002142ad4c1e0 DEOPT PACKING pc=0x00000214126eec8a sp=0x00000099ff2fcef0
Event: 5.090 Thread 0x000002142ad4c1e0 DEOPT UNPACKING pc=0x0000021411e0e23f sp=0x00000099ff2fc340 mode 0
Event: 5.415 Thread 0x000002142ad4c1e0 DEOPT PACKING pc=0x00000214126e7970 sp=0x00000099ff2fd0d0
Event: 5.415 Thread 0x000002142ad4c1e0 DEOPT UNPACKING pc=0x0000021411e0e23f sp=0x00000099ff2fc498 mode 0
Event: 5.701 Thread 0x000002142ad4c1e0 DEOPT PACKING pc=0x00000214126eec8a sp=0x00000099ff2fcf70
Event: 5.701 Thread 0x000002142ad4c1e0 DEOPT UNPACKING pc=0x0000021411e0e23f sp=0x00000099ff2fc3c0 mode 0
Event: 6.108 Thread 0x000002142ad4c1e0 DEOPT PACKING pc=0x00000214126eec8a sp=0x00000099ff2fb130
Event: 6.108 Thread 0x000002142ad4c1e0 DEOPT UNPACKING pc=0x0000021411e0e23f sp=0x00000099ff2fa580 mode 0
Event: 6.112 Thread 0x000002142ad4c1e0 Uncommon trap: trap_request=0xffffff45 fr.pc=0x00000214199afe2c relative=0x000000000000034c
Event: 6.112 Thread 0x000002142ad4c1e0 Uncommon trap: reason=unstable_if action=reinterpret pc=0x00000214199afe2c method=java.awt.MultipleGradientPaintContext.indexIntoGradientsArrays(F)I @ 93 c2
Event: 6.112 Thread 0x000002142ad4c1e0 DEOPT PACKING pc=0x00000214199afe2c sp=0x00000099ff2fb220
Event: 6.112 Thread 0x000002142ad4c1e0 DEOPT UNPACKING pc=0x0000021411e0e42f sp=0x00000099ff2fb1b8 mode 2
Event: 6.112 Thread 0x000002142ad4c1e0 DEOPT PACKING pc=0x00000214126e7970 sp=0x00000099ff2fb230
Event: 6.112 Thread 0x000002142ad4c1e0 DEOPT UNPACKING pc=0x0000021411e0e23f sp=0x00000099ff2fa5f8 mode 0
Event: 6.119 Thread 0x000002142ad4c1e0 DEOPT PACKING pc=0x00000214126e7970 sp=0x00000099ff2fb1c0
Event: 6.119 Thread 0x000002142ad4c1e0 DEOPT UNPACKING pc=0x0000021411e0e23f sp=0x00000099ff2fa588 mode 0
Event: 6.125 Thread 0x000002142ad4c1e0 DEOPT PACKING pc=0x00000214126eec8a sp=0x00000099ff2fb960
Event: 6.125 Thread 0x000002142ad4c1e0 DEOPT UNPACKING pc=0x0000021411e0e23f sp=0x00000099ff2fadb0 mode 0

Classes unloaded (0 events):
No events

Classes redefined (0 events):
No events

Internal exceptions (20 events):
Event: 0.245 Thread 0x0000021409b7ccb0 Exception <a 'java/lang/ClassNotFoundException'{0x00000000887815b8}: ToolBar> (0x00000000887815b8) 
thrown [./open/src/hotspot/share/classfile/systemDictionary.cpp, line 295]
Event: 0.245 Thread 0x0000021409b7ccb0 Exception <a 'java/lang/ClassNotFoundException'{0x0000000088781ab0}: ToolBar> (0x0000000088781ab0) 
thrown [./open/src/hotspot/share/classfile/systemDictionary.cpp, line 295]
Event: 0.245 Thread 0x0000021409b7ccb0 Exception <a 'java/lang/ClassNotFoundException'{0x0000000088781e10}: Button> (0x0000000088781e10) 
thrown [./open/src/hotspot/share/classfile/systemDictionary.cpp, line 295]
Event: 0.245 Thread 0x0000021409b7ccb0 Exception <a 'java/lang/ClassNotFoundException'{0x00000000887822d8}: ToolBar> (0x00000000887822d8) 
thrown [./open/src/hotspot/share/classfile/systemDictionary.cpp, line 295]
Event: 0.245 Thread 0x0000021409b7ccb0 Exception <a 'java/lang/ClassNotFoundException'{0x0000000088782648}: ToggleButton> (0x0000000088782648) 
thrown [./open/src/hotspot/share/classfile/systemDictionary.cpp, line 295]
Event: 0.245 Thread 0x0000021409b7ccb0 Exception <a 'java/lang/ClassNotFoundException'{0x0000000088782a88}: javax/swing/JToolBarSeparator> (0x0000000088782a88) 
thrown [./open/src/hotspot/share/classfile/systemDictionary.cpp, line 295]
Event: 0.245 Thread 0x0000021409b7ccb0 Exception <a 'java/lang/ClassNotFoundException'{0x0000000088782d90}: ToolBarSeparator> (0x0000000088782d90) 
thrown [./open/src/hotspot/share/classfile/systemDictionary.cpp, line 295]
Event: 0.245 Thread 0x0000021409b7ccb0 Exception <a 'java/lang/ClassNotFoundException'{0x00000000887832a8}: ToolTip> (0x00000000887832a8) 
thrown [./open/src/hotspot/share/classfile/systemDictionary.cpp, line 295]
Event: 0.246 Thread 0x0000021409b7ccb0 Exception <a 'java/lang/ClassNotFoundException'{0x0000000088783bf8}: Tree> (0x0000000088783bf8) 
thrown [./open/src/hotspot/share/classfile/systemDictionary.cpp, line 295]
Event: 0.246 Thread 0x0000021409b7ccb0 Exception <a 'java/lang/ClassNotFoundException'{0x00000000887840f0}: Tree> (0x00000000887840f0) 
thrown [./open/src/hotspot/share/classfile/systemDictionary.cpp, line 295]
Event: 0.246 Thread 0x0000021409b7ccb0 Exception <a 'java/lang/ClassNotFoundException'{0x0000000088784460}: javax/swing/JTreeCell> (0x0000000088784460) 
thrown [./open/src/hotspot/share/classfile/systemDictionary.cpp, line 295]
Event: 0.246 Thread 0x0000021409b7ccb0 Exception <a 'java/lang/ClassNotFoundException'{0x0000000088784760}: TreeCell> (0x0000000088784760) 
thrown [./open/src/hotspot/share/classfile/systemDictionary.cpp, line 295]
Event: 0.246 Thread 0x0000021409b7ccb0 Exception <a 'java/lang/ClassNotFoundException'{0x0000000088784f20}: RootPane> (0x0000000088784f20) 
thrown [./open/src/hotspot/share/classfile/systemDictionary.cpp, line 295]
Event: 0.248 Thread 0x0000021409b7ccb0 Exception <a 'java/lang/ClassNotFoundException'{0x0000000088787d70}: com/sun/swing/internal/plaf/metal/resources/spi/metalProvider> (0x0000000088787d70) 
thrown [./open/src/hotspot/share/classfile/systemDictionary.cpp, line 295]
Event: 0.248 Thread 0x0000021409b7ccb0 Exception <a 'java/lang/ClassNotFoundException'{0x000000008878bd88}: com/sun/swing/internal/plaf/basic/resources/spi/basicProvider> (0x000000008878bd88) 
thrown [./open/src/hotspot/share/classfile/systemDictionary.cpp, line 295]
Event: 0.396 Thread 0x000002142ad4c1e0 Exception <a 'java/lang/ClassNotFoundException'{0x000000008860c000}: com/sun/swing/internal/plaf/synth/resources/spi/synthProvider> (0x000000008860c000) 
thrown [./open/src/hotspot/share/classfile/systemDictionary.cpp, line 295]
Event: 0.439 Thread 0x000002142ad4c1e0 Exception <a 'java/lang/NoSuchMethodError'{0x0000000088691540}: 'void java.lang.invoke.DirectMethodHandle$Holder.invokeStaticInit(java.lang.Object)'> (0x0000000088691540) 
thrown [./open/src/hotspot/share/interpreter/linkResolver.cpp, line 782]
Event: 5.848 Thread 0x000002142ad4c1e0 Exception <a 'java/lang/NoSuchMethodError'{0x000000008810f468}: 'java.lang.Object java.lang.invoke.DirectMethodHandle$Holder.invokeInterface(java.lang.Object, java.lang.Object)'> (0x000000008810f468) 
thrown [./open/src/hotspot/share/interpreter/linkResolver.cpp, line 782]
Event: 5.996 Thread 0x000002142ad4c1e0 Exception <a 'java/lang/NoSuchMethodError'{0x0000000087c86328}: 'void java.lang.invoke.DirectMethodHandle$Holder.invokeStatic(java.lang.Object, java.lang.Object)'> (0x0000000087c86328) 
thrown [./open/src/hotspot/share/interpreter/linkResolver.cpp, line 782]
Event: 6.104 Thread 0x000002142ad4c1e0 Exception <a 'java/lang/NoSuchMethodError'{0x0000000087b77950}: 'int java.lang.invoke.DirectMethodHandle$Holder.invokeStatic(java.lang.Object)'> (0x0000000087b77950) 
thrown [./open/src/hotspot/share/interpreter/linkResolver.cpp, line 782]

Events (20 events):
Event: 6.103 loading class java/util/Vector$Itr done
Event: 6.105 loading class java/awt/WaitDispatchSupport
Event: 6.105 loading class java/awt/SecondaryLoop
Event: 6.105 loading class java/awt/SecondaryLoop done
Event: 6.105 loading class java/awt/WaitDispatchSupport done
Event: 6.105 loading class java/awt/WaitDispatchSupport$5
Event: 6.105 loading class java/awt/WaitDispatchSupport$5 done
Event: 6.105 loading class java/awt/WaitDispatchSupport$1
Event: 6.105 loading class java/awt/WaitDispatchSupport$1 done
Event: 6.105 loading class java/awt/WaitDispatchSupport$2
Event: 6.105 loading class java/awt/WaitDispatchSupport$2 done
Event: 6.105 loading class java/awt/WaitDispatchSupport$4
Event: 6.105 loading class java/awt/WaitDispatchSupport$4 done
Event: 6.109 loading class javax/swing/plaf/synth/SynthGraphicsUtils$SynthIconWrapper
Event: 6.109 loading class javax/swing/plaf/synth/SynthGraphicsUtils$SynthIconWrapper done
Event: 6.109 loading class javax/swing/plaf/nimbus/OptionPanePainter
Event: 6.109 loading class javax/swing/plaf/nimbus/OptionPanePainter done
Event: 6.111 loading class java/awt/geom/EllipseIterator
Event: 6.111 loading class java/awt/geom/EllipseIterator done
Event: 6.119 Thread 0x0000021431c7edf0 Thread added: 0x0000021431c7edf0


Dynamic libraries:
0x00007ff7d0380000 - 0x00007ff7d038f000 	D:\Softwares\Java\bin\java.exe
0x00007fff75790000 - 0x00007fff75986000 	C:\Windows\SYSTEM32\ntdll.dll
0x00007fff75690000 - 0x00007fff7574d000 	C:\Windows\System32\KERNEL32.DLL
0x00007fff73200000 - 0x00007fff734c8000 	C:\Windows\System32\KERNELBASE.dll
0x00007fff734d0000 - 0x00007fff735d0000 	C:\Windows\System32\ucrtbase.dll
0x00007fff6e6d0000 - 0x00007fff6e6e9000 	D:\Softwares\Java\bin\VCRUNTIME140.dll
0x00007fff6bcf0000 - 0x00007fff6bd08000 	D:\Softwares\Java\bin\jli.dll
0x00007fff74610000 - 0x00007fff746bc000 	C:\Windows\System32\ADVAPI32.dll
0x00007fff73d20000 - 0x00007fff73dbe000 	C:\Windows\System32\msvcrt.dll
0x00007fff74020000 - 0x00007fff740bb000 	C:\Windows\System32\sechost.dll
0x00007fff739a0000 - 0x00007fff73ac4000 	C:\Windows\System32\RPCRT4.dll
0x00007fff73e70000 - 0x00007fff74010000 	C:\Windows\System32\USER32.dll
0x00007fff73740000 - 0x00007fff73762000 	C:\Windows\System32\win32u.dll
0x00007fff5cef0000 - 0x00007fff5d18b000 	C:\Windows\WinSxS\amd64_microsoft.windows.common-controls_6595b64144ccf1df_6.0.19041.488_none_ca04af081b815d21\COMCTL32.dll
0x00007fff73dc0000 - 0x00007fff73dea000 	C:\Windows\System32\GDI32.dll
0x00007fff73630000 - 0x00007fff73739000 	C:\Windows\System32\gdi32full.dll
0x00007fff72ed0000 - 0x00007fff72f6d000 	C:\Windows\System32\msvcp_win.dll
0x00007fff6d5e0000 - 0x00007fff6d5ea000 	C:\Windows\SYSTEM32\VERSION.dll
0x00007fff75220000 - 0x00007fff75250000 	C:\Windows\System32\IMM32.DLL
0x00007fff706c0000 - 0x00007fff706cc000 	D:\Softwares\Java\bin\vcruntime140_1.dll
0x00007fff69ac0000 - 0x00007fff69b51000 	D:\Softwares\Java\bin\msvcp140.dll
0x00007fff38490000 - 0x00007fff38fee000 	D:\Softwares\Java\bin\server\jvm.dll
0x00007fff73b30000 - 0x00007fff73b38000 	C:\Windows\System32\PSAPI.DLL
0x00007fff706d0000 - 0x00007fff706d9000 	C:\Windows\SYSTEM32\WSOCK32.dll
0x00007fff643e0000 - 0x00007fff64407000 	C:\Windows\SYSTEM32\WINMM.dll
0x00007fff74930000 - 0x00007fff7499b000 	C:\Windows\System32\WS2_32.dll
0x00007fff70e40000 - 0x00007fff70e52000 	C:\Windows\SYSTEM32\kernel.appcore.dll
0x00007fff70600000 - 0x00007fff7060a000 	D:\Softwares\Java\bin\jimage.dll
0x00007fff5df20000 - 0x00007fff5e104000 	C:\Windows\SYSTEM32\DBGHELP.DLL
0x00007fff5dc10000 - 0x00007fff5dc3c000 	C:\Windows\SYSTEM32\dbgcore.DLL
0x00007fff73770000 - 0x00007fff737ef000 	C:\Windows\System32\bcryptPrimitives.dll
0x00007fff6c8a0000 - 0x00007fff6c8c5000 	D:\Softwares\Java\bin\java.dll
0x00007fff749a0000 - 0x00007fff750e1000 	C:\Windows\System32\SHELL32.dll
0x00007fff71040000 - 0x00007fff717d5000 	C:\Windows\SYSTEM32\windows.storage.dll
0x00007fff75310000 - 0x00007fff75665000 	C:\Windows\System32\combase.dll
0x00007fff728d0000 - 0x00007fff728fc000 	C:\Windows\SYSTEM32\Wldp.dll
0x00007fff74720000 - 0x00007fff747ce000 	C:\Windows\System32\SHCORE.dll
0x00007fff73cc0000 - 0x00007fff73d15000 	C:\Windows\System32\shlwapi.dll
0x00007fff72e00000 - 0x00007fff72e26000 	C:\Windows\SYSTEM32\profapi.dll
0x00007fff6c7a0000 - 0x00007fff6c7b9000 	D:\Softwares\Java\bin\net.dll
0x00007fff6b9a0000 - 0x00007fff6baa0000 	C:\Windows\SYSTEM32\WINHTTP.dll
0x00007fff725f0000 - 0x00007fff7265a000 	C:\Windows\system32\mswsock.dll
0x00007fff6c780000 - 0x00007fff6c792000 	D:\Softwares\Java\bin\nio.dll
0x00007fff6c090000 - 0x00007fff6c0a8000 	D:\Softwares\Java\bin\zip.dll
0x00007fff4a160000 - 0x00007fff4a2e0000 	D:\Softwares\Java\bin\awt.dll
0x00007fff74860000 - 0x00007fff7492d000 	C:\Windows\System32\OLEAUT32.dll
0x00007fff707f0000 - 0x00007fff70880000 	C:\Windows\SYSTEM32\apphelp.dll
0x00007fff70980000 - 0x00007fff70a1e000 	C:\Windows\system32\uxtheme.dll
0x00007fff73ba0000 - 0x00007fff73cb5000 	C:\Windows\System32\MSCTF.dll
0x00007fff444c0000 - 0x00007fff445bc000 	C:\ProgramData\A-Volute\A-Volute.Nahimic\Modules\Scheduled\x64\A-Volute.NahimicDevProps2.dll
0x00007fff750f0000 - 0x00007fff7521a000 	C:\Windows\System32\ole32.dll
0x00007fff70c60000 - 0x00007fff70c8f000 	C:\Windows\system32\DWMAPI.DLL
0x00007fff57480000 - 0x00007fff57505000 	D:\Softwares\Java\bin\freetype.dll
0x00007fff55030000 - 0x00007fff550d9000 	D:\Softwares\Java\bin\fontmanager.dll
0x00007fff54e10000 - 0x00007fff54f35000 	C:\Windows\system32\opengl32.dll
0x00007fff69250000 - 0x00007fff6927c000 	C:\Windows\SYSTEM32\GLU32.dll
0x00007fff6b710000 - 0x00007fff6b8de000 	C:\Windows\system32\d3d9.dll
0x00007fff69b60000 - 0x00007fff69c62000 	C:\Windows\System32\DriverStore\FileRepository\nv_dispi.inf_amd64_372920ce6be76248\nvldumdx.dll
0x00007fff72ac0000 - 0x00007fff72ad2000 	C:\Windows\SYSTEM32\msasn1.dll
0x00007fff6d5a0000 - 0x00007fff6d5d1000 	C:\Windows\SYSTEM32\cryptnet.dll
0x00007fff72fc0000 - 0x00007fff7311d000 	C:\Windows\System32\CRYPT32.dll
0x00007fff727e0000 - 0x00007fff727ec000 	C:\Windows\SYSTEM32\cryptbase.dll
0x00007fff735d0000 - 0x00007fff73630000 	C:\Windows\System32\WINTRUST.DLL
0x00007fff75670000 - 0x00007fff7568d000 	C:\Windows\System32\imagehlp.dll
0x00007fff727c0000 - 0x00007fff727d8000 	C:\Windows\SYSTEM32\CRYPTSP.dll
0x00007fff71f80000 - 0x00007fff71fb4000 	C:\Windows\system32\rsaenh.dll
0x00007fff731d0000 - 0x00007fff731f7000 	C:\Windows\System32\bcrypt.dll
0x00007fff242c0000 - 0x00007fff25cdc000 	C:\Windows\System32\DriverStore\FileRepository\nv_dispi.inf_amd64_372920ce6be76248\nvd3dumx.dll
0x00007fff398f0000 - 0x00007fff39ba9000 	C:\Windows\system32\nvspcap64.dll
0x00007fff71c10000 - 0x00007fff71c43000 	C:\Windows\SYSTEM32\ntmarta.dll
0x00007fff717f0000 - 0x00007fff71813000 	C:\Windows\SYSTEM32\gpapi.dll
0x00007fff6b8f0000 - 0x00007fff6b92b000 	C:\Windows\SYSTEM32\dxcore.dll
0x00007fff72f70000 - 0x00007fff72fbe000 	C:\Windows\System32\cfgmgr32.dll
0x00007fff75250000 - 0x00007fff752f9000 	C:\Windows\System32\clbcatq.dll
0x00007fff6c5b0000 - 0x00007fff6c764000 	C:\Windows\SYSTEM32\WindowsCodecs.dll
0x00007fff67db0000 - 0x00007fff67dee000 	C:\Windows\system32\dataexchange.dll
0x00007fff6f6c0000 - 0x00007fff6f924000 	C:\Windows\system32\d3d11.dll
0x00007fff6fbd0000 - 0x00007fff6fdb5000 	C:\Windows\system32\dcomp.dll
0x00007fff71820000 - 0x00007fff71913000 	C:\Windows\system32\dxgi.dll
0x00007fff6c990000 - 0x00007fff6cb98000 	C:\Windows\system32\twinapi.appcore.dll
0x00007fff5f5a0000 - 0x00007fff5f69c000 	C:\Windows\SYSTEM32\textinputframework.dll
0x00007fff704b0000 - 0x00007fff705a2000 	C:\Windows\System32\CoreMessaging.dll
0x00007fff70140000 - 0x00007fff7049e000 	C:\Windows\System32\CoreUIComponents.dll
0x00007fff6fa70000 - 0x00007fff6fbc6000 	C:\Windows\SYSTEM32\wintypes.dll
0x00007fff6ff00000 - 0x00007fff6ff10000 	D:\Softwares\Java\bin\verify.dll
0x00007fff72320000 - 0x00007fff723eb000 	C:\Windows\SYSTEM32\DNSAPI.dll
0x00007fff722e0000 - 0x00007fff7231b000 	C:\Windows\SYSTEM32\IPHLPAPI.DLL
0x0000021433830000 - 0x0000021433838000 	C:\Windows\System32\NSI.dll
0x00007fff64260000 - 0x00007fff6426a000 	C:\Windows\System32\rasadhlp.dll
0x00007fff67df0000 - 0x00007fff67e6f000 	C:\Windows\System32\fwpuclnt.dll

dbghelp: loaded successfully - version: 4.0.5 - missing functions: none
symbol engine: initialized successfully - sym options: 0x614 - pdb path: .;D:\Softwares\Java\bin;C:\Windows\SYSTEM32;C:\Windows\WinSxS\amd64_microsoft.windows.common-controls_6595b64144ccf1df_6.0.19041.488_none_ca04af081b815d21;D:\Softwares\Java\bin\server;C:\ProgramData\A-Volute\A-Volute.Nahimic\Modules\Scheduled\x64;C:\Windows\System32\DriverStore\FileRepository\nv_dispi.inf_amd64_372920ce6be76248

VM Arguments:
jvm_args: -Dfile.encoding=UTF-8 
java_command: MainFrame
java_class_path (initial): C:\Users\cs949\OneDrive\Desktop\OnlineExamSystem\mysql-connector-java-5.1.49\mysql-connector-java-5.1.49-bin.jar;C:\Users\cs949\OneDrive\Desktop\OnlineExamSystem\mysql-connector-java-5.1.49\mysql-connector-java-5.1.49.jar;C:\Users\cs949\OneDrive\Desktop\OnlineExamSystem\OnlineExamSys\build\classes
Launcher Type: SUN_STANDARD

[Global flags]
     intx CICompilerCount                          = 12                                        {product} {ergonomic}
     uint ConcGCThreads                            = 3                                         {product} {ergonomic}
     uint G1ConcRefinementThreads                  = 13                                        {product} {ergonomic}
   size_t G1HeapRegionSize                         = 1048576                                   {product} {ergonomic}
    uintx GCDrainStackTargetSize                   = 64                                        {product} {ergonomic}
   size_t InitialHeapSize                          = 134217728                                 {product} {ergonomic}
   size_t MarkStackSize                            = 4194304                                   {product} {ergonomic}
   size_t MaxHeapSize                              = 2134900736                                {product} {ergonomic}
   size_t MaxNewSize                               = 1280311296                                {product} {ergonomic}
   size_t MinHeapDeltaBytes                        = 1048576                                   {product} {ergonomic}
   size_t MinHeapSize                              = 8388608                                   {product} {ergonomic}
    uintx NonNMethodCodeHeapSize                   = 7602480                                {pd product} {ergonomic}
    uintx NonProfiledCodeHeapSize                  = 122027880                              {pd product} {ergonomic}
    uintx ProfiledCodeHeapSize                     = 122027880                              {pd product} {ergonomic}
    uintx ReservedCodeCacheSize                    = 251658240                              {pd product} {ergonomic}
     bool SegmentedCodeCache                       = true                                      {product} {ergonomic}
   size_t SoftMaxHeapSize                          = 2134900736                             {manageable} {ergonomic}
     bool UseCompressedClassPointers               = true                                 {lp64_product} {ergonomic}
     bool UseCompressedOops                        = true                                 {lp64_product} {ergonomic}
     bool UseG1GC                                  = true                                      {product} {ergonomic}
     bool UseLargePagesIndividualAllocation        = false                                  {pd product} {ergonomic}

Logging:
Log output configuration:
 #0: stdout all=warning uptime,level,tags
 #1: stderr all=off uptime,level,tags

Environment Variables:
PATH=C:\Program Files\Common Files\Oracle\Java\javapath;C:\Windows\system32;C:\Windows;C:\Windows\System32\Wbem;C:\Windows\System32\WindowsPowerShell\v1.0\;C:\Windows\System32\OpenSSH\;C:\Program Files\NVIDIA Corporation\NVIDIA NvDLISR;C:\Program Files (x86)\NVIDIA Corporation\PhysX\Common;C:\Users\cs949\AppData\Local\Microsoft\WindowsApps
USERNAME=cs949
OS=Windows_NT
PROCESSOR_IDENTIFIER=AMD64 Family 23 Model 8 Stepping 2, AuthenticAMD



---------------  S Y S T E M  ---------------

OS:
 Windows 10 , 64 bit Build 19041 (10.0.19041.546)
OS uptime: 2 days 6:02 hours

CPU: total 16 (initial active 16) (16 cores per cpu, 2 threads per core) family 23 model 8 stepping 2 microcode 0x0, cmov, cx8, fxsr, mmx, sse, sse2, sse3, ssse3, sse4.1, sse4.2, popcnt, vzeroupper, avx, avx2, aes, clmul, 3dnowpref, lzcnt, sse4a, ht, tsc, tscinvbit, tscinv, bmi1, bmi2, adx, sha, fma, clflush, clflushopt

Memory: 4k page, system-wide physical 8141M (2293M free)
TotalPageFile size 8141M (AvailPageFile size 5M)
current process WorkingSet (physical memory assigned to process): 107M, peak: 108M
current process commit charge ("private bytes"): 280M, peak: 282M

vm_info: Java HotSpot(TM) 64-Bit Server VM (15.0.1+9-18) for windows-amd64 JRE (15.0.1+9-18), built on Sep 15 2020 14:43:54 by "mach5one" with unknown MS VC++:1925

END.
