#
# There is insufficient memory for the Java Runtime Environment to continue.
# Native memory allocation (malloc) failed to allocate 248832 bytes for Chunk::new
# Possible reasons:
#   The system is out of physical RAM or swap space
#   The process is running with CompressedOops enabled, and the Java Heap may be blocking the growth of the native heap
# Possible solutions:
#   Reduce memory load on the system
#   Increase physical memory or swap space
#   Check if swap backing store is full
#   Decrease Java heap size (-Xmx/-Xms)
#   Decrease number of Java threads
#   Decrease Java thread stack sizes (-Xss)
#   Set larger code cache with -XX:ReservedCodeCacheSize=
#   JVM is running with Unscaled Compressed Oops mode in which the Java heap is
#     placed in the first 4GB address space. The Java Heap base address is the
#     maximum limit for the native heap growth. Please use -XX:HeapBaseMinAddress
#     to set the Java Heap base and to place the Java Heap above 4GB virtual address.
# This output file may be truncated or incomplete.
#
#  Out of Memory Error (./open/src/hotspot/share/memory/arena.cpp:195), pid=4264, tid=8460
#
# JRE version: Java(TM) SE Runtime Environment (15.0.1+9) (build 15.0.1+9-18)
# Java VM: Java HotSpot(TM) 64-Bit Server VM (15.0.1+9-18, mixed mode, sharing, tiered, compressed oops, g1 gc, windows-amd64)
# No core dump will be written. Minidumps are not enabled by default on client versions of Windows
#

---------------  S U M M A R Y ------------

Command Line: -Dfile.encoding=UTF-8 MainFrame

Host: AMD Ryzen 7 2700 Eight-Core Processor          , 16 cores, 7G,  Windows 10 , 64 bit Build 19041 (10.0.19041.662)
Time: Mon Dec 14 12:08:55 2020 India Standard Time elapsed time: 0.681173 seconds (0d 0h 0m 0s)

---------------  T H R E A D  ---------------

Current thread (0x000002057c53d580):  JavaThread "C2 CompilerThread1" daemon [_thread_in_native, id=8460, stack(0x000000862d100000,0x000000862d200000)]


Current CompileTask:
C2:    681 1103 %     4       sun.java2d.marlin.MarlinTileGenerator::getAlphaRLE @ 1249 (1749 bytes)

Stack: [0x000000862d100000,0x000000862d200000]
Native frames: (J=compiled Java code, j=interpreted, Vv=VM code, C=native code)
V  [jvm.dll+0x62ae9a]
V  [jvm.dll+0x781389]
V  [jvm.dll+0x782ae3]
V  [jvm.dll+0x783143]
V  [jvm.dll+0x216265]
V  [jvm.dll+0x97efa]
V  [jvm.dll+0x985dc]
V  [jvm.dll+0x32e525]
V  [jvm.dll+0x2f78aa]
V  [jvm.dll+0x2f6c6a]
V  [jvm.dll+0x1ea645]
V  [jvm.dll+0x1e98ae]
V  [jvm.dll+0x1784c7]
V  [jvm.dll+0x1f9165]
V  [jvm.dll+0x1f720c]
V  [jvm.dll+0x74485d]
V  [jvm.dll+0x73d65a]
V  [jvm.dll+0x629c56]
C  [ucrtbase.dll+0x214c2]
C  [KERNEL32.DLL+0x17034]
C  [ntdll.dll+0x4d0d1]


---------------  P R O C E S S  ---------------

Threads class SMR info:
_java_thread_list=0x000002057c3caad0, length=20, elements={
0x000002057b1b67c0, 0x000002057b1b72a0, 0x000002057b1ce4e0, 0x000002057b1ceea0,
0x000002057b1cf860, 0x000002057b1d1610, 0x000002057b1e04f0, 0x000002057b1eb610,
0x000002057bc0cbd0, 0x000002057bc0d0e0, 0x000002057bc1da30, 0x000002057bc433c0,
0x000002057bf16ef0, 0x000002057c068d50, 0x000002057c069220, 0x000002057c1225e0,
0x000002056abdee90, 0x000002057c7802b0, 0x000002057c402980, 0x000002057c53d580
}

Java Threads: ( => current thread )
  0x000002057b1b67c0 JavaThread "Reference Handler" daemon [_thread_blocked, id=5900, stack(0x000000862bc00000,0x000000862bd00000)]
  0x000002057b1b72a0 JavaThread "Finalizer" daemon [_thread_blocked, id=16332, stack(0x000000862bd00000,0x000000862be00000)]
  0x000002057b1ce4e0 JavaThread "Signal Dispatcher" daemon [_thread_blocked, id=12792, stack(0x000000862be00000,0x000000862bf00000)]
  0x000002057b1ceea0 JavaThread "Attach Listener" daemon [_thread_blocked, id=1956, stack(0x000000862bf00000,0x000000862c000000)]
  0x000002057b1cf860 JavaThread "Service Thread" daemon [_thread_blocked, id=2324, stack(0x000000862c000000,0x000000862c100000)]
  0x000002057b1d1610 JavaThread "C2 CompilerThread0" daemon [_thread_in_native, id=2240, stack(0x000000862c100000,0x000000862c200000)]
  0x000002057b1e04f0 JavaThread "C1 CompilerThread0" daemon [_thread_blocked, id=7032, stack(0x000000862c200000,0x000000862c300000)]
  0x000002057b1eb610 JavaThread "Sweeper thread" daemon [_thread_blocked, id=14436, stack(0x000000862c300000,0x000000862c400000)]
  0x000002057bc0cbd0 JavaThread "C1 CompilerThread1" daemon [_thread_blocked, id=1896, stack(0x000000862c400000,0x000000862c500000)]
  0x000002057bc0d0e0 JavaThread "C1 CompilerThread2" daemon [_thread_blocked, id=8164, stack(0x000000862c500000,0x000000862c600000)]
  0x000002057bc1da30 JavaThread "Notification Thread" daemon [_thread_blocked, id=5008, stack(0x000000862c600000,0x000000862c700000)]
  0x000002057bc433c0 JavaThread "Common-Cleaner" daemon [_thread_blocked, id=8396, stack(0x000000862c800000,0x000000862c900000)]
  0x000002057bf16ef0 JavaThread "Java2D Disposer" daemon [_thread_blocked, id=2688, stack(0x000000862c900000,0x000000862ca00000)]
  0x000002057c068d50 JavaThread "AWT-Shutdown" [_thread_blocked, id=7680, stack(0x000000862ca00000,0x000000862cb00000)]
  0x000002057c069220 JavaThread "AWT-Windows" daemon [_thread_in_native, id=716, stack(0x000000862cb00000,0x000000862cc00000)]
  0x000002057c1225e0 JavaThread "AWT-EventQueue-0" [_thread_in_Java, id=1368, stack(0x000000862cc00000,0x000000862cd00000)]
  0x000002056abdee90 JavaThread "DestroyJavaVM" [_thread_blocked, id=3676, stack(0x000000862b500000,0x000000862b600000)]
  0x000002057c7802b0 JavaThread "Image Fetcher 0" daemon [_thread_blocked, id=7208, stack(0x000000862cf00000,0x000000862d000000)]
  0x000002057c402980 JavaThread "C1 CompilerThread3" daemon [_thread_blocked, id=7352, stack(0x000000862d000000,0x000000862d100000)]
=>0x000002057c53d580 JavaThread "C2 CompilerThread1" daemon [_thread_in_native, id=8460, stack(0x000000862d100000,0x000000862d200000)]

Other Threads:
  0x000002057b1b3020 VMThread "VM Thread" [stack: 0x000000862bb00000,0x000000862bc00000] [id=8876]
  0x000002057bc2af10 WatcherThread [stack: 0x000000862c700000,0x000000862c800000] [id=13336]
  0x000002056ac1f380 GCTaskThread "GC Thread#0" [stack: 0x000000862b600000,0x000000862b700000] [id=15232]
  0x000002056ac32400 ConcurrentGCThread "G1 Main Marker" [stack: 0x000000862b700000,0x000000862b800000] [id=15348]
  0x000002056ac33720 ConcurrentGCThread "G1 Conc#0" [stack: 0x000000862b800000,0x000000862b900000] [id=14624]
  0x000002056acbdf60 ConcurrentGCThread "G1 Refine#0" [stack: 0x000000862b900000,0x000000862ba00000] [id=12572]
  0x000002056acbe830 ConcurrentGCThread "G1 Young RemSet Sampling" [stack: 0x000000862ba00000,0x000000862bb00000] [id=6488]

Threads with active compile tasks:
C2 CompilerThread0      704 1106 %     4       sun.java2d.marlin.DRenderer::_endRendering @ 784 (2480 bytes)
C2 CompilerThread1      704 1103 %     4       sun.java2d.marlin.MarlinTileGenerator::getAlphaRLE @ 1249 (1749 bytes)

VM state: not at safepoint (normal execution)

VM Mutex/Monitor currently owned by a thread: None

Heap address: 0x0000000080c00000, size: 2036 MB, Compressed Oops mode: 32-bit
CDS archive(s) mapped at: [0x0000000800000000-0x0000000800b50000-0x0000000800b50000), size 11862016, SharedBaseAddress: 0x0000000800000000, ArchiveRelocationMode: 0.
Compressed class space mapped at: 0x0000000800b50000-0x0000000840b50000, size: 1073741824
Narrow klass base: 0x0000000800000000, Narrow klass shift: 3, Narrow klass range: 0x100000000

GC Precious Log:
 CPUs: 16 total, 16 available
 Memory: 8141M
 Large Page Support: Disabled
 NUMA Support: Disabled
 Compressed Oops: Enabled (32-bit)
 Heap Region Size: 1M
 Heap Min Capacity: 8M
 Heap Initial Capacity: 128M
 Heap Max Capacity: 2036M
 Pre-touch: Disabled
 Parallel Workers: 13
 Concurrent Workers: 3
 Concurrent Refinement Workers: 13
 Periodic GC: Disabled

Heap:
 garbage-first heap   total 131072K, used 11264K [0x0000000080c00000, 0x0000000100000000)
  region size 1024K, 10 young (10240K), 0 survivors (0K)
 Metaspace       used 10886K, capacity 11083K, committed 11392K, reserved 1058816K
  class space    used 1246K, capacity 1317K, committed 1408K, reserved 1048576K

Heap Regions: E=young(eden), S=young(survivor), O=old, HS=humongous(starts), HC=humongous(continues), CS=collection set, F=free, OA=open archive, CA=closed archive, TAMS=top-at-mark-start (previous, next)
|   0|0x0000000080c00000, 0x0000000080d00000, 0x0000000080d00000|100%|HS|  |TAMS 0x0000000080c00000, 0x0000000080c00000| Complete 
|   1|0x0000000080d00000, 0x0000000080e00000, 0x0000000080e00000|100%|HC|  |TAMS 0x0000000080d00000, 0x0000000080d00000| Complete 
|   2|0x0000000080e00000, 0x0000000080e00000, 0x0000000080f00000|  0%| F|  |TAMS 0x0000000080e00000, 0x0000000080e00000| Untracked 
|   3|0x0000000080f00000, 0x0000000080f00000, 0x0000000081000000|  0%| F|  |TAMS 0x0000000080f00000, 0x0000000080f00000| Untracked 
|   4|0x0000000081000000, 0x0000000081000000, 0x0000000081100000|  0%| F|  |TAMS 0x0000000081000000, 0x0000000081000000| Untracked 
|   5|0x0000000081100000, 0x0000000081100000, 0x0000000081200000|  0%| F|  |TAMS 0x0000000081100000, 0x0000000081100000| Untracked 
|   6|0x0000000081200000, 0x0000000081200000, 0x0000000081300000|  0%| F|  |TAMS 0x0000000081200000, 0x0000000081200000| Untracked 
|   7|0x0000000081300000, 0x0000000081300000, 0x0000000081400000|  0%| F|  |TAMS 0x0000000081300000, 0x0000000081300000| Untracked 
|   8|0x0000000081400000, 0x0000000081400000, 0x0000000081500000|  0%| F|  |TAMS 0x0000000081400000, 0x0000000081400000| Untracked 
|   9|0x0000000081500000, 0x0000000081500000, 0x0000000081600000|  0%| F|  |TAMS 0x0000000081500000, 0x0000000081500000| Untracked 
|  10|0x0000000081600000, 0x0000000081600000, 0x0000000081700000|  0%| F|  |TAMS 0x0000000081600000, 0x0000000081600000| Untracked 
|  11|0x0000000081700000, 0x0000000081700000, 0x0000000081800000|  0%| F|  |TAMS 0x0000000081700000, 0x0000000081700000| Untracked 
|  12|0x0000000081800000, 0x0000000081800000, 0x0000000081900000|  0%| F|  |TAMS 0x0000000081800000, 0x0000000081800000| Untracked 
|  13|0x0000000081900000, 0x0000000081900000, 0x0000000081a00000|  0%| F|  |TAMS 0x0000000081900000, 0x0000000081900000| Untracked 
|  14|0x0000000081a00000, 0x0000000081a00000, 0x0000000081b00000|  0%| F|  |TAMS 0x0000000081a00000, 0x0000000081a00000| Untracked 
|  15|0x0000000081b00000, 0x0000000081b00000, 0x0000000081c00000|  0%| F|  |TAMS 0x0000000081b00000, 0x0000000081b00000| Untracked 
|  16|0x0000000081c00000, 0x0000000081c00000, 0x0000000081d00000|  0%| F|  |TAMS 0x0000000081c00000, 0x0000000081c00000| Untracked 
|  17|0x0000000081d00000, 0x0000000081d00000, 0x0000000081e00000|  0%| F|  |TAMS 0x0000000081d00000, 0x0000000081d00000| Untracked 
|  18|0x0000000081e00000, 0x0000000081e00000, 0x0000000081f00000|  0%| F|  |TAMS 0x0000000081e00000, 0x0000000081e00000| Untracked 
|  19|0x0000000081f00000, 0x0000000081f00000, 0x0000000082000000|  0%| F|  |TAMS 0x0000000081f00000, 0x0000000081f00000| Untracked 
|  20|0x0000000082000000, 0x0000000082000000, 0x0000000082100000|  0%| F|  |TAMS 0x0000000082000000, 0x0000000082000000| Untracked 
|  21|0x0000000082100000, 0x0000000082100000, 0x0000000082200000|  0%| F|  |TAMS 0x0000000082100000, 0x0000000082100000| Untracked 
|  22|0x0000000082200000, 0x0000000082200000, 0x0000000082300000|  0%| F|  |TAMS 0x0000000082200000, 0x0000000082200000| Untracked 
|  23|0x0000000082300000, 0x0000000082300000, 0x0000000082400000|  0%| F|  |TAMS 0x0000000082300000, 0x0000000082300000| Untracked 
|  24|0x0000000082400000, 0x0000000082400000, 0x0000000082500000|  0%| F|  |TAMS 0x0000000082400000, 0x0000000082400000| Untracked 
|  25|0x0000000082500000, 0x0000000082500000, 0x0000000082600000|  0%| F|  |TAMS 0x0000000082500000, 0x0000000082500000| Untracked 
|  26|0x0000000082600000, 0x0000000082600000, 0x0000000082700000|  0%| F|  |TAMS 0x0000000082600000, 0x0000000082600000| Untracked 
|  27|0x0000000082700000, 0x0000000082700000, 0x0000000082800000|  0%| F|  |TAMS 0x0000000082700000, 0x0000000082700000| Untracked 
|  28|0x0000000082800000, 0x0000000082800000, 0x0000000082900000|  0%| F|  |TAMS 0x0000000082800000, 0x0000000082800000| Untracked 
|  29|0x0000000082900000, 0x0000000082900000, 0x0000000082a00000|  0%| F|  |TAMS 0x0000000082900000, 0x0000000082900000| Untracked 
|  30|0x0000000082a00000, 0x0000000082a00000, 0x0000000082b00000|  0%| F|  |TAMS 0x0000000082a00000, 0x0000000082a00000| Untracked 
|  31|0x0000000082b00000, 0x0000000082b00000, 0x0000000082c00000|  0%| F|  |TAMS 0x0000000082b00000, 0x0000000082b00000| Untracked 
|  32|0x0000000082c00000, 0x0000000082c00000, 0x0000000082d00000|  0%| F|  |TAMS 0x0000000082c00000, 0x0000000082c00000| Untracked 
|  33|0x0000000082d00000, 0x0000000082d00000, 0x0000000082e00000|  0%| F|  |TAMS 0x0000000082d00000, 0x0000000082d00000| Untracked 
|  34|0x0000000082e00000, 0x0000000082e00000, 0x0000000082f00000|  0%| F|  |TAMS 0x0000000082e00000, 0x0000000082e00000| Untracked 
|  35|0x0000000082f00000, 0x0000000082f00000, 0x0000000083000000|  0%| F|  |TAMS 0x0000000082f00000, 0x0000000082f00000| Untracked 
|  36|0x0000000083000000, 0x0000000083000000, 0x0000000083100000|  0%| F|  |TAMS 0x0000000083000000, 0x0000000083000000| Untracked 
|  37|0x0000000083100000, 0x0000000083100000, 0x0000000083200000|  0%| F|  |TAMS 0x0000000083100000, 0x0000000083100000| Untracked 
|  38|0x0000000083200000, 0x0000000083200000, 0x0000000083300000|  0%| F|  |TAMS 0x0000000083200000, 0x0000000083200000| Untracked 
|  39|0x0000000083300000, 0x0000000083300000, 0x0000000083400000|  0%| F|  |TAMS 0x0000000083300000, 0x0000000083300000| Untracked 
|  40|0x0000000083400000, 0x0000000083400000, 0x0000000083500000|  0%| F|  |TAMS 0x0000000083400000, 0x0000000083400000| Untracked 
|  41|0x0000000083500000, 0x0000000083500000, 0x0000000083600000|  0%| F|  |TAMS 0x0000000083500000, 0x0000000083500000| Untracked 
|  42|0x0000000083600000, 0x0000000083600000, 0x0000000083700000|  0%| F|  |TAMS 0x0000000083600000, 0x0000000083600000| Untracked 
|  43|0x0000000083700000, 0x0000000083700000, 0x0000000083800000|  0%| F|  |TAMS 0x0000000083700000, 0x0000000083700000| Untracked 
|  44|0x0000000083800000, 0x0000000083800000, 0x0000000083900000|  0%| F|  |TAMS 0x0000000083800000, 0x0000000083800000| Untracked 
|  45|0x0000000083900000, 0x0000000083900000, 0x0000000083a00000|  0%| F|  |TAMS 0x0000000083900000, 0x0000000083900000| Untracked 
|  46|0x0000000083a00000, 0x0000000083a00000, 0x0000000083b00000|  0%| F|  |TAMS 0x0000000083a00000, 0x0000000083a00000| Untracked 
|  47|0x0000000083b00000, 0x0000000083b00000, 0x0000000083c00000|  0%| F|  |TAMS 0x0000000083b00000, 0x0000000083b00000| Untracked 
|  48|0x0000000083c00000, 0x0000000083c00000, 0x0000000083d00000|  0%| F|  |TAMS 0x0000000083c00000, 0x0000000083c00000| Untracked 
|  49|0x0000000083d00000, 0x0000000083d00000, 0x0000000083e00000|  0%| F|  |TAMS 0x0000000083d00000, 0x0000000083d00000| Untracked 
|  50|0x0000000083e00000, 0x0000000083e00000, 0x0000000083f00000|  0%| F|  |TAMS 0x0000000083e00000, 0x0000000083e00000| Untracked 
|  51|0x0000000083f00000, 0x0000000083f00000, 0x0000000084000000|  0%| F|  |TAMS 0x0000000083f00000, 0x0000000083f00000| Untracked 
|  52|0x0000000084000000, 0x0000000084000000, 0x0000000084100000|  0%| F|  |TAMS 0x0000000084000000, 0x0000000084000000| Untracked 
|  53|0x0000000084100000, 0x0000000084100000, 0x0000000084200000|  0%| F|  |TAMS 0x0000000084100000, 0x0000000084100000| Untracked 
|  54|0x0000000084200000, 0x0000000084200000, 0x0000000084300000|  0%| F|  |TAMS 0x0000000084200000, 0x0000000084200000| Untracked 
|  55|0x0000000084300000, 0x0000000084300000, 0x0000000084400000|  0%| F|  |TAMS 0x0000000084300000, 0x0000000084300000| Untracked 
|  56|0x0000000084400000, 0x0000000084400000, 0x0000000084500000|  0%| F|  |TAMS 0x0000000084400000, 0x0000000084400000| Untracked 
|  57|0x0000000084500000, 0x0000000084500000, 0x0000000084600000|  0%| F|  |TAMS 0x0000000084500000, 0x0000000084500000| Untracked 
|  58|0x0000000084600000, 0x0000000084600000, 0x0000000084700000|  0%| F|  |TAMS 0x0000000084600000, 0x0000000084600000| Untracked 
|  59|0x0000000084700000, 0x0000000084700000, 0x0000000084800000|  0%| F|  |TAMS 0x0000000084700000, 0x0000000084700000| Untracked 
|  60|0x0000000084800000, 0x0000000084800000, 0x0000000084900000|  0%| F|  |TAMS 0x0000000084800000, 0x0000000084800000| Untracked 
|  61|0x0000000084900000, 0x0000000084900000, 0x0000000084a00000|  0%| F|  |TAMS 0x0000000084900000, 0x0000000084900000| Untracked 
|  62|0x0000000084a00000, 0x0000000084a00000, 0x0000000084b00000|  0%| F|  |TAMS 0x0000000084a00000, 0x0000000084a00000| Untracked 
|  63|0x0000000084b00000, 0x0000000084b00000, 0x0000000084c00000|  0%| F|  |TAMS 0x0000000084b00000, 0x0000000084b00000| Untracked 
|  64|0x0000000084c00000, 0x0000000084c00000, 0x0000000084d00000|  0%| F|  |TAMS 0x0000000084c00000, 0x0000000084c00000| Untracked 
|  65|0x0000000084d00000, 0x0000000084d00000, 0x0000000084e00000|  0%| F|  |TAMS 0x0000000084d00000, 0x0000000084d00000| Untracked 
|  66|0x0000000084e00000, 0x0000000084e00000, 0x0000000084f00000|  0%| F|  |TAMS 0x0000000084e00000, 0x0000000084e00000| Untracked 
|  67|0x0000000084f00000, 0x0000000084f00000, 0x0000000085000000|  0%| F|  |TAMS 0x0000000084f00000, 0x0000000084f00000| Untracked 
|  68|0x0000000085000000, 0x0000000085000000, 0x0000000085100000|  0%| F|  |TAMS 0x0000000085000000, 0x0000000085000000| Untracked 
|  69|0x0000000085100000, 0x0000000085100000, 0x0000000085200000|  0%| F|  |TAMS 0x0000000085100000, 0x0000000085100000| Untracked 
|  70|0x0000000085200000, 0x0000000085200000, 0x0000000085300000|  0%| F|  |TAMS 0x0000000085200000, 0x0000000085200000| Untracked 
|  71|0x0000000085300000, 0x0000000085300000, 0x0000000085400000|  0%| F|  |TAMS 0x0000000085300000, 0x0000000085300000| Untracked 
|  72|0x0000000085400000, 0x0000000085400000, 0x0000000085500000|  0%| F|  |TAMS 0x0000000085400000, 0x0000000085400000| Untracked 
|  73|0x0000000085500000, 0x0000000085500000, 0x0000000085600000|  0%| F|  |TAMS 0x0000000085500000, 0x0000000085500000| Untracked 
|  74|0x0000000085600000, 0x0000000085600000, 0x0000000085700000|  0%| F|  |TAMS 0x0000000085600000, 0x0000000085600000| Untracked 
|  75|0x0000000085700000, 0x0000000085700000, 0x0000000085800000|  0%| F|  |TAMS 0x0000000085700000, 0x0000000085700000| Untracked 
|  76|0x0000000085800000, 0x0000000085800000, 0x0000000085900000|  0%| F|  |TAMS 0x0000000085800000, 0x0000000085800000| Untracked 
|  77|0x0000000085900000, 0x0000000085900000, 0x0000000085a00000|  0%| F|  |TAMS 0x0000000085900000, 0x0000000085900000| Untracked 
|  78|0x0000000085a00000, 0x0000000085a00000, 0x0000000085b00000|  0%| F|  |TAMS 0x0000000085a00000, 0x0000000085a00000| Untracked 
|  79|0x0000000085b00000, 0x0000000085b00000, 0x0000000085c00000|  0%| F|  |TAMS 0x0000000085b00000, 0x0000000085b00000| Untracked 
|  80|0x0000000085c00000, 0x0000000085c00000, 0x0000000085d00000|  0%| F|  |TAMS 0x0000000085c00000, 0x0000000085c00000| Untracked 
|  81|0x0000000085d00000, 0x0000000085d00000, 0x0000000085e00000|  0%| F|  |TAMS 0x0000000085d00000, 0x0000000085d00000| Untracked 
|  82|0x0000000085e00000, 0x0000000085e00000, 0x0000000085f00000|  0%| F|  |TAMS 0x0000000085e00000, 0x0000000085e00000| Untracked 
|  83|0x0000000085f00000, 0x0000000085f00000, 0x0000000086000000|  0%| F|  |TAMS 0x0000000085f00000, 0x0000000085f00000| Untracked 
|  84|0x0000000086000000, 0x0000000086000000, 0x0000000086100000|  0%| F|  |TAMS 0x0000000086000000, 0x0000000086000000| Untracked 
|  85|0x0000000086100000, 0x0000000086100000, 0x0000000086200000|  0%| F|  |TAMS 0x0000000086100000, 0x0000000086100000| Untracked 
|  86|0x0000000086200000, 0x0000000086200000, 0x0000000086300000|  0%| F|  |TAMS 0x0000000086200000, 0x0000000086200000| Untracked 
|  87|0x0000000086300000, 0x0000000086300000, 0x0000000086400000|  0%| F|  |TAMS 0x0000000086300000, 0x0000000086300000| Untracked 
|  88|0x0000000086400000, 0x0000000086400000, 0x0000000086500000|  0%| F|  |TAMS 0x0000000086400000, 0x0000000086400000| Untracked 
|  89|0x0000000086500000, 0x0000000086500000, 0x0000000086600000|  0%| F|  |TAMS 0x0000000086500000, 0x0000000086500000| Untracked 
|  90|0x0000000086600000, 0x0000000086600000, 0x0000000086700000|  0%| F|  |TAMS 0x0000000086600000, 0x0000000086600000| Untracked 
|  91|0x0000000086700000, 0x0000000086700000, 0x0000000086800000|  0%| F|  |TAMS 0x0000000086700000, 0x0000000086700000| Untracked 
|  92|0x0000000086800000, 0x0000000086800000, 0x0000000086900000|  0%| F|  |TAMS 0x0000000086800000, 0x0000000086800000| Untracked 
|  93|0x0000000086900000, 0x0000000086900000, 0x0000000086a00000|  0%| F|  |TAMS 0x0000000086900000, 0x0000000086900000| Untracked 
|  94|0x0000000086a00000, 0x0000000086a00000, 0x0000000086b00000|  0%| F|  |TAMS 0x0000000086a00000, 0x0000000086a00000| Untracked 
|  95|0x0000000086b00000, 0x0000000086b00000, 0x0000000086c00000|  0%| F|  |TAMS 0x0000000086b00000, 0x0000000086b00000| Untracked 
|  96|0x0000000086c00000, 0x0000000086c00000, 0x0000000086d00000|  0%| F|  |TAMS 0x0000000086c00000, 0x0000000086c00000| Untracked 
|  97|0x0000000086d00000, 0x0000000086d00000, 0x0000000086e00000|  0%| F|  |TAMS 0x0000000086d00000, 0x0000000086d00000| Untracked 
|  98|0x0000000086e00000, 0x0000000086e00000, 0x0000000086f00000|  0%| F|  |TAMS 0x0000000086e00000, 0x0000000086e00000| Untracked 
|  99|0x0000000086f00000, 0x0000000086f00000, 0x0000000087000000|  0%| F|  |TAMS 0x0000000086f00000, 0x0000000086f00000| Untracked 
| 100|0x0000000087000000, 0x0000000087000000, 0x0000000087100000|  0%| F|  |TAMS 0x0000000087000000, 0x0000000087000000| Untracked 
| 101|0x0000000087100000, 0x0000000087100000, 0x0000000087200000|  0%| F|  |TAMS 0x0000000087100000, 0x0000000087100000| Untracked 
| 102|0x0000000087200000, 0x0000000087200000, 0x0000000087300000|  0%| F|  |TAMS 0x0000000087200000, 0x0000000087200000| Untracked 
| 103|0x0000000087300000, 0x0000000087300000, 0x0000000087400000|  0%| F|  |TAMS 0x0000000087300000, 0x0000000087300000| Untracked 
| 104|0x0000000087400000, 0x0000000087400000, 0x0000000087500000|  0%| F|  |TAMS 0x0000000087400000, 0x0000000087400000| Untracked 
| 105|0x0000000087500000, 0x0000000087500000, 0x0000000087600000|  0%| F|  |TAMS 0x0000000087500000, 0x0000000087500000| Untracked 
| 106|0x0000000087600000, 0x0000000087600000, 0x0000000087700000|  0%| F|  |TAMS 0x0000000087600000, 0x0000000087600000| Untracked 
| 107|0x0000000087700000, 0x0000000087700000, 0x0000000087800000|  0%| F|  |TAMS 0x0000000087700000, 0x0000000087700000| Untracked 
| 108|0x0000000087800000, 0x0000000087800000, 0x0000000087900000|  0%| F|  |TAMS 0x0000000087800000, 0x0000000087800000| Untracked 
| 109|0x0000000087900000, 0x0000000087900000, 0x0000000087a00000|  0%| F|  |TAMS 0x0000000087900000, 0x0000000087900000| Untracked 
| 110|0x0000000087a00000, 0x0000000087a00000, 0x0000000087b00000|  0%| F|  |TAMS 0x0000000087a00000, 0x0000000087a00000| Untracked 
| 111|0x0000000087b00000, 0x0000000087b00000, 0x0000000087c00000|  0%| F|  |TAMS 0x0000000087b00000, 0x0000000087b00000| Untracked 
| 112|0x0000000087c00000, 0x0000000087c00000, 0x0000000087d00000|  0%| F|  |TAMS 0x0000000087c00000, 0x0000000087c00000| Untracked 
| 113|0x0000000087d00000, 0x0000000087d00000, 0x0000000087e00000|  0%| F|  |TAMS 0x0000000087d00000, 0x0000000087d00000| Untracked 
| 114|0x0000000087e00000, 0x0000000087e00000, 0x0000000087f00000|  0%| F|  |TAMS 0x0000000087e00000, 0x0000000087e00000| Untracked 
| 115|0x0000000087f00000, 0x0000000087f00000, 0x0000000088000000|  0%| F|  |TAMS 0x0000000087f00000, 0x0000000087f00000| Untracked 
| 116|0x0000000088000000, 0x0000000088000000, 0x0000000088100000|  0%| F|  |TAMS 0x0000000088000000, 0x0000000088000000| Untracked 
| 117|0x0000000088100000, 0x0000000088100000, 0x0000000088200000|  0%| F|  |TAMS 0x0000000088100000, 0x0000000088100000| Untracked 
| 118|0x0000000088200000, 0x0000000088300000, 0x0000000088300000|100%| E|  |TAMS 0x0000000088200000, 0x0000000088200000| Complete 
| 119|0x0000000088300000, 0x0000000088400000, 0x0000000088400000|100%| E|CS|TAMS 0x0000000088300000, 0x0000000088300000| Complete 
| 120|0x0000000088400000, 0x0000000088500000, 0x0000000088500000|100%| E|CS|TAMS 0x0000000088400000, 0x0000000088400000| Complete 
| 121|0x0000000088500000, 0x0000000088600000, 0x0000000088600000|100%| E|CS|TAMS 0x0000000088500000, 0x0000000088500000| Complete 
| 122|0x0000000088600000, 0x0000000088700000, 0x0000000088700000|100%| E|CS|TAMS 0x0000000088600000, 0x0000000088600000| Complete 
| 123|0x0000000088700000, 0x0000000088800000, 0x0000000088800000|100%| E|CS|TAMS 0x0000000088700000, 0x0000000088700000| Complete 
| 124|0x0000000088800000, 0x0000000088900000, 0x0000000088900000|100%| E|CS|TAMS 0x0000000088800000, 0x0000000088800000| Complete 
| 125|0x0000000088900000, 0x0000000088a00000, 0x0000000088a00000|100%| E|CS|TAMS 0x0000000088900000, 0x0000000088900000| Complete 
| 126|0x0000000088a00000, 0x0000000088b00000, 0x0000000088b00000|100%| E|CS|TAMS 0x0000000088a00000, 0x0000000088a00000| Complete 
| 127|0x0000000088b00000, 0x0000000088c00000, 0x0000000088c00000|100%| E|CS|TAMS 0x0000000088b00000, 0x0000000088b00000| Complete 

Card table byte_map: [0x0000020573aa0000,0x0000020573ea0000] _byte_map_base: 0x000002057369a000

Marking Bits (Prev, Next): (CMBitMap*) 0x000002056ac21b20, (CMBitMap*) 0x000002056ac21b60
 Prev Bits: [0x00000205742a0000, 0x0000020576270000)
 Next Bits: [0x0000020576270000, 0x0000020578240000)

Polling page: 0x0000020568b70000

Metaspace:

Usage:
  Non-class:      9.54 MB capacity,     9.42 MB ( 99%) used,   107.94 KB (  1%) free+waste,    13.94 KB ( <1%) overhead. 
      Class:      1.29 MB capacity,     1.22 MB ( 95%) used,    64.58 KB (  5%) free+waste,     5.69 KB ( <1%) overhead. 
       Both:     10.82 MB capacity,    10.64 MB ( 98%) used,   172.52 KB (  2%) free+waste,    19.62 KB ( <1%) overhead. 

Virtual space:
  Non-class space:       10.00 MB reserved,       9.75 MB ( 98%) committed 
      Class space:        1.00 GB reserved,       1.38 MB ( <1%) committed 
             Both:        1.01 GB reserved,      11.12 MB (  1%) committed 

Chunk freelists:
   Non-Class:  26.00 KB
       Class:  27.00 KB
        Both:  53.00 KB

MaxMetaspaceSize: 17179869184.00 GB
CompressedClassSpaceSize: 1.00 GB

CodeHeap 'non-profiled nmethods': size=119168Kb used=310Kb max_used=310Kb free=118857Kb
 bounds [0x0000020507ba0000, 0x0000020507e10000, 0x000002050f000000]
CodeHeap 'profiled nmethods': size=119104Kb used=2097Kb max_used=2097Kb free=117007Kb
 bounds [0x0000020500750000, 0x00000205009c0000, 0x0000020507ba0000]
CodeHeap 'non-nmethods': size=7488Kb used=3025Kb max_used=3050Kb free=4462Kb
 bounds [0x0000020500000000, 0x0000020500300000, 0x0000020500750000]
 total_blobs=1779 nmethods=1135 adapters=554
 compilation: enabled
              stopped_count=0, restarted_count=0
 full_count=0

Compilation events (20 events):
Event: 0.658 Thread 0x000002057bc0cbd0 1101       3       java.awt.geom.RectangularShape::<init> (5 bytes)
Event: 0.658 Thread 0x000002057bc0cbd0 nmethod 1101 0x000002050093a490 code [0x000002050093a620, 0x000002050093a778]
Event: 0.659 Thread 0x000002057b1d1610 1102       4       java.util.Arrays::fill (28 bytes)
Event: 0.659 Thread 0x000002057bc0d0e0 nmethod 1100 0x000002050093a810 code [0x000002050093aca0, 0x000002050093dbc8]
Event: 0.661 Thread 0x000002057c53d580 1103 %     4       sun.java2d.marlin.MarlinTileGenerator::getAlphaRLE @ 1249 (1749 bytes)
Event: 0.662 Thread 0x000002057b1e04f0 nmethod 1099% 0x000002050093fb90 code [0x0000020500940120, 0x0000020500945768]
Event: 0.662 Thread 0x000002057c402980 1104       3       sun.java2d.marlin.DRenderer::_endRendering (2480 bytes)
Event: 0.664 Thread 0x000002057b1d1610 nmethod 1102 0x0000020507beae10 code [0x0000020507beafa0, 0x0000020507beb1c8]
Event: 0.664 Thread 0x000002057b1d1610 1105       4       sun.java2d.marlin.FloatMath::max (11 bytes)
Event: 0.664 Thread 0x000002057b1d1610 nmethod 1105 0x0000020507beb310 code [0x0000020507beb480, 0x0000020507beb4d8]
Event: 0.667 Thread 0x000002057c402980 nmethod 1104 0x0000020500949010 code [0x0000020500949580, 0x000002050094d108]
Event: 0.667 Thread 0x000002057b1d1610 1106 %     4       sun.java2d.marlin.DRenderer::_endRendering @ 784 (2480 bytes)
Event: 0.668 Thread 0x000002057b1e04f0 1108       3       sun.java2d.marlin.MarlinTileGenerator::getAlpha (28 bytes)
Event: 0.668 Thread 0x000002057b1e04f0 nmethod 1108 0x0000020500950610 code [0x00000205009507c0, 0x0000020500950978]
Event: 0.669 Thread 0x000002057bc0cbd0 1109       3       javax.swing.JComponent::getFlag (20 bytes)
Event: 0.670 Thread 0x000002057bc0cbd0 nmethod 1109 0x0000020500950a90 code [0x0000020500950c20, 0x0000020500950d98]
Event: 0.670 Thread 0x000002057bc0d0e0 1110       3       javax.swing.plaf.nimbus.NimbusStyle::getExtendedState (248 bytes)
Event: 0.670 Thread 0x000002057bc0d0e0 nmethod 1110 0x0000020500950e10 code [0x0000020500951080, 0x0000020500951dd8]
Event: 0.673 Thread 0x000002057bc0cbd0 1113       1       sun.java2d.SunGraphics2D::getSurfaceData (5 bytes)
Event: 0.673 Thread 0x000002057bc0cbd0 nmethod 1113 0x0000020507bebb10 code [0x0000020507bebca0, 0x0000020507bebd58]

GC Heap History (0 events):
No events

Deoptimization events (20 events):
Event: 0.656 Thread 0x000002057c1225e0 DEOPT PACKING pc=0x0000020500928c0b sp=0x000000862ccfcf40
Event: 0.656 Thread 0x000002057c1225e0 DEOPT UNPACKING pc=0x000002050004e23f sp=0x000000862ccfc2f0 mode 0
Event: 0.659 Thread 0x000002057c1225e0 DEOPT PACKING pc=0x00000205009233c3 sp=0x000000862ccfce40
Event: 0.659 Thread 0x000002057c1225e0 DEOPT UNPACKING pc=0x000002050004e23f sp=0x000000862ccfc2f0 mode 0
Event: 0.662 Thread 0x000002057c1225e0 DEOPT PACKING pc=0x00000205009233c3 sp=0x000000862ccfcf00
Event: 0.662 Thread 0x000002057c1225e0 DEOPT UNPACKING pc=0x000002050004e23f sp=0x000000862ccfc390 mode 0
Event: 0.663 Thread 0x000002057c1225e0 DEOPT PACKING pc=0x00000205009233c3 sp=0x000000862ccfcf00
Event: 0.663 Thread 0x000002057c1225e0 DEOPT UNPACKING pc=0x000002050004e23f sp=0x000000862ccfc390 mode 0
Event: 0.667 Thread 0x000002057c1225e0 DEOPT PACKING pc=0x000002050094ca70 sp=0x000000862ccfcc80
Event: 0.667 Thread 0x000002057c1225e0 DEOPT UNPACKING pc=0x000002050004e23f sp=0x000000862ccfc060 mode 0
Event: 0.668 Thread 0x000002057c1225e0 DEOPT PACKING pc=0x000002050094ca70 sp=0x000000862ccfce20
Event: 0.668 Thread 0x000002057c1225e0 DEOPT UNPACKING pc=0x000002050004e23f sp=0x000000862ccfc200 mode 0
Event: 0.670 Thread 0x000002057c1225e0 DEOPT PACKING pc=0x000002050094ca70 sp=0x000000862ccfc5f0
Event: 0.670 Thread 0x000002057c1225e0 DEOPT UNPACKING pc=0x000002050004e23f sp=0x000000862ccfb9d0 mode 0
Event: 0.671 Thread 0x000002057c1225e0 DEOPT PACKING pc=0x000002050094ca70 sp=0x000000862ccfc480
Event: 0.671 Thread 0x000002057c1225e0 DEOPT UNPACKING pc=0x000002050004e23f sp=0x000000862ccfb860 mode 0
Event: 0.671 Thread 0x000002057c1225e0 DEOPT PACKING pc=0x000002050094ce4c sp=0x000000862ccfc480
Event: 0.671 Thread 0x000002057c1225e0 DEOPT UNPACKING pc=0x000002050004e23f sp=0x000000862ccfb860 mode 0
Event: 0.672 Thread 0x000002057c1225e0 DEOPT PACKING pc=0x000002050094ce4c sp=0x000000862ccfc5f0
Event: 0.672 Thread 0x000002057c1225e0 DEOPT UNPACKING pc=0x000002050004e23f sp=0x000000862ccfb9d0 mode 0

Classes unloaded (0 events):
No events

Classes redefined (0 events):
No events

Internal exceptions (20 events):
Event: 0.242 Thread 0x000002056abdee90 Exception <a 'java/lang/ClassNotFoundException'{0x000000008865aca8}: TextPane> (0x000000008865aca8) 
thrown [./open/src/hotspot/share/classfile/systemDictionary.cpp, line 295]
Event: 0.242 Thread 0x000002056abdee90 Exception <a 'java/lang/ClassNotFoundException'{0x000000008865b110}: EditorPane> (0x000000008865b110) 
thrown [./open/src/hotspot/share/classfile/systemDictionary.cpp, line 295]
Event: 0.242 Thread 0x000002056abdee90 Exception <a 'java/lang/ClassNotFoundException'{0x000000008865ba70}: ToolBar> (0x000000008865ba70) 
thrown [./open/src/hotspot/share/classfile/systemDictionary.cpp, line 295]
Event: 0.243 Thread 0x000002056abdee90 Exception <a 'java/lang/ClassNotFoundException'{0x000000008865bf68}: ToolBar> (0x000000008865bf68) 
thrown [./open/src/hotspot/share/classfile/systemDictionary.cpp, line 295]
Event: 0.243 Thread 0x000002056abdee90 Exception <a 'java/lang/ClassNotFoundException'{0x000000008865c2c8}: Button> (0x000000008865c2c8) 
thrown [./open/src/hotspot/share/classfile/systemDictionary.cpp, line 295]
Event: 0.243 Thread 0x000002056abdee90 Exception <a 'java/lang/ClassNotFoundException'{0x000000008865c790}: ToolBar> (0x000000008865c790) 
thrown [./open/src/hotspot/share/classfile/systemDictionary.cpp, line 295]
Event: 0.243 Thread 0x000002056abdee90 Exception <a 'java/lang/ClassNotFoundException'{0x000000008865cb00}: ToggleButton> (0x000000008865cb00) 
thrown [./open/src/hotspot/share/classfile/systemDictionary.cpp, line 295]
Event: 0.243 Thread 0x000002056abdee90 Exception <a 'java/lang/ClassNotFoundException'{0x000000008865cf40}: javax/swing/JToolBarSeparator> (0x000000008865cf40) 
thrown [./open/src/hotspot/share/classfile/systemDictionary.cpp, line 295]
Event: 0.243 Thread 0x000002056abdee90 Exception <a 'java/lang/ClassNotFoundException'{0x000000008865d248}: ToolBarSeparator> (0x000000008865d248) 
thrown [./open/src/hotspot/share/classfile/systemDictionary.cpp, line 295]
Event: 0.243 Thread 0x000002056abdee90 Exception <a 'java/lang/ClassNotFoundException'{0x000000008865d760}: ToolTip> (0x000000008865d760) 
thrown [./open/src/hotspot/share/classfile/systemDictionary.cpp, line 295]
Event: 0.244 Thread 0x000002056abdee90 Exception <a 'java/lang/ClassNotFoundException'{0x000000008865e0b0}: Tree> (0x000000008865e0b0) 
thrown [./open/src/hotspot/share/classfile/systemDictionary.cpp, line 295]
Event: 0.244 Thread 0x000002056abdee90 Exception <a 'java/lang/ClassNotFoundException'{0x000000008865e5a8}: Tree> (0x000000008865e5a8) 
thrown [./open/src/hotspot/share/classfile/systemDictionary.cpp, line 295]
Event: 0.244 Thread 0x000002056abdee90 Exception <a 'java/lang/ClassNotFoundException'{0x000000008865e918}: javax/swing/JTreeCell> (0x000000008865e918) 
thrown [./open/src/hotspot/share/classfile/systemDictionary.cpp, line 295]
Event: 0.244 Thread 0x000002056abdee90 Exception <a 'java/lang/ClassNotFoundException'{0x000000008865ec18}: TreeCell> (0x000000008865ec18) 
thrown [./open/src/hotspot/share/classfile/systemDictionary.cpp, line 295]
Event: 0.244 Thread 0x000002056abdee90 Exception <a 'java/lang/ClassNotFoundException'{0x000000008865f3d8}: RootPane> (0x000000008865f3d8) 
thrown [./open/src/hotspot/share/classfile/systemDictionary.cpp, line 295]
Event: 0.245 Thread 0x000002056abdee90 Exception <a 'java/lang/ClassNotFoundException'{0x0000000088662228}: com/sun/swing/internal/plaf/metal/resources/spi/metalProvider> (0x0000000088662228) 
thrown [./open/src/hotspot/share/classfile/systemDictionary.cpp, line 295]
Event: 0.246 Thread 0x000002056abdee90 Exception <a 'java/lang/ClassNotFoundException'{0x0000000088666240}: com/sun/swing/internal/plaf/basic/resources/spi/basicProvider> (0x0000000088666240) 
thrown [./open/src/hotspot/share/classfile/systemDictionary.cpp, line 295]
Event: 0.395 Thread 0x000002057c1225e0 Exception <a 'java/lang/ClassNotFoundException'{0x000000008850c0d8}: com/sun/swing/internal/plaf/synth/resources/spi/synthProvider> (0x000000008850c0d8) 
thrown [./open/src/hotspot/share/classfile/systemDictionary.cpp, line 295]
Event: 0.460 Thread 0x000002057c7802b0 Exception <a 'java/lang/NoSuchMethodError'{0x00000000883553c0}: 'java.lang.Object java.lang.invoke.DirectMethodHandle$Holder.newInvokeSpecial(java.lang.Object, java.lang.Object, java.lang.Object, int, int, int, int, int)'> (0x00000000883553c0) 
thrown [./open/src/hotspot/share/interpreter/linkResolver.cpp, line 782]
Event: 0.481 Thread 0x000002057c1225e0 Exception <a 'java/lang/NoSuchMethodError'{0x00000000883994e0}: 'void java.lang.invoke.DirectMethodHandle$Holder.invokeStaticInit(java.lang.Object)'> (0x00000000883994e0) 
thrown [./open/src/hotspot/share/interpreter/linkResolver.cpp, line 782]

Events (20 events):
Event: 0.609 loading class sun/java2d/marlin/DHelpers
Event: 0.610 loading class sun/java2d/marlin/DHelpers done
Event: 0.610 loading class java/lang/FdLibm$Cbrt
Event: 0.610 loading class java/lang/FdLibm$Cbrt done
Event: 0.610 loading class java/lang/FdLibm
Event: 0.610 loading class java/lang/FdLibm done
Event: 0.610 loading class sun/java2d/marlin/ArrayCacheConst
Event: 0.610 loading class sun/java2d/marlin/ArrayCacheConst done
Event: 0.611 loading class java/awt/LinearGradientPaintContext
Event: 0.611 loading class java/awt/MultipleGradientPaintContext
Event: 0.611 loading class java/awt/PaintContext
Event: 0.611 loading class java/awt/PaintContext done
Event: 0.611 loading class java/awt/MultipleGradientPaintContext done
Event: 0.611 loading class java/awt/LinearGradientPaintContext done
Event: 0.612 loading class sun/java2d/pipe/AlphaPaintPipe$TileContext
Event: 0.612 loading class sun/java2d/pipe/AlphaPaintPipe$TileContext done
Event: 0.669 loading class sun/awt/image/BufImgSurfaceManager
Event: 0.669 loading class sun/awt/image/BufImgSurfaceManager done
Event: 0.670 loading class java/awt/geom/Path2D$Float$TxIterator
Event: 0.670 loading class java/awt/geom/Path2D$Float$TxIterator done


Dynamic libraries:
0x00007ff783800000 - 0x00007ff78380f000 	D:\Softwares\Java\bin\java.exe
0x00007ff9663f0000 - 0x00007ff9665e6000 	C:\Windows\SYSTEM32\ntdll.dll
0x00007ff964450000 - 0x00007ff96450d000 	C:\Windows\System32\KERNEL32.DLL
0x00007ff963ce0000 - 0x00007ff963fa9000 	C:\Windows\System32\KERNELBASE.dll
0x00007ff963fb0000 - 0x00007ff9640b0000 	C:\Windows\System32\ucrtbase.dll
0x00007ff95a270000 - 0x00007ff95a289000 	D:\Softwares\Java\bin\VCRUNTIME140.dll
0x00007ff95cfe0000 - 0x00007ff95cff8000 	D:\Softwares\Java\bin\jli.dll
0x00007ff966190000 - 0x00007ff96623c000 	C:\Windows\System32\ADVAPI32.dll
0x00007ff965ef0000 - 0x00007ff965f8e000 	C:\Windows\System32\msvcrt.dll
0x00007ff965e20000 - 0x00007ff965ebc000 	C:\Windows\System32\sechost.dll
0x00007ff964590000 - 0x00007ff9646bb000 	C:\Windows\System32\RPCRT4.dll
0x00007ff965060000 - 0x00007ff965200000 	C:\Windows\System32\USER32.dll
0x00007ff963be0000 - 0x00007ff963c02000 	C:\Windows\System32\win32u.dll
0x00007ff94be90000 - 0x00007ff94c12b000 	C:\Windows\WinSxS\amd64_microsoft.windows.common-controls_6595b64144ccf1df_6.0.19041.488_none_ca04af081b815d21\COMCTL32.dll
0x00007ff965ec0000 - 0x00007ff965eea000 	C:\Windows\System32\GDI32.dll
0x00007ff9642c0000 - 0x00007ff9643c9000 	C:\Windows\System32\gdi32full.dll
0x00007ff963c40000 - 0x00007ff963cdd000 	C:\Windows\System32\msvcp_win.dll
0x00007ff95e390000 - 0x00007ff95e39a000 	C:\Windows\SYSTEM32\VERSION.dll
0x00007ff965f90000 - 0x00007ff965fc0000 	C:\Windows\System32\IMM32.DLL
0x00007ff95f310000 - 0x00007ff95f31c000 	D:\Softwares\Java\bin\vcruntime140_1.dll
0x00007ff93e390000 - 0x00007ff93e421000 	D:\Softwares\Java\bin\msvcp140.dll
0x00007ff92a7b0000 - 0x00007ff92b30e000 	D:\Softwares\Java\bin\server\jvm.dll
0x00007ff9646c0000 - 0x00007ff9646c8000 	C:\Windows\System32\PSAPI.DLL
0x00007ff95f6e0000 - 0x00007ff95f6e9000 	C:\Windows\SYSTEM32\WSOCK32.dll
0x00007ff956730000 - 0x00007ff956757000 	C:\Windows\SYSTEM32\WINMM.dll
0x00007ff965db0000 - 0x00007ff965e1b000 	C:\Windows\System32\WS2_32.dll
0x00007ff961aa0000 - 0x00007ff961ab2000 	C:\Windows\SYSTEM32\kernel.appcore.dll
0x00007ff95f0b0000 - 0x00007ff95f0ba000 	D:\Softwares\Java\bin\jimage.dll
0x00007ff94eaa0000 - 0x00007ff94ec84000 	C:\Windows\SYSTEM32\DBGHELP.DLL
0x00007ff94f500000 - 0x00007ff94f52c000 	C:\Windows\SYSTEM32\dbgcore.DLL
0x00007ff9643d0000 - 0x00007ff964450000 	C:\Windows\System32\bcryptPrimitives.dll
0x00007ff942830000 - 0x00007ff942855000 	D:\Softwares\Java\bin\java.dll
0x00007ff9646d0000 - 0x00007ff964e12000 	C:\Windows\System32\SHELL32.dll
0x00007ff961ca0000 - 0x00007ff962435000 	C:\Windows\SYSTEM32\windows.storage.dll
0x00007ff965900000 - 0x00007ff965c56000 	C:\Windows\System32\combase.dll
0x00007ff963530000 - 0x00007ff96355c000 	C:\Windows\SYSTEM32\Wldp.dll
0x00007ff964e20000 - 0x00007ff964ece000 	C:\Windows\System32\SHCORE.dll
0x00007ff966240000 - 0x00007ff966295000 	C:\Windows\System32\shlwapi.dll
0x00007ff963a60000 - 0x00007ff963a86000 	C:\Windows\SYSTEM32\profapi.dll
0x00007ff959540000 - 0x00007ff959559000 	D:\Softwares\Java\bin\net.dll
0x00007ff95a890000 - 0x00007ff95a990000 	C:\Windows\SYSTEM32\WINHTTP.dll
0x00007ff963250000 - 0x00007ff9632ba000 	C:\Windows\system32\mswsock.dll
0x00007ff94ca70000 - 0x00007ff94ca82000 	D:\Softwares\Java\bin\nio.dll
0x00007ff94b0b0000 - 0x00007ff94b0c8000 	D:\Softwares\Java\bin\zip.dll
0x00007ff939ef0000 - 0x00007ff93a070000 	D:\Softwares\Java\bin\awt.dll
0x00007ff965820000 - 0x00007ff9658ed000 	C:\Windows\System32\OLEAUT32.dll
0x00007ff961450000 - 0x00007ff9614e0000 	C:\Windows\SYSTEM32\apphelp.dll
0x00007ff9615e0000 - 0x00007ff96167e000 	C:\Windows\system32\uxtheme.dll
0x00007ff965fc0000 - 0x00007ff9660d6000 	C:\Windows\System32\MSCTF.dll
0x00007ff937420000 - 0x00007ff93751c000 	C:\ProgramData\A-Volute\A-Volute.Nahimic\Modules\Scheduled\x64\A-Volute.NahimicDevProps2.dll
0x00007ff964ed0000 - 0x00007ff964ffa000 	C:\Windows\System32\ole32.dll
0x00007ff961990000 - 0x00007ff9619bf000 	C:\Windows\system32\DWMAPI.DLL
0x00007ff940370000 - 0x00007ff9403f5000 	D:\Softwares\Java\bin\freetype.dll
0x00007ff93dc50000 - 0x00007ff93dcf9000 	D:\Softwares\Java\bin\fontmanager.dll
0x00007ff93b790000 - 0x00007ff93b8b5000 	C:\Windows\system32\opengl32.dll
0x00007ff9419c0000 - 0x00007ff9419ec000 	C:\Windows\SYSTEM32\GLU32.dll
0x00007ff95c610000 - 0x00007ff95c7df000 	C:\Windows\system32\d3d9.dll
0x00007ff954df0000 - 0x00007ff954ef5000 	C:\Windows\System32\DriverStore\FileRepository\nv_dispi.inf_amd64_8e68f77150e57b50\nvldumdx.dll
0x00007ff963720000 - 0x00007ff963732000 	C:\Windows\SYSTEM32\msasn1.dll
0x00007ff95e350000 - 0x00007ff95e381000 	C:\Windows\SYSTEM32\cryptnet.dll
0x00007ff9640b0000 - 0x00007ff96420d000 	C:\Windows\System32\CRYPT32.dll
0x00007ff963440000 - 0x00007ff96344c000 	C:\Windows\SYSTEM32\cryptbase.dll
0x00007ff964210000 - 0x00007ff964270000 	C:\Windows\System32\WINTRUST.DLL
0x00007ff9662a0000 - 0x00007ff9662bd000 	C:\Windows\System32\imagehlp.dll
0x00007ff963420000 - 0x00007ff963438000 	C:\Windows\SYSTEM32\CRYPTSP.dll
0x00007ff962be0000 - 0x00007ff962c14000 	C:\Windows\system32\rsaenh.dll
0x00007ff963c10000 - 0x00007ff963c37000 	C:\Windows\System32\bcrypt.dll
0x00007ff91f9b0000 - 0x00007ff9215f7000 	C:\Windows\System32\DriverStore\FileRepository\nv_dispi.inf_amd64_8e68f77150e57b50\nvd3dumx.dll
0x00007ff93aab0000 - 0x00007ff93ad69000 	C:\Windows\system32\nvspcap64.dll
0x00007ff962870000 - 0x00007ff9628a3000 	C:\Windows\SYSTEM32\ntmarta.dll
0x00007ff962450000 - 0x00007ff962473000 	C:\Windows\SYSTEM32\gpapi.dll
0x00007ff95ca60000 - 0x00007ff95ca9b000 	C:\Windows\SYSTEM32\dxcore.dll
0x00007ff964270000 - 0x00007ff9642be000 	C:\Windows\System32\cfgmgr32.dll
0x00007ff942200000 - 0x00007ff94222d000 	D:\Softwares\Java\bin\javajpeg.dll
0x00007ff9660e0000 - 0x00007ff966189000 	C:\Windows\System32\clbcatq.dll
0x00007ff95d390000 - 0x00007ff95d544000 	C:\Windows\SYSTEM32\WindowsCodecs.dll
0x00007ff954240000 - 0x00007ff95433d000 	C:\Windows\SYSTEM32\textinputframework.dll
0x00007ff960db0000 - 0x00007ff96110e000 	C:\Windows\System32\CoreUIComponents.dll
0x00007ff961110000 - 0x00007ff961202000 	C:\Windows\System32\CoreMessaging.dll
0x00007ff9606d0000 - 0x00007ff960826000 	C:\Windows\SYSTEM32\wintypes.dll

dbghelp: loaded successfully - version: 4.0.5 - missing functions: none
symbol engine: initialized successfully - sym options: 0x614 - pdb path: .;D:\Softwares\Java\bin;C:\Windows\SYSTEM32;C:\Windows\WinSxS\amd64_microsoft.windows.common-controls_6595b64144ccf1df_6.0.19041.488_none_ca04af081b815d21;D:\Softwares\Java\bin\server;C:\ProgramData\A-Volute\A-Volute.Nahimic\Modules\Scheduled\x64;C:\Windows\System32\DriverStore\FileRepository\nv_dispi.inf_amd64_8e68f77150e57b50

VM Arguments:
jvm_args: -Dfile.encoding=UTF-8 
java_command: MainFrame
java_class_path (initial): C:\Users\cs949\OneDrive\Desktop\OnlineExamSystem\mysql-connector-java-5.1.49\mysql-connector-java-5.1.49-bin.jar;C:\Users\cs949\OneDrive\Desktop\OnlineExamSystem\mysql-connector-java-5.1.49\mysql-connector-java-5.1.49.jar;C:\Users\cs949\OneDrive\Desktop\OnlineExamSystem\OnlineExamSystem\build\classes
Launcher Type: SUN_STANDARD

[Global flags]
     intx CICompilerCount                          = 12                                        {product} {ergonomic}
     uint ConcGCThreads                            = 3                                         {product} {ergonomic}
     uint G1ConcRefinementThreads                  = 13                                        {product} {ergonomic}
   size_t G1HeapRegionSize                         = 1048576                                   {product} {ergonomic}
    uintx GCDrainStackTargetSize                   = 64                                        {product} {ergonomic}
   size_t InitialHeapSize                          = 134217728                                 {product} {ergonomic}
   size_t MarkStackSize                            = 4194304                                   {product} {ergonomic}
   size_t MaxHeapSize                              = 2134900736                                {product} {ergonomic}
   size_t MaxNewSize                               = 1280311296                                {product} {ergonomic}
   size_t MinHeapDeltaBytes                        = 1048576                                   {product} {ergonomic}
   size_t MinHeapSize                              = 8388608                                   {product} {ergonomic}
    uintx NonNMethodCodeHeapSize                   = 7602480                                {pd product} {ergonomic}
    uintx NonProfiledCodeHeapSize                  = 122027880                              {pd product} {ergonomic}
    uintx ProfiledCodeHeapSize                     = 122027880                              {pd product} {ergonomic}
    uintx ReservedCodeCacheSize                    = 251658240                              {pd product} {ergonomic}
     bool SegmentedCodeCache                       = true                                      {product} {ergonomic}
   size_t SoftMaxHeapSize                          = 2134900736                             {manageable} {ergonomic}
     bool UseCompressedClassPointers               = true                                 {lp64_product} {ergonomic}
     bool UseCompressedOops                        = true                                 {lp64_product} {ergonomic}
     bool UseG1GC                                  = true                                      {product} {ergonomic}
     bool UseLargePagesIndividualAllocation        = false                                  {pd product} {ergonomic}

Logging:
Log output configuration:
 #0: stdout all=warning uptime,level,tags
 #1: stderr all=off uptime,level,tags

Environment Variables:
PATH=C:\Program Files\Common Files\Oracle\Java\javapath;C:\Windows\system32;C:\Windows;C:\Windows\System32\Wbem;C:\Windows\System32\WindowsPowerShell\v1.0\;C:\Windows\System32\OpenSSH\;C:\Program Files\NVIDIA Corporation\NVIDIA NvDLISR;C:\Program Files (x86)\NVIDIA Corporation\PhysX\Common;C:\Users\cs949\AppData\Local\Microsoft\WindowsApps
USERNAME=cs949
OS=Windows_NT
PROCESSOR_IDENTIFIER=AMD64 Family 23 Model 8 Stepping 2, AuthenticAMD



---------------  S Y S T E M  ---------------

OS:
 Windows 10 , 64 bit Build 19041 (10.0.19041.662)
OS uptime: 3 days 8:51 hours

CPU: total 16 (initial active 16) (16 cores per cpu, 2 threads per core) family 23 model 8 stepping 2 microcode 0x0, cmov, cx8, fxsr, mmx, sse, sse2, sse3, ssse3, sse4.1, sse4.2, popcnt, vzeroupper, avx, avx2, aes, clmul, 3dnowpref, lzcnt, sse4a, ht, tsc, tscinvbit, tscinv, bmi1, bmi2, adx, sha, fma, clflush, clflushopt

Memory: 4k page, system-wide physical 8141M (2432M free)
TotalPageFile size 8141M (AvailPageFile size 5M)
current process WorkingSet (physical memory assigned to process): 86M, peak: 86M
current process commit charge ("private bytes"): 259M, peak: 260M

vm_info: Java HotSpot(TM) 64-Bit Server VM (15.0.1+9-18) for windows-amd64 JRE (15.0.1+9-18), built on Sep 15 2020 14:43:54 by "mach5one" with unknown MS VC++:1925

END.
