#
# There is insufficient memory for the Java Runtime Environment to continue.
# Native memory allocation (malloc) failed to allocate 110736 bytes for Chunk::new
# Possible reasons:
#   The system is out of physical RAM or swap space
#   The process is running with CompressedOops enabled, and the Java Heap may be blocking the growth of the native heap
# Possible solutions:
#   Reduce memory load on the system
#   Increase physical memory or swap space
#   Check if swap backing store is full
#   Decrease Java heap size (-Xmx/-Xms)
#   Decrease number of Java threads
#   Decrease Java thread stack sizes (-Xss)
#   Set larger code cache with -XX:ReservedCodeCacheSize=
#   JVM is running with Unscaled Compressed Oops mode in which the Java heap is
#     placed in the first 4GB address space. The Java Heap base address is the
#     maximum limit for the native heap growth. Please use -XX:HeapBaseMinAddress
#     to set the Java Heap base and to place the Java Heap above 4GB virtual address.
# This output file may be truncated or incomplete.
#
#  Out of Memory Error (./open/src/hotspot/share/memory/arena.cpp:195), pid=14180, tid=5840
#
# JRE version: Java(TM) SE Runtime Environment (15.0.1+9) (build 15.0.1+9-18)
# Java VM: Java HotSpot(TM) 64-Bit Server VM (15.0.1+9-18, mixed mode, sharing, tiered, compressed oops, g1 gc, windows-amd64)
# No core dump will be written. Minidumps are not enabled by default on client versions of Windows
#

---------------  S U M M A R Y ------------

Command Line: -Dfile.encoding=UTF-8 MainFrame

Host: AMD Ryzen 7 2700 Eight-Core Processor          , 16 cores, 7G,  Windows 10 , 64 bit Build 19041 (10.0.19041.546)
Time: Wed Dec  9 18:30:15 2020 India Standard Time elapsed time: 0.495871 seconds (0d 0h 0m 0s)

---------------  T H R E A D  ---------------

Current thread (0x0000021b1f22dde0):  JavaThread "C2 CompilerThread0" daemon [_thread_in_native, id=5840, stack(0x000000f8e9900000,0x000000f8e9a00000)]


Current CompileTask:
C2:    495  612       4       java.util.HashMap::putVal (300 bytes)

Stack: [0x000000f8e9900000,0x000000f8e9a00000]
Native frames: (J=compiled Java code, j=interpreted, Vv=VM code, C=native code)
V  [jvm.dll+0x62ae9a]
V  [jvm.dll+0x781389]
V  [jvm.dll+0x782ae3]
V  [jvm.dll+0x783143]
V  [jvm.dll+0x216265]
V  [jvm.dll+0x97efa]
V  [jvm.dll+0x985dc]
V  [jvm.dll+0x27a1bf]
V  [jvm.dll+0x5408d4]
V  [jvm.dll+0x1f2c14]
V  [jvm.dll+0x1ebf33]
V  [jvm.dll+0x1e97a7]
V  [jvm.dll+0x1784c7]
V  [jvm.dll+0x1f9165]
V  [jvm.dll+0x1f720c]
V  [jvm.dll+0x74485d]
V  [jvm.dll+0x73d65a]
V  [jvm.dll+0x629c56]
C  [ucrtbase.dll+0x214c2]
C  [KERNEL32.DLL+0x17034]
C  [ntdll.dll+0x4cec1]


---------------  P R O C E S S  ---------------

Threads class SMR info:
_java_thread_list=0x0000021b2014ef40, length=16, elements={
0x0000021b1f212f90, 0x0000021b1f213a70, 0x0000021b1f22acb0, 0x0000021b1f22b670,
0x0000021b1f22c030, 0x0000021b1f22dde0, 0x0000021b1f239e60, 0x0000021b1f23ab50,
0x0000021b1fc581b0, 0x0000021b1fc85170, 0x0000021b1fc92b40, 0x0000021b200cd440,
0x0000021b1ff4e3e0, 0x0000021b1ff4ead0, 0x0000021b20165a30, 0x0000021b7fb7cf70
}

Java Threads: ( => current thread )
  0x0000021b1f212f90 JavaThread "Reference Handler" daemon [_thread_blocked, id=9328, stack(0x000000f8e9400000,0x000000f8e9500000)]
  0x0000021b1f213a70 JavaThread "Finalizer" daemon [_thread_blocked, id=10128, stack(0x000000f8e9500000,0x000000f8e9600000)]
  0x0000021b1f22acb0 JavaThread "Signal Dispatcher" daemon [_thread_blocked, id=12004, stack(0x000000f8e9600000,0x000000f8e9700000)]
  0x0000021b1f22b670 JavaThread "Attach Listener" daemon [_thread_blocked, id=6276, stack(0x000000f8e9700000,0x000000f8e9800000)]
  0x0000021b1f22c030 JavaThread "Service Thread" daemon [_thread_blocked, id=2204, stack(0x000000f8e9800000,0x000000f8e9900000)]
=>0x0000021b1f22dde0 JavaThread "C2 CompilerThread0" daemon [_thread_in_native, id=5840, stack(0x000000f8e9900000,0x000000f8e9a00000)]
  0x0000021b1f239e60 JavaThread "C1 CompilerThread0" daemon [_thread_blocked, id=12132, stack(0x000000f8e9a00000,0x000000f8e9b00000)]
  0x0000021b1f23ab50 JavaThread "Sweeper thread" daemon [_thread_blocked, id=15956, stack(0x000000f8e9b00000,0x000000f8e9c00000)]
  0x0000021b1fc581b0 JavaThread "C1 CompilerThread1" daemon [_thread_blocked, id=12180, stack(0x000000f8e9c00000,0x000000f8e9d00000)]
  0x0000021b1fc85170 JavaThread "Notification Thread" daemon [_thread_blocked, id=10908, stack(0x000000f8e9d00000,0x000000f8e9e00000)]
  0x0000021b1fc92b40 JavaThread "Common-Cleaner" daemon [_thread_blocked, id=3968, stack(0x000000f8e9f00000,0x000000f8ea000000)]
  0x0000021b200cd440 JavaThread "Java2D Disposer" daemon [_thread_blocked, id=5896, stack(0x000000f8ea000000,0x000000f8ea100000)]
  0x0000021b1ff4e3e0 JavaThread "AWT-Shutdown" [_thread_blocked, id=11984, stack(0x000000f8ea100000,0x000000f8ea200000)]
  0x0000021b1ff4ead0 JavaThread "AWT-Windows" daemon [_thread_in_native, id=17216, stack(0x000000f8ea200000,0x000000f8ea300000)]
  0x0000021b20165a30 JavaThread "AWT-EventQueue-0" [_thread_blocked, id=9596, stack(0x000000f8ea300000,0x000000f8ea400000)]
  0x0000021b7fb7cf70 JavaThread "DestroyJavaVM" [_thread_blocked, id=15176, stack(0x000000f8e8d00000,0x000000f8e8e00000)]

Other Threads:
  0x0000021b1f20d7e0 VMThread "VM Thread" [stack: 0x000000f8e9300000,0x000000f8e9400000] [id=14704]
  0x0000021b1fc85640 WatcherThread [stack: 0x000000f8e9e00000,0x000000f8e9f00000] [id=17272]
  0x0000021b7fbbf470 GCTaskThread "GC Thread#0" [stack: 0x000000f8e8e00000,0x000000f8e8f00000] [id=16016]
  0x0000021b200a4fc0 GCTaskThread "GC Thread#1" [stack: 0x000000f8ea500000,0x000000f8ea600000] [id=10416]
  0x0000021b200a4630 GCTaskThread "GC Thread#2" [stack: 0x000000f8ea600000,0x000000f8ea700000] [id=10984]
  0x0000021b200a1990 GCTaskThread "GC Thread#3" [stack: 0x000000f8ea700000,0x000000f8ea800000] [id=6220]
  0x0000021b200a4300 GCTaskThread "GC Thread#4" [stack: 0x000000f8ea800000,0x000000f8ea900000] [id=15680]
  0x0000021b200a4960 GCTaskThread "GC Thread#5" [stack: 0x000000f8ea900000,0x000000f8eaa00000] [id=15448]
  0x0000021b7fbd24f0 ConcurrentGCThread "G1 Main Marker" [stack: 0x000000f8e8f00000,0x000000f8e9000000] [id=15476]
  0x0000021b7fbd3810 ConcurrentGCThread "G1 Conc#0" [stack: 0x000000f8e9000000,0x000000f8e9100000] [id=16860]
  0x0000021b200a3310 ConcurrentGCThread "G1 Conc#1" [stack: 0x000000f8eaa00000,0x000000f8eab00000] [id=5712]
  0x0000021b200a3fd0 ConcurrentGCThread "G1 Conc#2" [stack: 0x000000f8eab00000,0x000000f8eac00000] [id=4024]
  0x0000021b7fc5e7f0 ConcurrentGCThread "G1 Refine#0" [stack: 0x000000f8e9100000,0x000000f8e9200000] [id=1280]
  0x0000021b1f0851e0 ConcurrentGCThread "G1 Young RemSet Sampling" [stack: 0x000000f8e9200000,0x000000f8e9300000] [id=6084]

Threads with active compile tasks:
C2 CompilerThread0      510  612       4       java.util.HashMap::putVal (300 bytes)

VM state: at safepoint (normal execution)

VM Mutex/Monitor currently owned by a thread:  ([mutex/lock_event])
[0x0000021b7fb772b0] Threads_lock - owner thread: 0x0000021b1f20d7e0
[0x0000021b7fb76d10] Heap_lock - owner thread: 0x0000021b20165a30

Heap address: 0x0000000080c00000, size: 2036 MB, Compressed Oops mode: 32-bit
CDS archive(s) mapped at: [0x0000000800000000-0x0000000800b50000-0x0000000800b50000), size 11862016, SharedBaseAddress: 0x0000000800000000, ArchiveRelocationMode: 0.
Compressed class space mapped at: 0x0000000800b50000-0x0000000840b50000, size: 1073741824
Narrow klass base: 0x0000000800000000, Narrow klass shift: 3, Narrow klass range: 0x100000000

GC Precious Log:
 CPUs: 16 total, 16 available
 Memory: 8141M
 Large Page Support: Disabled
 NUMA Support: Disabled
 Compressed Oops: Enabled (32-bit)
 Heap Region Size: 1M
 Heap Min Capacity: 8M
 Heap Initial Capacity: 128M
 Heap Max Capacity: 2036M
 Pre-touch: Disabled
 Parallel Workers: 13
 Concurrent Workers: 3
 Concurrent Refinement Workers: 13
 Periodic GC: Disabled

Heap:
 garbage-first heap   total 131072K, used 1869K [0x0000000080c00000, 0x0000000100000000)
  region size 1024K, 2 young (2048K), 2 survivors (2048K)
 Metaspace       used 6840K, capacity 6979K, committed 7040K, reserved 1069056K
  class space    used 797K, capacity 853K, committed 896K, reserved 1048576K

Heap Regions: E=young(eden), S=young(survivor), O=old, HS=humongous(starts), HC=humongous(continues), CS=collection set, F=free, OA=open archive, CA=closed archive, TAMS=top-at-mark-start (previous, next)
|   0|0x0000000080c00000, 0x0000000080c00000, 0x0000000080d00000|  0%| F|  |TAMS 0x0000000080c00000, 0x0000000080c00000| Untracked 
|   1|0x0000000080d00000, 0x0000000080d00000, 0x0000000080e00000|  0%| F|  |TAMS 0x0000000080d00000, 0x0000000080d00000| Untracked 
|   2|0x0000000080e00000, 0x0000000080e00000, 0x0000000080f00000|  0%| F|  |TAMS 0x0000000080e00000, 0x0000000080e00000| Untracked 
|   3|0x0000000080f00000, 0x0000000080f00000, 0x0000000081000000|  0%| F|  |TAMS 0x0000000080f00000, 0x0000000080f00000| Untracked 
|   4|0x0000000081000000, 0x0000000081000000, 0x0000000081100000|  0%| F|  |TAMS 0x0000000081000000, 0x0000000081000000| Untracked 
|   5|0x0000000081100000, 0x0000000081100000, 0x0000000081200000|  0%| F|  |TAMS 0x0000000081100000, 0x0000000081100000| Untracked 
|   6|0x0000000081200000, 0x0000000081200000, 0x0000000081300000|  0%| F|  |TAMS 0x0000000081200000, 0x0000000081200000| Untracked 
|   7|0x0000000081300000, 0x0000000081300000, 0x0000000081400000|  0%| F|  |TAMS 0x0000000081300000, 0x0000000081300000| Untracked 
|   8|0x0000000081400000, 0x0000000081400000, 0x0000000081500000|  0%| F|  |TAMS 0x0000000081400000, 0x0000000081400000| Untracked 
|   9|0x0000000081500000, 0x0000000081500000, 0x0000000081600000|  0%| F|  |TAMS 0x0000000081500000, 0x0000000081500000| Untracked 
|  10|0x0000000081600000, 0x0000000081600000, 0x0000000081700000|  0%| F|  |TAMS 0x0000000081600000, 0x0000000081600000| Untracked 
|  11|0x0000000081700000, 0x0000000081700000, 0x0000000081800000|  0%| F|  |TAMS 0x0000000081700000, 0x0000000081700000| Untracked 
|  12|0x0000000081800000, 0x0000000081800000, 0x0000000081900000|  0%| F|  |TAMS 0x0000000081800000, 0x0000000081800000| Untracked 
|  13|0x0000000081900000, 0x0000000081900000, 0x0000000081a00000|  0%| F|  |TAMS 0x0000000081900000, 0x0000000081900000| Untracked 
|  14|0x0000000081a00000, 0x0000000081a00000, 0x0000000081b00000|  0%| F|  |TAMS 0x0000000081a00000, 0x0000000081a00000| Untracked 
|  15|0x0000000081b00000, 0x0000000081b00000, 0x0000000081c00000|  0%| F|  |TAMS 0x0000000081b00000, 0x0000000081b00000| Untracked 
|  16|0x0000000081c00000, 0x0000000081c00000, 0x0000000081d00000|  0%| F|  |TAMS 0x0000000081c00000, 0x0000000081c00000| Untracked 
|  17|0x0000000081d00000, 0x0000000081d00000, 0x0000000081e00000|  0%| F|  |TAMS 0x0000000081d00000, 0x0000000081d00000| Untracked 
|  18|0x0000000081e00000, 0x0000000081e00000, 0x0000000081f00000|  0%| F|  |TAMS 0x0000000081e00000, 0x0000000081e00000| Untracked 
|  19|0x0000000081f00000, 0x0000000081f00000, 0x0000000082000000|  0%| F|  |TAMS 0x0000000081f00000, 0x0000000081f00000| Untracked 
|  20|0x0000000082000000, 0x0000000082000000, 0x0000000082100000|  0%| F|  |TAMS 0x0000000082000000, 0x0000000082000000| Untracked 
|  21|0x0000000082100000, 0x0000000082100000, 0x0000000082200000|  0%| F|  |TAMS 0x0000000082100000, 0x0000000082100000| Untracked 
|  22|0x0000000082200000, 0x0000000082200000, 0x0000000082300000|  0%| F|  |TAMS 0x0000000082200000, 0x0000000082200000| Untracked 
|  23|0x0000000082300000, 0x0000000082300000, 0x0000000082400000|  0%| F|  |TAMS 0x0000000082300000, 0x0000000082300000| Untracked 
|  24|0x0000000082400000, 0x0000000082400000, 0x0000000082500000|  0%| F|  |TAMS 0x0000000082400000, 0x0000000082400000| Untracked 
|  25|0x0000000082500000, 0x0000000082500000, 0x0000000082600000|  0%| F|  |TAMS 0x0000000082500000, 0x0000000082500000| Untracked 
|  26|0x0000000082600000, 0x0000000082600000, 0x0000000082700000|  0%| F|  |TAMS 0x0000000082600000, 0x0000000082600000| Untracked 
|  27|0x0000000082700000, 0x0000000082700000, 0x0000000082800000|  0%| F|  |TAMS 0x0000000082700000, 0x0000000082700000| Untracked 
|  28|0x0000000082800000, 0x0000000082800000, 0x0000000082900000|  0%| F|  |TAMS 0x0000000082800000, 0x0000000082800000| Untracked 
|  29|0x0000000082900000, 0x0000000082900000, 0x0000000082a00000|  0%| F|  |TAMS 0x0000000082900000, 0x0000000082900000| Untracked 
|  30|0x0000000082a00000, 0x0000000082a00000, 0x0000000082b00000|  0%| F|  |TAMS 0x0000000082a00000, 0x0000000082a00000| Untracked 
|  31|0x0000000082b00000, 0x0000000082b00000, 0x0000000082c00000|  0%| F|  |TAMS 0x0000000082b00000, 0x0000000082b00000| Untracked 
|  32|0x0000000082c00000, 0x0000000082c00000, 0x0000000082d00000|  0%| F|  |TAMS 0x0000000082c00000, 0x0000000082c00000| Untracked 
|  33|0x0000000082d00000, 0x0000000082d00000, 0x0000000082e00000|  0%| F|  |TAMS 0x0000000082d00000, 0x0000000082d00000| Untracked 
|  34|0x0000000082e00000, 0x0000000082e00000, 0x0000000082f00000|  0%| F|  |TAMS 0x0000000082e00000, 0x0000000082e00000| Untracked 
|  35|0x0000000082f00000, 0x0000000082f00000, 0x0000000083000000|  0%| F|  |TAMS 0x0000000082f00000, 0x0000000082f00000| Untracked 
|  36|0x0000000083000000, 0x0000000083000000, 0x0000000083100000|  0%| F|  |TAMS 0x0000000083000000, 0x0000000083000000| Untracked 
|  37|0x0000000083100000, 0x0000000083100000, 0x0000000083200000|  0%| F|  |TAMS 0x0000000083100000, 0x0000000083100000| Untracked 
|  38|0x0000000083200000, 0x0000000083200000, 0x0000000083300000|  0%| F|  |TAMS 0x0000000083200000, 0x0000000083200000| Untracked 
|  39|0x0000000083300000, 0x0000000083300000, 0x0000000083400000|  0%| F|  |TAMS 0x0000000083300000, 0x0000000083300000| Untracked 
|  40|0x0000000083400000, 0x0000000083400000, 0x0000000083500000|  0%| F|  |TAMS 0x0000000083400000, 0x0000000083400000| Untracked 
|  41|0x0000000083500000, 0x0000000083500000, 0x0000000083600000|  0%| F|  |TAMS 0x0000000083500000, 0x0000000083500000| Untracked 
|  42|0x0000000083600000, 0x0000000083600000, 0x0000000083700000|  0%| F|  |TAMS 0x0000000083600000, 0x0000000083600000| Untracked 
|  43|0x0000000083700000, 0x0000000083700000, 0x0000000083800000|  0%| F|  |TAMS 0x0000000083700000, 0x0000000083700000| Untracked 
|  44|0x0000000083800000, 0x0000000083800000, 0x0000000083900000|  0%| F|  |TAMS 0x0000000083800000, 0x0000000083800000| Untracked 
|  45|0x0000000083900000, 0x0000000083900000, 0x0000000083a00000|  0%| F|  |TAMS 0x0000000083900000, 0x0000000083900000| Untracked 
|  46|0x0000000083a00000, 0x0000000083a00000, 0x0000000083b00000|  0%| F|  |TAMS 0x0000000083a00000, 0x0000000083a00000| Untracked 
|  47|0x0000000083b00000, 0x0000000083b00000, 0x0000000083c00000|  0%| F|  |TAMS 0x0000000083b00000, 0x0000000083b00000| Untracked 
|  48|0x0000000083c00000, 0x0000000083c00000, 0x0000000083d00000|  0%| F|  |TAMS 0x0000000083c00000, 0x0000000083c00000| Untracked 
|  49|0x0000000083d00000, 0x0000000083d00000, 0x0000000083e00000|  0%| F|  |TAMS 0x0000000083d00000, 0x0000000083d00000| Untracked 
|  50|0x0000000083e00000, 0x0000000083e00000, 0x0000000083f00000|  0%| F|  |TAMS 0x0000000083e00000, 0x0000000083e00000| Untracked 
|  51|0x0000000083f00000, 0x0000000083f00000, 0x0000000084000000|  0%| F|  |TAMS 0x0000000083f00000, 0x0000000083f00000| Untracked 
|  52|0x0000000084000000, 0x0000000084000000, 0x0000000084100000|  0%| F|  |TAMS 0x0000000084000000, 0x0000000084000000| Untracked 
|  53|0x0000000084100000, 0x0000000084100000, 0x0000000084200000|  0%| F|  |TAMS 0x0000000084100000, 0x0000000084100000| Untracked 
|  54|0x0000000084200000, 0x0000000084200000, 0x0000000084300000|  0%| F|  |TAMS 0x0000000084200000, 0x0000000084200000| Untracked 
|  55|0x0000000084300000, 0x0000000084300000, 0x0000000084400000|  0%| F|  |TAMS 0x0000000084300000, 0x0000000084300000| Untracked 
|  56|0x0000000084400000, 0x0000000084400000, 0x0000000084500000|  0%| F|  |TAMS 0x0000000084400000, 0x0000000084400000| Untracked 
|  57|0x0000000084500000, 0x0000000084500000, 0x0000000084600000|  0%| F|  |TAMS 0x0000000084500000, 0x0000000084500000| Untracked 
|  58|0x0000000084600000, 0x0000000084600000, 0x0000000084700000|  0%| F|  |TAMS 0x0000000084600000, 0x0000000084600000| Untracked 
|  59|0x0000000084700000, 0x0000000084700000, 0x0000000084800000|  0%| F|  |TAMS 0x0000000084700000, 0x0000000084700000| Untracked 
|  60|0x0000000084800000, 0x0000000084800000, 0x0000000084900000|  0%| F|  |TAMS 0x0000000084800000, 0x0000000084800000| Untracked 
|  61|0x0000000084900000, 0x0000000084900000, 0x0000000084a00000|  0%| F|  |TAMS 0x0000000084900000, 0x0000000084900000| Untracked 
|  62|0x0000000084a00000, 0x0000000084a00000, 0x0000000084b00000|  0%| F|  |TAMS 0x0000000084a00000, 0x0000000084a00000| Untracked 
|  63|0x0000000084b00000, 0x0000000084b00000, 0x0000000084c00000|  0%| F|  |TAMS 0x0000000084b00000, 0x0000000084b00000| Untracked 
|  64|0x0000000084c00000, 0x0000000084c00000, 0x0000000084d00000|  0%| F|  |TAMS 0x0000000084c00000, 0x0000000084c00000| Untracked 
|  65|0x0000000084d00000, 0x0000000084d00000, 0x0000000084e00000|  0%| F|  |TAMS 0x0000000084d00000, 0x0000000084d00000| Untracked 
|  66|0x0000000084e00000, 0x0000000084e00000, 0x0000000084f00000|  0%| F|  |TAMS 0x0000000084e00000, 0x0000000084e00000| Untracked 
|  67|0x0000000084f00000, 0x0000000084f00000, 0x0000000085000000|  0%| F|  |TAMS 0x0000000084f00000, 0x0000000084f00000| Untracked 
|  68|0x0000000085000000, 0x0000000085000000, 0x0000000085100000|  0%| F|  |TAMS 0x0000000085000000, 0x0000000085000000| Untracked 
|  69|0x0000000085100000, 0x0000000085100000, 0x0000000085200000|  0%| F|  |TAMS 0x0000000085100000, 0x0000000085100000| Untracked 
|  70|0x0000000085200000, 0x0000000085200000, 0x0000000085300000|  0%| F|  |TAMS 0x0000000085200000, 0x0000000085200000| Untracked 
|  71|0x0000000085300000, 0x0000000085300000, 0x0000000085400000|  0%| F|  |TAMS 0x0000000085300000, 0x0000000085300000| Untracked 
|  72|0x0000000085400000, 0x0000000085400000, 0x0000000085500000|  0%| F|  |TAMS 0x0000000085400000, 0x0000000085400000| Untracked 
|  73|0x0000000085500000, 0x0000000085500000, 0x0000000085600000|  0%| F|  |TAMS 0x0000000085500000, 0x0000000085500000| Untracked 
|  74|0x0000000085600000, 0x0000000085600000, 0x0000000085700000|  0%| F|  |TAMS 0x0000000085600000, 0x0000000085600000| Untracked 
|  75|0x0000000085700000, 0x0000000085700000, 0x0000000085800000|  0%| F|  |TAMS 0x0000000085700000, 0x0000000085700000| Untracked 
|  76|0x0000000085800000, 0x0000000085800000, 0x0000000085900000|  0%| F|  |TAMS 0x0000000085800000, 0x0000000085800000| Untracked 
|  77|0x0000000085900000, 0x0000000085900000, 0x0000000085a00000|  0%| F|  |TAMS 0x0000000085900000, 0x0000000085900000| Untracked 
|  78|0x0000000085a00000, 0x0000000085a00000, 0x0000000085b00000|  0%| F|  |TAMS 0x0000000085a00000, 0x0000000085a00000| Untracked 
|  79|0x0000000085b00000, 0x0000000085b00000, 0x0000000085c00000|  0%| F|  |TAMS 0x0000000085b00000, 0x0000000085b00000| Untracked 
|  80|0x0000000085c00000, 0x0000000085c00000, 0x0000000085d00000|  0%| F|  |TAMS 0x0000000085c00000, 0x0000000085c00000| Untracked 
|  81|0x0000000085d00000, 0x0000000085d00000, 0x0000000085e00000|  0%| F|  |TAMS 0x0000000085d00000, 0x0000000085d00000| Untracked 
|  82|0x0000000085e00000, 0x0000000085e00000, 0x0000000085f00000|  0%| F|  |TAMS 0x0000000085e00000, 0x0000000085e00000| Untracked 
|  83|0x0000000085f00000, 0x0000000085f00000, 0x0000000086000000|  0%| F|  |TAMS 0x0000000085f00000, 0x0000000085f00000| Untracked 
|  84|0x0000000086000000, 0x0000000086000000, 0x0000000086100000|  0%| F|  |TAMS 0x0000000086000000, 0x0000000086000000| Untracked 
|  85|0x0000000086100000, 0x0000000086100000, 0x0000000086200000|  0%| F|  |TAMS 0x0000000086100000, 0x0000000086100000| Untracked 
|  86|0x0000000086200000, 0x0000000086200000, 0x0000000086300000|  0%| F|  |TAMS 0x0000000086200000, 0x0000000086200000| Untracked 
|  87|0x0000000086300000, 0x0000000086300000, 0x0000000086400000|  0%| F|  |TAMS 0x0000000086300000, 0x0000000086300000| Untracked 
|  88|0x0000000086400000, 0x0000000086400000, 0x0000000086500000|  0%| F|  |TAMS 0x0000000086400000, 0x0000000086400000| Untracked 
|  89|0x0000000086500000, 0x0000000086500000, 0x0000000086600000|  0%| F|  |TAMS 0x0000000086500000, 0x0000000086500000| Untracked 
|  90|0x0000000086600000, 0x0000000086600000, 0x0000000086700000|  0%| F|  |TAMS 0x0000000086600000, 0x0000000086600000| Untracked 
|  91|0x0000000086700000, 0x0000000086700000, 0x0000000086800000|  0%| F|  |TAMS 0x0000000086700000, 0x0000000086700000| Untracked 
|  92|0x0000000086800000, 0x0000000086800000, 0x0000000086900000|  0%| F|  |TAMS 0x0000000086800000, 0x0000000086800000| Untracked 
|  93|0x0000000086900000, 0x0000000086900000, 0x0000000086a00000|  0%| F|  |TAMS 0x0000000086900000, 0x0000000086900000| Untracked 
|  94|0x0000000086a00000, 0x0000000086a00000, 0x0000000086b00000|  0%| F|  |TAMS 0x0000000086a00000, 0x0000000086a00000| Untracked 
|  95|0x0000000086b00000, 0x0000000086b00000, 0x0000000086c00000|  0%| F|  |TAMS 0x0000000086b00000, 0x0000000086b00000| Untracked 
|  96|0x0000000086c00000, 0x0000000086c00000, 0x0000000086d00000|  0%| F|  |TAMS 0x0000000086c00000, 0x0000000086c00000| Untracked 
|  97|0x0000000086d00000, 0x0000000086d00000, 0x0000000086e00000|  0%| F|  |TAMS 0x0000000086d00000, 0x0000000086d00000| Untracked 
|  98|0x0000000086e00000, 0x0000000086e00000, 0x0000000086f00000|  0%| F|  |TAMS 0x0000000086e00000, 0x0000000086e00000| Untracked 
|  99|0x0000000086f00000, 0x0000000086f00000, 0x0000000087000000|  0%| F|  |TAMS 0x0000000086f00000, 0x0000000086f00000| Untracked 
| 100|0x0000000087000000, 0x0000000087000000, 0x0000000087100000|  0%| F|  |TAMS 0x0000000087000000, 0x0000000087000000| Untracked 
| 101|0x0000000087100000, 0x0000000087100000, 0x0000000087200000|  0%| F|  |TAMS 0x0000000087100000, 0x0000000087100000| Untracked 
| 102|0x0000000087200000, 0x0000000087200000, 0x0000000087300000|  0%| F|  |TAMS 0x0000000087200000, 0x0000000087200000| Untracked 
| 103|0x0000000087300000, 0x0000000087300000, 0x0000000087400000|  0%| F|  |TAMS 0x0000000087300000, 0x0000000087300000| Untracked 
| 104|0x0000000087400000, 0x0000000087400000, 0x0000000087500000|  0%| F|  |TAMS 0x0000000087400000, 0x0000000087400000| Untracked 
| 105|0x0000000087500000, 0x0000000087500000, 0x0000000087600000|  0%| F|  |TAMS 0x0000000087500000, 0x0000000087500000| Untracked 
| 106|0x0000000087600000, 0x0000000087600000, 0x0000000087700000|  0%| F|  |TAMS 0x0000000087600000, 0x0000000087600000| Untracked 
| 107|0x0000000087700000, 0x0000000087700000, 0x0000000087800000|  0%| F|  |TAMS 0x0000000087700000, 0x0000000087700000| Untracked 
| 108|0x0000000087800000, 0x0000000087800000, 0x0000000087900000|  0%| F|  |TAMS 0x0000000087800000, 0x0000000087800000| Untracked 
| 109|0x0000000087900000, 0x0000000087900000, 0x0000000087a00000|  0%| F|  |TAMS 0x0000000087900000, 0x0000000087900000| Untracked 
| 110|0x0000000087a00000, 0x0000000087a00000, 0x0000000087b00000|  0%| F|  |TAMS 0x0000000087a00000, 0x0000000087a00000| Untracked 
| 111|0x0000000087b00000, 0x0000000087b00000, 0x0000000087c00000|  0%| F|  |TAMS 0x0000000087b00000, 0x0000000087b00000| Untracked 
| 112|0x0000000087c00000, 0x0000000087c00000, 0x0000000087d00000|  0%| F|  |TAMS 0x0000000087c00000, 0x0000000087c00000| Untracked 
| 113|0x0000000087d00000, 0x0000000087d00000, 0x0000000087e00000|  0%| F|  |TAMS 0x0000000087d00000, 0x0000000087d00000| Untracked 
| 114|0x0000000087e00000, 0x0000000087e00000, 0x0000000087f00000|  0%| F|  |TAMS 0x0000000087e00000, 0x0000000087e00000| Untracked 
| 115|0x0000000087f00000, 0x0000000087f00000, 0x0000000088000000|  0%| F|  |TAMS 0x0000000087f00000, 0x0000000087f00000| Untracked 
| 116|0x0000000088000000, 0x0000000088000000, 0x0000000088100000|  0%| F|  |TAMS 0x0000000088000000, 0x0000000088000000| Untracked 
| 117|0x0000000088100000, 0x0000000088100000, 0x0000000088200000|  0%| F|  |TAMS 0x0000000088100000, 0x0000000088100000| Untracked 
| 118|0x0000000088200000, 0x0000000088200000, 0x0000000088300000|  0%| F|  |TAMS 0x0000000088200000, 0x0000000088200000| Untracked 
| 119|0x0000000088300000, 0x0000000088300000, 0x0000000088400000|  0%| F|  |TAMS 0x0000000088300000, 0x0000000088300000| Untracked 
| 120|0x0000000088400000, 0x00000000884d3770, 0x0000000088500000| 82%| S|CS|TAMS 0x0000000088400000, 0x0000000088400000| Complete 
| 121|0x0000000088500000, 0x0000000088600000, 0x0000000088600000|100%| S|CS|TAMS 0x0000000088500000, 0x0000000088500000| Complete 
| 122|0x0000000088600000, 0x0000000088600000, 0x0000000088700000|  0%| F|  |TAMS 0x0000000088600000, 0x0000000088600000| Untracked 
| 123|0x0000000088700000, 0x0000000088700000, 0x0000000088800000|  0%| F|  |TAMS 0x0000000088700000, 0x0000000088700000| Untracked 
| 124|0x0000000088800000, 0x0000000088800000, 0x0000000088900000|  0%| F|  |TAMS 0x0000000088800000, 0x0000000088800000| Untracked 
| 125|0x0000000088900000, 0x0000000088900000, 0x0000000088a00000|  0%| F|  |TAMS 0x0000000088900000, 0x0000000088900000| Untracked 
| 126|0x0000000088a00000, 0x0000000088a00000, 0x0000000088b00000|  0%| F|  |TAMS 0x0000000088a00000, 0x0000000088a00000| Untracked 
| 127|0x0000000088b00000, 0x0000000088b00000, 0x0000000088c00000|  0%| F|  |TAMS 0x0000000088b00000, 0x0000000088b00000| Untracked 

Card table byte_map: [0x0000021b17ab0000,0x0000021b17eb0000] _byte_map_base: 0x0000021b176aa000

Marking Bits (Prev, Next): (CMBitMap*) 0x0000021b7fbc1c10, (CMBitMap*) 0x0000021b7fbc1c50
 Prev Bits: [0x0000021b182b0000, 0x0000021b1a280000)
 Next Bits: [0x0000021b1a280000, 0x0000021b1c250000)

Polling page: 0x0000021b7d950000

Metaspace:

Usage:
  Non-class:      5.98 MB capacity,     5.90 MB ( 99%) used,    74.88 KB (  1%) free+waste,     8.06 KB ( <1%) overhead. 
      Class:    853.00 KB capacity,   797.76 KB ( 94%) used,    51.37 KB (  6%) free+waste,     3.88 KB ( <1%) overhead. 
       Both:      6.82 MB capacity,     6.68 MB ( 98%) used,   126.24 KB (  2%) free+waste,    11.94 KB ( <1%) overhead. 

Virtual space:
  Non-class space:       20.00 MB reserved,       6.00 MB ( 30%) committed 
      Class space:        1.00 GB reserved,     896.00 KB ( <1%) committed 
             Both:        1.02 GB reserved,       6.88 MB ( <1%) committed 

Chunk freelists:
   Non-Class:  18.00 KB
       Class:  11.00 KB
        Both:  29.00 KB

MaxMetaspaceSize: 17179869184.00 GB
CompressedClassSpaceSize: 1.00 GB

CodeHeap 'non-profiled nmethods': size=119168Kb used=147Kb max_used=147Kb free=119020Kb
 bounds [0x0000021b0fd00000, 0x0000021b0ff70000, 0x0000021b17160000]
CodeHeap 'profiled nmethods': size=119104Kb used=993Kb max_used=993Kb free=118110Kb
 bounds [0x0000021b088b0000, 0x0000021b08b20000, 0x0000021b0fd00000]
CodeHeap 'non-nmethods': size=7488Kb used=1788Kb max_used=1798Kb free=5699Kb
 bounds [0x0000021b08160000, 0x0000021b083d0000, 0x0000021b088b0000]
 total_blobs=1138 nmethods=637 adapters=413
 compilation: enabled
              stopped_count=0, restarted_count=0
 full_count=0

Compilation events (20 events):
Event: 0.491 Thread 0x0000021b1fc581b0 nmethod 602 0x0000021b0898f810 code [0x0000021b0898f9c0, 0x0000021b0898fb08]
Event: 0.491 Thread 0x0000021b1fc581b0  604       3       java.util.Hashtable$Enumerator::next (27 bytes)
Event: 0.491 Thread 0x0000021b1fc581b0 nmethod 604 0x0000021b0898fb90 code [0x0000021b0898fd40, 0x0000021b0898ff38]
Event: 0.491 Thread 0x0000021b1fc581b0  605       3       java.util.Hashtable$Enumerator::nextElement (111 bytes)
Event: 0.491 Thread 0x0000021b1fc581b0 nmethod 605 0x0000021b08990090 code [0x0000021b08990260, 0x0000021b08990708]
Event: 0.491 Thread 0x0000021b1fc581b0  606       3       java.util.Hashtable$Entry::hashCode (13 bytes)
Event: 0.492 Thread 0x0000021b1fc581b0 nmethod 606 0x0000021b08990890 code [0x0000021b08990a40, 0x0000021b08990cc8]
Event: 0.492 Thread 0x0000021b1fc581b0  607       3       javax.swing.plaf.nimbus.DerivedColor::hashCode (101 bytes)
Event: 0.492 Thread 0x0000021b1fc581b0 nmethod 607 0x0000021b08990d90 code [0x0000021b08990f80, 0x0000021b08991728]
Event: 0.492 Thread 0x0000021b1f22dde0  612       4       java.util.HashMap::putVal (300 bytes)
Event: 0.492 Thread 0x0000021b1fc581b0  611       3       javax.swing.plaf.nimbus.NimbusLookAndFeel::parsePrefix (74 bytes)
Event: 0.493 Thread 0x0000021b1fc581b0 nmethod 611 0x0000021b08991890 code [0x0000021b08991ac0, 0x0000021b08992408]
Event: 0.493 Thread 0x0000021b1fc581b0  609       1       java.util.Hashtable$Entry::getKey (5 bytes)
Event: 0.493 Thread 0x0000021b1fc581b0 nmethod 609 0x0000021b0fd22e10 code [0x0000021b0fd22fa0, 0x0000021b0fd23058]
Event: 0.493 Thread 0x0000021b1fc581b0  610       1       java.util.Hashtable$Entry::getValue (5 bytes)
Event: 0.493 Thread 0x0000021b1fc581b0 nmethod 610 0x0000021b0fd23110 code [0x0000021b0fd232a0, 0x0000021b0fd23358]
Event: 0.493 Thread 0x0000021b1fc581b0  613       3       javax.swing.plaf.nimbus.NimbusLookAndFeel::addDefault (70 bytes)
Event: 0.493 Thread 0x0000021b1fc581b0 nmethod 613 0x0000021b08992710 code [0x0000021b08992920, 0x0000021b08993078]
Event: 0.493 Thread 0x0000021b1fc581b0  608       3       javax.swing.plaf.nimbus.DerivedColor$UIResource::hashCode (8 bytes)
Event: 0.493 Thread 0x0000021b1fc581b0 nmethod 608 0x0000021b08993290 code [0x0000021b08993440, 0x0000021b08993568]

GC Heap History (0 events):
No events

Deoptimization events (4 events):
Event: 0.055 Thread 0x0000021b7fb7cf70 Uncommon trap: trap_request=0xffffff45 fr.pc=0x0000021b0fd0453c relative=0x000000000000021c
Event: 0.055 Thread 0x0000021b7fb7cf70 Uncommon trap: reason=unstable_if action=reinterpret pc=0x0000021b0fd0453c method=java.lang.String.hashCode()I @ 13 c2
Event: 0.055 Thread 0x0000021b7fb7cf70 DEOPT PACKING pc=0x0000021b0fd0453c sp=0x000000f8e8dfde10
Event: 0.055 Thread 0x0000021b7fb7cf70 DEOPT UNPACKING pc=0x0000021b081ae42f sp=0x000000f8e8dfdda0 mode 2

Classes unloaded (0 events):
No events

Classes redefined (0 events):
No events

Internal exceptions (20 events):
Event: 0.236 Thread 0x0000021b7fb7cf70 Exception <a 'java/lang/ClassNotFoundException'{0x000000008877f778}: PasswordField> (0x000000008877f778) 
thrown [./open/src/hotspot/share/classfile/systemDictionary.cpp, line 295]
Event: 0.236 Thread 0x0000021b7fb7cf70 Exception <a 'java/lang/ClassNotFoundException'{0x000000008877fcd0}: TextArea> (0x000000008877fcd0) 
thrown [./open/src/hotspot/share/classfile/systemDictionary.cpp, line 295]
Event: 0.236 Thread 0x0000021b7fb7cf70 Exception <a 'java/lang/ClassNotFoundException'{0x0000000088780610}: TextPane> (0x0000000088780610) 
thrown [./open/src/hotspot/share/classfile/systemDictionary.cpp, line 295]
Event: 0.236 Thread 0x0000021b7fb7cf70 Exception <a 'java/lang/ClassNotFoundException'{0x0000000088780a78}: EditorPane> (0x0000000088780a78) 
thrown [./open/src/hotspot/share/classfile/systemDictionary.cpp, line 295]
Event: 0.237 Thread 0x0000021b7fb7cf70 Exception <a 'java/lang/ClassNotFoundException'{0x00000000887813d8}: ToolBar> (0x00000000887813d8) 
thrown [./open/src/hotspot/share/classfile/systemDictionary.cpp, line 295]
Event: 0.237 Thread 0x0000021b7fb7cf70 Exception <a 'java/lang/ClassNotFoundException'{0x00000000887818d0}: ToolBar> (0x00000000887818d0) 
thrown [./open/src/hotspot/share/classfile/systemDictionary.cpp, line 295]
Event: 0.237 Thread 0x0000021b7fb7cf70 Exception <a 'java/lang/ClassNotFoundException'{0x0000000088781c30}: Button> (0x0000000088781c30) 
thrown [./open/src/hotspot/share/classfile/systemDictionary.cpp, line 295]
Event: 0.237 Thread 0x0000021b7fb7cf70 Exception <a 'java/lang/ClassNotFoundException'{0x00000000887820f8}: ToolBar> (0x00000000887820f8) 
thrown [./open/src/hotspot/share/classfile/systemDictionary.cpp, line 295]
Event: 0.237 Thread 0x0000021b7fb7cf70 Exception <a 'java/lang/ClassNotFoundException'{0x0000000088782468}: ToggleButton> (0x0000000088782468) 
thrown [./open/src/hotspot/share/classfile/systemDictionary.cpp, line 295]
Event: 0.237 Thread 0x0000021b7fb7cf70 Exception <a 'java/lang/ClassNotFoundException'{0x00000000887828a8}: javax/swing/JToolBarSeparator> (0x00000000887828a8) 
thrown [./open/src/hotspot/share/classfile/systemDictionary.cpp, line 295]
Event: 0.237 Thread 0x0000021b7fb7cf70 Exception <a 'java/lang/ClassNotFoundException'{0x0000000088782bb0}: ToolBarSeparator> (0x0000000088782bb0) 
thrown [./open/src/hotspot/share/classfile/systemDictionary.cpp, line 295]
Event: 0.237 Thread 0x0000021b7fb7cf70 Exception <a 'java/lang/ClassNotFoundException'{0x00000000887830c8}: ToolTip> (0x00000000887830c8) 
thrown [./open/src/hotspot/share/classfile/systemDictionary.cpp, line 295]
Event: 0.238 Thread 0x0000021b7fb7cf70 Exception <a 'java/lang/ClassNotFoundException'{0x0000000088783a18}: Tree> (0x0000000088783a18) 
thrown [./open/src/hotspot/share/classfile/systemDictionary.cpp, line 295]
Event: 0.238 Thread 0x0000021b7fb7cf70 Exception <a 'java/lang/ClassNotFoundException'{0x0000000088783f10}: Tree> (0x0000000088783f10) 
thrown [./open/src/hotspot/share/classfile/systemDictionary.cpp, line 295]
Event: 0.238 Thread 0x0000021b7fb7cf70 Exception <a 'java/lang/ClassNotFoundException'{0x0000000088784280}: javax/swing/JTreeCell> (0x0000000088784280) 
thrown [./open/src/hotspot/share/classfile/systemDictionary.cpp, line 295]
Event: 0.238 Thread 0x0000021b7fb7cf70 Exception <a 'java/lang/ClassNotFoundException'{0x0000000088784580}: TreeCell> (0x0000000088784580) 
thrown [./open/src/hotspot/share/classfile/systemDictionary.cpp, line 295]
Event: 0.238 Thread 0x0000021b7fb7cf70 Exception <a 'java/lang/ClassNotFoundException'{0x0000000088784d40}: RootPane> (0x0000000088784d40) 
thrown [./open/src/hotspot/share/classfile/systemDictionary.cpp, line 295]
Event: 0.239 Thread 0x0000021b7fb7cf70 Exception <a 'java/lang/ClassNotFoundException'{0x0000000088787b90}: com/sun/swing/internal/plaf/metal/resources/spi/metalProvider> (0x0000000088787b90) 
thrown [./open/src/hotspot/share/classfile/systemDictionary.cpp, line 295]
Event: 0.240 Thread 0x0000021b7fb7cf70 Exception <a 'java/lang/ClassNotFoundException'{0x000000008878bba8}: com/sun/swing/internal/plaf/basic/resources/spi/basicProvider> (0x000000008878bba8) 
thrown [./open/src/hotspot/share/classfile/systemDictionary.cpp, line 295]
Event: 0.488 Thread 0x0000021b20165a30 Exception <a 'java/lang/ClassNotFoundException'{0x000000008860b0b8}: com/sun/swing/internal/plaf/synth/resources/spi/synthProvider> (0x000000008860b0b8) 
thrown [./open/src/hotspot/share/classfile/systemDictionary.cpp, line 295]

Events (20 events):
Event: 0.489 loading class javax/swing/plaf/nimbus/NimbusStyle$1 done
Event: 0.489 loading class javax/swing/plaf/nimbus/NimbusStyle$CacheKey
Event: 0.489 loading class javax/swing/plaf/nimbus/NimbusStyle$CacheKey done
Event: 0.489 loading class javax/swing/plaf/nimbus/SynthPainterImpl
Event: 0.490 loading class javax/swing/plaf/synth/SynthPainter
Event: 0.490 loading class javax/swing/plaf/synth/SynthPainter done
Event: 0.490 loading class javax/swing/plaf/nimbus/SynthPainterImpl done
Event: 0.490 loading class javax/swing/plaf/synth/SynthPainter$1
Event: 0.490 loading class javax/swing/plaf/synth/SynthPainter$1 done
Event: 0.490 loading class javax/swing/plaf/synth/SynthBorder
Event: 0.490 loading class javax/swing/plaf/synth/SynthBorder done
Event: 0.490 loading class javax/swing/plaf/nimbus/NimbusStyle$Values
Event: 0.490 loading class javax/swing/plaf/nimbus/NimbusStyle$Values done
Event: 0.490 loading class java/util/Hashtable$EntrySet
Event: 0.490 loading class java/util/Hashtable$EntrySet done
Event: 0.494 loading class javax/swing/plaf/nimbus/NimbusStyle$RuntimeState
Event: 0.494 loading class javax/swing/plaf/nimbus/NimbusStyle$RuntimeState done
Event: 0.494 loading class javax/swing/RepaintManager$ProcessingRunnable
Event: 0.494 loading class javax/swing/RepaintManager$ProcessingRunnable done
Event: 0.494 loading class com/sun/java/swing/SwingUtilities3


Dynamic libraries:
0x00007ff7d0380000 - 0x00007ff7d038f000 	D:\Softwares\Java\bin\java.exe
0x00007fff75790000 - 0x00007fff75986000 	C:\Windows\SYSTEM32\ntdll.dll
0x00007fff75690000 - 0x00007fff7574d000 	C:\Windows\System32\KERNEL32.DLL
0x00007fff73200000 - 0x00007fff734c8000 	C:\Windows\System32\KERNELBASE.dll
0x00007fff734d0000 - 0x00007fff735d0000 	C:\Windows\System32\ucrtbase.dll
0x00007fff6e750000 - 0x00007fff6e769000 	D:\Softwares\Java\bin\VCRUNTIME140.dll
0x00007fff69260000 - 0x00007fff69278000 	D:\Softwares\Java\bin\jli.dll
0x00007fff74610000 - 0x00007fff746bc000 	C:\Windows\System32\ADVAPI32.dll
0x00007fff73d20000 - 0x00007fff73dbe000 	C:\Windows\System32\msvcrt.dll
0x00007fff74020000 - 0x00007fff740bb000 	C:\Windows\System32\sechost.dll
0x00007fff739a0000 - 0x00007fff73ac4000 	C:\Windows\System32\RPCRT4.dll
0x00007fff73e70000 - 0x00007fff74010000 	C:\Windows\System32\USER32.dll
0x00007fff73740000 - 0x00007fff73762000 	C:\Windows\System32\win32u.dll
0x00007fff5cef0000 - 0x00007fff5d18b000 	C:\Windows\WinSxS\amd64_microsoft.windows.common-controls_6595b64144ccf1df_6.0.19041.488_none_ca04af081b815d21\COMCTL32.dll
0x00007fff73dc0000 - 0x00007fff73dea000 	C:\Windows\System32\GDI32.dll
0x00007fff73630000 - 0x00007fff73739000 	C:\Windows\System32\gdi32full.dll
0x00007fff72ed0000 - 0x00007fff72f6d000 	C:\Windows\System32\msvcp_win.dll
0x00007fff6d5e0000 - 0x00007fff6d5ea000 	C:\Windows\SYSTEM32\VERSION.dll
0x00007fff75220000 - 0x00007fff75250000 	C:\Windows\System32\IMM32.DLL
0x00007fff6e740000 - 0x00007fff6e74c000 	D:\Softwares\Java\bin\vcruntime140_1.dll
0x00007fff69ac0000 - 0x00007fff69b51000 	D:\Softwares\Java\bin\msvcp140.dll
0x00007fff12380000 - 0x00007fff12ede000 	D:\Softwares\Java\bin\server\jvm.dll
0x00007fff73b30000 - 0x00007fff73b38000 	C:\Windows\System32\PSAPI.DLL
0x00007fff643e0000 - 0x00007fff64407000 	C:\Windows\SYSTEM32\WINMM.dll
0x00007fff6e770000 - 0x00007fff6e779000 	C:\Windows\SYSTEM32\WSOCK32.dll
0x00007fff74930000 - 0x00007fff7499b000 	C:\Windows\System32\WS2_32.dll
0x00007fff70e40000 - 0x00007fff70e52000 	C:\Windows\SYSTEM32\kernel.appcore.dll
0x00007fff6e730000 - 0x00007fff6e73a000 	D:\Softwares\Java\bin\jimage.dll
0x00007fff5df20000 - 0x00007fff5e104000 	C:\Windows\SYSTEM32\DBGHELP.DLL
0x00007fff5dc10000 - 0x00007fff5dc3c000 	C:\Windows\SYSTEM32\dbgcore.DLL
0x00007fff73770000 - 0x00007fff737ef000 	C:\Windows\System32\bcryptPrimitives.dll
0x00007fff6c8a0000 - 0x00007fff6c8c5000 	D:\Softwares\Java\bin\java.dll
0x00007fff749a0000 - 0x00007fff750e1000 	C:\Windows\System32\SHELL32.dll
0x00007fff71040000 - 0x00007fff717d5000 	C:\Windows\SYSTEM32\windows.storage.dll
0x00007fff75310000 - 0x00007fff75665000 	C:\Windows\System32\combase.dll
0x00007fff728d0000 - 0x00007fff728fc000 	C:\Windows\SYSTEM32\Wldp.dll
0x00007fff74720000 - 0x00007fff747ce000 	C:\Windows\System32\SHCORE.dll
0x00007fff73cc0000 - 0x00007fff73d15000 	C:\Windows\System32\shlwapi.dll
0x00007fff72e00000 - 0x00007fff72e26000 	C:\Windows\SYSTEM32\profapi.dll
0x00007fff6c7a0000 - 0x00007fff6c7b9000 	D:\Softwares\Java\bin\net.dll
0x00007fff6b9a0000 - 0x00007fff6baa0000 	C:\Windows\SYSTEM32\WINHTTP.dll
0x00007fff725f0000 - 0x00007fff7265a000 	C:\Windows\system32\mswsock.dll
0x00007fff6c780000 - 0x00007fff6c792000 	D:\Softwares\Java\bin\nio.dll
0x00007fff6c090000 - 0x00007fff6c0a8000 	D:\Softwares\Java\bin\zip.dll
0x00007fff392b0000 - 0x00007fff39430000 	D:\Softwares\Java\bin\awt.dll
0x00007fff74860000 - 0x00007fff7492d000 	C:\Windows\System32\OLEAUT32.dll
0x00007fff707f0000 - 0x00007fff70880000 	C:\Windows\SYSTEM32\apphelp.dll
0x00007fff70980000 - 0x00007fff70a1e000 	C:\Windows\system32\uxtheme.dll
0x00007fff73ba0000 - 0x00007fff73cb5000 	C:\Windows\System32\MSCTF.dll
0x00007fff444c0000 - 0x00007fff445bc000 	C:\ProgramData\A-Volute\A-Volute.Nahimic\Modules\Scheduled\x64\A-Volute.NahimicDevProps2.dll
0x00007fff750f0000 - 0x00007fff7521a000 	C:\Windows\System32\ole32.dll
0x00007fff70c60000 - 0x00007fff70c8f000 	C:\Windows\system32\DWMAPI.DLL
0x00007fff58320000 - 0x00007fff583a5000 	D:\Softwares\Java\bin\freetype.dll
0x00007fff57460000 - 0x00007fff57509000 	D:\Softwares\Java\bin\fontmanager.dll
0x00007fff4a140000 - 0x00007fff4a265000 	C:\Windows\system32\opengl32.dll
0x00007fff6c050000 - 0x00007fff6c07c000 	C:\Windows\SYSTEM32\GLU32.dll
0x00007fff72ac0000 - 0x00007fff72ad2000 	C:\Windows\SYSTEM32\msasn1.dll
0x00007fff6d5a0000 - 0x00007fff6d5d1000 	C:\Windows\SYSTEM32\cryptnet.dll
0x00007fff72fc0000 - 0x00007fff7311d000 	C:\Windows\System32\CRYPT32.dll
0x00007fff727e0000 - 0x00007fff727ec000 	C:\Windows\SYSTEM32\cryptbase.dll
0x00007fff735d0000 - 0x00007fff73630000 	C:\Windows\System32\WINTRUST.DLL
0x00007fff75670000 - 0x00007fff7568d000 	C:\Windows\System32\imagehlp.dll
0x00007fff727c0000 - 0x00007fff727d8000 	C:\Windows\SYSTEM32\CRYPTSP.dll
0x00007fff71f80000 - 0x00007fff71fb4000 	C:\Windows\system32\rsaenh.dll
0x00007fff731d0000 - 0x00007fff731f7000 	C:\Windows\System32\bcrypt.dll
0x00007fff6b8f0000 - 0x00007fff6b92b000 	C:\Windows\SYSTEM32\dxcore.dll
0x00007fff72f70000 - 0x00007fff72fbe000 	C:\Windows\System32\cfgmgr32.dll

dbghelp: loaded successfully - version: 4.0.5 - missing functions: none
symbol engine: initialized successfully - sym options: 0x614 - pdb path: .;D:\Softwares\Java\bin;C:\Windows\SYSTEM32;C:\Windows\WinSxS\amd64_microsoft.windows.common-controls_6595b64144ccf1df_6.0.19041.488_none_ca04af081b815d21;D:\Softwares\Java\bin\server;C:\ProgramData\A-Volute\A-Volute.Nahimic\Modules\Scheduled\x64

VM Arguments:
jvm_args: -Dfile.encoding=UTF-8 
java_command: MainFrame
java_class_path (initial): C:\Users\cs949\OneDrive\Desktop\OnlineExamSystem\mysql-connector-java-5.1.49\mysql-connector-java-5.1.49-bin.jar;C:\Users\cs949\OneDrive\Desktop\OnlineExamSystem\mysql-connector-java-5.1.49\mysql-connector-java-5.1.49.jar;C:\Users\cs949\OneDrive\Desktop\OnlineExamSystem\OnlineExamSys\build\classes
Launcher Type: SUN_STANDARD

[Global flags]
     intx CICompilerCount                          = 12                                        {product} {ergonomic}
     uint ConcGCThreads                            = 3                                         {product} {ergonomic}
     uint G1ConcRefinementThreads                  = 13                                        {product} {ergonomic}
   size_t G1HeapRegionSize                         = 1048576                                   {product} {ergonomic}
    uintx GCDrainStackTargetSize                   = 64                                        {product} {ergonomic}
   size_t InitialHeapSize                          = 134217728                                 {product} {ergonomic}
   size_t MarkStackSize                            = 4194304                                   {product} {ergonomic}
   size_t MaxHeapSize                              = 2134900736                                {product} {ergonomic}
   size_t MaxNewSize                               = 1280311296                                {product} {ergonomic}
   size_t MinHeapDeltaBytes                        = 1048576                                   {product} {ergonomic}
   size_t MinHeapSize                              = 8388608                                   {product} {ergonomic}
    uintx NonNMethodCodeHeapSize                   = 7602480                                {pd product} {ergonomic}
    uintx NonProfiledCodeHeapSize                  = 122027880                              {pd product} {ergonomic}
    uintx ProfiledCodeHeapSize                     = 122027880                              {pd product} {ergonomic}
    uintx ReservedCodeCacheSize                    = 251658240                              {pd product} {ergonomic}
     bool SegmentedCodeCache                       = true                                      {product} {ergonomic}
   size_t SoftMaxHeapSize                          = 2134900736                             {manageable} {ergonomic}
     bool UseCompressedClassPointers               = true                                 {lp64_product} {ergonomic}
     bool UseCompressedOops                        = true                                 {lp64_product} {ergonomic}
     bool UseG1GC                                  = true                                      {product} {ergonomic}
     bool UseLargePagesIndividualAllocation        = false                                  {pd product} {ergonomic}

Logging:
Log output configuration:
 #0: stdout all=warning uptime,level,tags
 #1: stderr all=off uptime,level,tags

Environment Variables:
PATH=C:\Program Files\Common Files\Oracle\Java\javapath;C:\Windows\system32;C:\Windows;C:\Windows\System32\Wbem;C:\Windows\System32\WindowsPowerShell\v1.0\;C:\Windows\System32\OpenSSH\;C:\Program Files\NVIDIA Corporation\NVIDIA NvDLISR;C:\Program Files (x86)\NVIDIA Corporation\PhysX\Common;C:\Users\cs949\AppData\Local\Microsoft\WindowsApps
USERNAME=cs949
OS=Windows_NT
PROCESSOR_IDENTIFIER=AMD64 Family 23 Model 8 Stepping 2, AuthenticAMD



---------------  S Y S T E M  ---------------

OS:
 Windows 10 , 64 bit Build 19041 (10.0.19041.546)
OS uptime: 1 days 22:57 hours

CPU: total 16 (initial active 16) (16 cores per cpu, 2 threads per core) family 23 model 8 stepping 2 microcode 0x0, cmov, cx8, fxsr, mmx, sse, sse2, sse3, ssse3, sse4.1, sse4.2, popcnt, vzeroupper, avx, avx2, aes, clmul, 3dnowpref, lzcnt, sse4a, ht, tsc, tscinvbit, tscinv, bmi1, bmi2, adx, sha, fma, clflush, clflushopt

Memory: 4k page, system-wide physical 8141M (2312M free)
TotalPageFile size 8141M (AvailPageFile size 5M)
current process WorkingSet (physical memory assigned to process): 55M, peak: 55M
current process commit charge ("private bytes"): 234M, peak: 235M

vm_info: Java HotSpot(TM) 64-Bit Server VM (15.0.1+9-18) for windows-amd64 JRE (15.0.1+9-18), built on Sep 15 2020 14:43:54 by "mach5one" with unknown MS VC++:1925

END.
