#
# There is insufficient memory for the Java Runtime Environment to continue.
# Native memory allocation (malloc) failed to allocate 1048576 bytes for AllocateHeap
# Possible reasons:
#   The system is out of physical RAM or swap space
#   The process is running with CompressedOops enabled, and the Java Heap may be blocking the growth of the native heap
# Possible solutions:
#   Reduce memory load on the system
#   Increase physical memory or swap space
#   Check if swap backing store is full
#   Decrease Java heap size (-Xmx/-Xms)
#   Decrease number of Java threads
#   Decrease Java thread stack sizes (-Xss)
#   Set larger code cache with -XX:ReservedCodeCacheSize=
#   JVM is running with Unscaled Compressed Oops mode in which the Java heap is
#     placed in the first 4GB address space. The Java Heap base address is the
#     maximum limit for the native heap growth. Please use -XX:HeapBaseMinAddress
#     to set the Java Heap base and to place the Java Heap above 4GB virtual address.
# This output file may be truncated or incomplete.
#
#  Out of Memory Error (./open/src/hotspot/share/memory/allocation.cpp:44), pid=9508, tid=7816
#
# JRE version: Java(TM) SE Runtime Environment (15.0.1+9) (build 15.0.1+9-18)
# Java VM: Java HotSpot(TM) 64-Bit Server VM (15.0.1+9-18, mixed mode, sharing, tiered, compressed oops, g1 gc, windows-amd64)
# No core dump will be written. Minidumps are not enabled by default on client versions of Windows
#

---------------  S U M M A R Y ------------

Command Line: -Dfile.encoding=UTF-8 MainFrame

Host: AMD Ryzen 7 2700 Eight-Core Processor          , 16 cores, 7G,  Windows 10 , 64 bit Build 19041 (10.0.19041.546)
Time: Wed Dec  9 18:30:08 2020 India Standard Time elapsed time: 0.343176 seconds (0d 0h 0m 0s)

---------------  T H R E A D  ---------------

Current thread (0x0000021134ce5e10):  VMThread "VM Thread" [stack: 0x00000070a8800000,0x00000070a8900000] [id=7816]

Stack: [0x00000070a8800000,0x00000070a8900000]
[error occurred during error reporting (printing stack bounds), id 0xc0000005, EXCEPTION_ACCESS_VIOLATION (0xc0000005) at pc=0x000002111d9310ad]

Native frames: (J=compiled Java code, j=interpreted, Vv=VM code, C=native code)
V  [jvm.dll+0x62ae9a]
V  [jvm.dll+0x781389]
V  [jvm.dll+0x782ae3]
V  [jvm.dll+0x7830a5]
V  [jvm.dll+0x78305b]
V  [jvm.dll+0x62a2b9]
V  [jvm.dll+0x62aa88]
C  [ntdll.dll+0xa10ff]
C  [ntdll.dll+0x4b474]
C  [ntdll.dll+0x9fc2e]
C  0x000002111d9310ad

VM_Operation (0x00000070a98fd0e0): CollectForMetadataAllocation, mode: safepoint, requested by thread 0x00000211357475a0


---------------  P R O C E S S  ---------------

Threads class SMR info:
_java_thread_list=0x00000211361b3930, length=16, elements={
0x0000021134ced5d0, 0x0000021134cee0b0, 0x0000021134d032e0, 0x0000021134d04cb0,
0x0000021134d06a80, 0x0000021134d09830, 0x0000021134d157f0, 0x0000021135628070,
0x0000021135727eb0, 0x000002113574a0f0, 0x0000021135748db0, 0x0000021135746730,
0x0000021135749280, 0x0000021135749750, 0x00000211357475a0, 0x0000021135746c00
}

Java Threads: ( => current thread )
  0x0000021134ced5d0 JavaThread "Reference Handler" daemon [_thread_blocked, id=6496, stack(0x00000070a8900000,0x00000070a8a00000)]
  0x0000021134cee0b0 JavaThread "Finalizer" daemon [_thread_blocked, id=2696, stack(0x00000070a8a00000,0x00000070a8b00000)]
  0x0000021134d032e0 JavaThread "Signal Dispatcher" daemon [_thread_blocked, id=12964, stack(0x00000070a8b00000,0x00000070a8c00000)]
  0x0000021134d04cb0 JavaThread "Attach Listener" daemon [_thread_blocked, id=16432, stack(0x00000070a8c00000,0x00000070a8d00000)]
  0x0000021134d06a80 JavaThread "Service Thread" daemon [_thread_blocked, id=12856, stack(0x00000070a8d00000,0x00000070a8e00000)]
  0x0000021134d09830 JavaThread "C2 CompilerThread0" daemon [_thread_blocked, id=15768, stack(0x00000070a8e00000,0x00000070a8f00000)]
  0x0000021134d157f0 JavaThread "C1 CompilerThread0" daemon [_thread_blocked, id=13460, stack(0x00000070a8f00000,0x00000070a9000000)]
  0x0000021135628070 JavaThread "Sweeper thread" daemon [_thread_blocked, id=16228, stack(0x00000070a9000000,0x00000070a9100000)]
  0x0000021135727eb0 JavaThread "C1 CompilerThread1" daemon [_thread_blocked, id=6592, stack(0x00000070a9100000,0x00000070a9200000)]
  0x000002113574a0f0 JavaThread "Notification Thread" daemon [_thread_blocked, id=1956, stack(0x00000070a9200000,0x00000070a9300000)]
  0x0000021135748db0 JavaThread "Common-Cleaner" daemon [_thread_blocked, id=7776, stack(0x00000070a9400000,0x00000070a9500000)]
  0x0000021135746730 JavaThread "Java2D Disposer" daemon [_thread_blocked, id=14124, stack(0x00000070a9500000,0x00000070a9600000)]
  0x0000021135749280 JavaThread "AWT-Shutdown" [_thread_blocked, id=14484, stack(0x00000070a9600000,0x00000070a9700000)]
  0x0000021135749750 JavaThread "AWT-Windows" daemon [_thread_in_native, id=11328, stack(0x00000070a9700000,0x00000070a9800000)]
  0x00000211357475a0 JavaThread "AWT-EventQueue-0" [_thread_blocked, id=1812, stack(0x00000070a9800000,0x00000070a9900000)]
  0x0000021135746c00 JavaThread "DestroyJavaVM" [_thread_blocked, id=2132, stack(0x00000070a8200000,0x00000070a8300000)]

Other Threads:
=>0x0000021134ce5e10 VMThread "VM Thread" [stack: 0x00000070a8800000,0x00000070a8900000] [id=7816]
  0x000002113574bf10 WatcherThread [stack: 0x00000070a9300000,0x00000070a9400000] [id=15756]
  0x00000211157309f0 GCTaskThread "GC Thread#0" [stack: 0x00000070a8300000,0x00000070a8400000] [id=16788]
  0x00000211359e7f90 GCTaskThread "GC Thread#1" [stack: 0x00000070a9a00000,0x00000070a9b00000] [id=15376]
  0x00000211359e8f80 GCTaskThread "GC Thread#2" [stack: 0x00000070a9b00000,0x00000070a9c00000] [id=11052]
  0x00000211359e82c0 GCTaskThread "GC Thread#3" [stack: 0x00000070a9c00000,0x00000070a9d00000] [id=14756]
  0x00000211359e9f70 GCTaskThread "GC Thread#4" [stack: 0x00000070a9d00000,0x00000070a9e00000] [id=9364]
  0x00000211359e85f0 GCTaskThread "GC Thread#5" [stack: 0x00000070a9e00000,0x00000070a9f00000] [id=11048]
  0x0000021115742a60 ConcurrentGCThread "G1 Main Marker" [stack: 0x00000070a8400000,0x00000070a8500000] [id=17332]
  0x0000021115743d80 ConcurrentGCThread "G1 Conc#0" [stack: 0x00000070a8500000,0x00000070a8600000] [id=12044]
  0x00000211359e6610 ConcurrentGCThread "G1 Conc#1" [stack: 0x00000070a9f00000,0x00000070aa000000] [id=16500]
  0x00000211359e9c40 ConcurrentGCThread "G1 Conc#2" [stack: 0x00000070aa000000,0x00000070aa100000] [id=3532]
  0x00000211157ce240 ConcurrentGCThread "G1 Refine#0" [stack: 0x00000070a8600000,0x00000070a8700000] [id=15740]
  0x00000211157ceb10 ConcurrentGCThread "G1 Young RemSet Sampling" [stack: 0x00000070a8700000,0x00000070a8800000] [id=13624]

Threads with active compile tasks:

VM state: at safepoint (normal execution)

VM Mutex/Monitor currently owned by a thread:  ([mutex/lock_event])
[0x00000211156e6c40] Threads_lock - owner thread: 0x0000021134ce5e10
[0x00000211156e7b70] Heap_lock - owner thread: 0x00000211357475a0

Heap address: 0x0000000080c00000, size: 2036 MB, Compressed Oops mode: 32-bit
CDS archive(s) mapped at: [0x0000000800000000-0x0000000800b50000-0x0000000800b50000), size 11862016, SharedBaseAddress: 0x0000000800000000, ArchiveRelocationMode: 0.
Compressed class space mapped at: 0x0000000800b50000-0x0000000840b50000, size: 1073741824
Narrow klass base: 0x0000000800000000, Narrow klass shift: 3, Narrow klass range: 0x100000000

GC Precious Log:
 CPUs: 16 total, 16 available
 Memory: 8141M
 Large Page Support: Disabled
 NUMA Support: Disabled
 Compressed Oops: Enabled (32-bit)
 Heap Region Size: 1M
 Heap Min Capacity: 8M
 Heap Initial Capacity: 128M
 Heap Max Capacity: 2036M
 Pre-touch: Disabled
 Parallel Workers: 13
 Concurrent Workers: 3
 Concurrent Refinement Workers: 13
 Periodic GC: Disabled

Heap:
 garbage-first heap   total 131072K, used 1873K [0x0000000080c00000, 0x0000000100000000)
  region size 1024K, 2 young (2048K), 2 survivors (2048K)
 Metaspace       used 6843K, capacity 6979K, committed 7040K, reserved 1064960K
  class space    used 799K, capacity 853K, committed 896K, reserved 1048576K

Heap Regions: E=young(eden), S=young(survivor), O=old, HS=humongous(starts), HC=humongous(continues), CS=collection set, F=free, OA=open archive, CA=closed archive, TAMS=top-at-mark-start (previous, next)
|   0|0x0000000080c00000, 0x0000000080c00000, 0x0000000080d00000|  0%| F|  |TAMS 0x0000000080c00000, 0x0000000080c00000| Untracked 
|   1|0x0000000080d00000, 0x0000000080d00000, 0x0000000080e00000|  0%| F|  |TAMS 0x0000000080d00000, 0x0000000080d00000| Untracked 
|   2|0x0000000080e00000, 0x0000000080e00000, 0x0000000080f00000|  0%| F|  |TAMS 0x0000000080e00000, 0x0000000080e00000| Untracked 
|   3|0x0000000080f00000, 0x0000000080f00000, 0x0000000081000000|  0%| F|  |TAMS 0x0000000080f00000, 0x0000000080f00000| Untracked 
|   4|0x0000000081000000, 0x0000000081000000, 0x0000000081100000|  0%| F|  |TAMS 0x0000000081000000, 0x0000000081000000| Untracked 
|   5|0x0000000081100000, 0x0000000081100000, 0x0000000081200000|  0%| F|  |TAMS 0x0000000081100000, 0x0000000081100000| Untracked 
|   6|0x0000000081200000, 0x0000000081200000, 0x0000000081300000|  0%| F|  |TAMS 0x0000000081200000, 0x0000000081200000| Untracked 
|   7|0x0000000081300000, 0x0000000081300000, 0x0000000081400000|  0%| F|  |TAMS 0x0000000081300000, 0x0000000081300000| Untracked 
|   8|0x0000000081400000, 0x0000000081400000, 0x0000000081500000|  0%| F|  |TAMS 0x0000000081400000, 0x0000000081400000| Untracked 
|   9|0x0000000081500000, 0x0000000081500000, 0x0000000081600000|  0%| F|  |TAMS 0x0000000081500000, 0x0000000081500000| Untracked 
|  10|0x0000000081600000, 0x0000000081600000, 0x0000000081700000|  0%| F|  |TAMS 0x0000000081600000, 0x0000000081600000| Untracked 
|  11|0x0000000081700000, 0x0000000081700000, 0x0000000081800000|  0%| F|  |TAMS 0x0000000081700000, 0x0000000081700000| Untracked 
|  12|0x0000000081800000, 0x0000000081800000, 0x0000000081900000|  0%| F|  |TAMS 0x0000000081800000, 0x0000000081800000| Untracked 
|  13|0x0000000081900000, 0x0000000081900000, 0x0000000081a00000|  0%| F|  |TAMS 0x0000000081900000, 0x0000000081900000| Untracked 
|  14|0x0000000081a00000, 0x0000000081a00000, 0x0000000081b00000|  0%| F|  |TAMS 0x0000000081a00000, 0x0000000081a00000| Untracked 
|  15|0x0000000081b00000, 0x0000000081b00000, 0x0000000081c00000|  0%| F|  |TAMS 0x0000000081b00000, 0x0000000081b00000| Untracked 
|  16|0x0000000081c00000, 0x0000000081c00000, 0x0000000081d00000|  0%| F|  |TAMS 0x0000000081c00000, 0x0000000081c00000| Untracked 
|  17|0x0000000081d00000, 0x0000000081d00000, 0x0000000081e00000|  0%| F|  |TAMS 0x0000000081d00000, 0x0000000081d00000| Untracked 
|  18|0x0000000081e00000, 0x0000000081e00000, 0x0000000081f00000|  0%| F|  |TAMS 0x0000000081e00000, 0x0000000081e00000| Untracked 
|  19|0x0000000081f00000, 0x0000000081f00000, 0x0000000082000000|  0%| F|  |TAMS 0x0000000081f00000, 0x0000000081f00000| Untracked 
|  20|0x0000000082000000, 0x0000000082000000, 0x0000000082100000|  0%| F|  |TAMS 0x0000000082000000, 0x0000000082000000| Untracked 
|  21|0x0000000082100000, 0x0000000082100000, 0x0000000082200000|  0%| F|  |TAMS 0x0000000082100000, 0x0000000082100000| Untracked 
|  22|0x0000000082200000, 0x0000000082200000, 0x0000000082300000|  0%| F|  |TAMS 0x0000000082200000, 0x0000000082200000| Untracked 
|  23|0x0000000082300000, 0x0000000082300000, 0x0000000082400000|  0%| F|  |TAMS 0x0000000082300000, 0x0000000082300000| Untracked 
|  24|0x0000000082400000, 0x0000000082400000, 0x0000000082500000|  0%| F|  |TAMS 0x0000000082400000, 0x0000000082400000| Untracked 
|  25|0x0000000082500000, 0x0000000082500000, 0x0000000082600000|  0%| F|  |TAMS 0x0000000082500000, 0x0000000082500000| Untracked 
|  26|0x0000000082600000, 0x0000000082600000, 0x0000000082700000|  0%| F|  |TAMS 0x0000000082600000, 0x0000000082600000| Untracked 
|  27|0x0000000082700000, 0x0000000082700000, 0x0000000082800000|  0%| F|  |TAMS 0x0000000082700000, 0x0000000082700000| Untracked 
|  28|0x0000000082800000, 0x0000000082800000, 0x0000000082900000|  0%| F|  |TAMS 0x0000000082800000, 0x0000000082800000| Untracked 
|  29|0x0000000082900000, 0x0000000082900000, 0x0000000082a00000|  0%| F|  |TAMS 0x0000000082900000, 0x0000000082900000| Untracked 
|  30|0x0000000082a00000, 0x0000000082a00000, 0x0000000082b00000|  0%| F|  |TAMS 0x0000000082a00000, 0x0000000082a00000| Untracked 
|  31|0x0000000082b00000, 0x0000000082b00000, 0x0000000082c00000|  0%| F|  |TAMS 0x0000000082b00000, 0x0000000082b00000| Untracked 
|  32|0x0000000082c00000, 0x0000000082c00000, 0x0000000082d00000|  0%| F|  |TAMS 0x0000000082c00000, 0x0000000082c00000| Untracked 
|  33|0x0000000082d00000, 0x0000000082d00000, 0x0000000082e00000|  0%| F|  |TAMS 0x0000000082d00000, 0x0000000082d00000| Untracked 
|  34|0x0000000082e00000, 0x0000000082e00000, 0x0000000082f00000|  0%| F|  |TAMS 0x0000000082e00000, 0x0000000082e00000| Untracked 
|  35|0x0000000082f00000, 0x0000000082f00000, 0x0000000083000000|  0%| F|  |TAMS 0x0000000082f00000, 0x0000000082f00000| Untracked 
|  36|0x0000000083000000, 0x0000000083000000, 0x0000000083100000|  0%| F|  |TAMS 0x0000000083000000, 0x0000000083000000| Untracked 
|  37|0x0000000083100000, 0x0000000083100000, 0x0000000083200000|  0%| F|  |TAMS 0x0000000083100000, 0x0000000083100000| Untracked 
|  38|0x0000000083200000, 0x0000000083200000, 0x0000000083300000|  0%| F|  |TAMS 0x0000000083200000, 0x0000000083200000| Untracked 
|  39|0x0000000083300000, 0x0000000083300000, 0x0000000083400000|  0%| F|  |TAMS 0x0000000083300000, 0x0000000083300000| Untracked 
|  40|0x0000000083400000, 0x0000000083400000, 0x0000000083500000|  0%| F|  |TAMS 0x0000000083400000, 0x0000000083400000| Untracked 
|  41|0x0000000083500000, 0x0000000083500000, 0x0000000083600000|  0%| F|  |TAMS 0x0000000083500000, 0x0000000083500000| Untracked 
|  42|0x0000000083600000, 0x0000000083600000, 0x0000000083700000|  0%| F|  |TAMS 0x0000000083600000, 0x0000000083600000| Untracked 
|  43|0x0000000083700000, 0x0000000083700000, 0x0000000083800000|  0%| F|  |TAMS 0x0000000083700000, 0x0000000083700000| Untracked 
|  44|0x0000000083800000, 0x0000000083800000, 0x0000000083900000|  0%| F|  |TAMS 0x0000000083800000, 0x0000000083800000| Untracked 
|  45|0x0000000083900000, 0x0000000083900000, 0x0000000083a00000|  0%| F|  |TAMS 0x0000000083900000, 0x0000000083900000| Untracked 
|  46|0x0000000083a00000, 0x0000000083a00000, 0x0000000083b00000|  0%| F|  |TAMS 0x0000000083a00000, 0x0000000083a00000| Untracked 
|  47|0x0000000083b00000, 0x0000000083b00000, 0x0000000083c00000|  0%| F|  |TAMS 0x0000000083b00000, 0x0000000083b00000| Untracked 
|  48|0x0000000083c00000, 0x0000000083c00000, 0x0000000083d00000|  0%| F|  |TAMS 0x0000000083c00000, 0x0000000083c00000| Untracked 
|  49|0x0000000083d00000, 0x0000000083d00000, 0x0000000083e00000|  0%| F|  |TAMS 0x0000000083d00000, 0x0000000083d00000| Untracked 
|  50|0x0000000083e00000, 0x0000000083e00000, 0x0000000083f00000|  0%| F|  |TAMS 0x0000000083e00000, 0x0000000083e00000| Untracked 
|  51|0x0000000083f00000, 0x0000000083f00000, 0x0000000084000000|  0%| F|  |TAMS 0x0000000083f00000, 0x0000000083f00000| Untracked 
|  52|0x0000000084000000, 0x0000000084000000, 0x0000000084100000|  0%| F|  |TAMS 0x0000000084000000, 0x0000000084000000| Untracked 
|  53|0x0000000084100000, 0x0000000084100000, 0x0000000084200000|  0%| F|  |TAMS 0x0000000084100000, 0x0000000084100000| Untracked 
|  54|0x0000000084200000, 0x0000000084200000, 0x0000000084300000|  0%| F|  |TAMS 0x0000000084200000, 0x0000000084200000| Untracked 
|  55|0x0000000084300000, 0x0000000084300000, 0x0000000084400000|  0%| F|  |TAMS 0x0000000084300000, 0x0000000084300000| Untracked 
|  56|0x0000000084400000, 0x0000000084400000, 0x0000000084500000|  0%| F|  |TAMS 0x0000000084400000, 0x0000000084400000| Untracked 
|  57|0x0000000084500000, 0x0000000084500000, 0x0000000084600000|  0%| F|  |TAMS 0x0000000084500000, 0x0000000084500000| Untracked 
|  58|0x0000000084600000, 0x0000000084600000, 0x0000000084700000|  0%| F|  |TAMS 0x0000000084600000, 0x0000000084600000| Untracked 
|  59|0x0000000084700000, 0x0000000084700000, 0x0000000084800000|  0%| F|  |TAMS 0x0000000084700000, 0x0000000084700000| Untracked 
|  60|0x0000000084800000, 0x0000000084800000, 0x0000000084900000|  0%| F|  |TAMS 0x0000000084800000, 0x0000000084800000| Untracked 
|  61|0x0000000084900000, 0x0000000084900000, 0x0000000084a00000|  0%| F|  |TAMS 0x0000000084900000, 0x0000000084900000| Untracked 
|  62|0x0000000084a00000, 0x0000000084a00000, 0x0000000084b00000|  0%| F|  |TAMS 0x0000000084a00000, 0x0000000084a00000| Untracked 
|  63|0x0000000084b00000, 0x0000000084b00000, 0x0000000084c00000|  0%| F|  |TAMS 0x0000000084b00000, 0x0000000084b00000| Untracked 
|  64|0x0000000084c00000, 0x0000000084c00000, 0x0000000084d00000|  0%| F|  |TAMS 0x0000000084c00000, 0x0000000084c00000| Untracked 
|  65|0x0000000084d00000, 0x0000000084d00000, 0x0000000084e00000|  0%| F|  |TAMS 0x0000000084d00000, 0x0000000084d00000| Untracked 
|  66|0x0000000084e00000, 0x0000000084e00000, 0x0000000084f00000|  0%| F|  |TAMS 0x0000000084e00000, 0x0000000084e00000| Untracked 
|  67|0x0000000084f00000, 0x0000000084f00000, 0x0000000085000000|  0%| F|  |TAMS 0x0000000084f00000, 0x0000000084f00000| Untracked 
|  68|0x0000000085000000, 0x0000000085000000, 0x0000000085100000|  0%| F|  |TAMS 0x0000000085000000, 0x0000000085000000| Untracked 
|  69|0x0000000085100000, 0x0000000085100000, 0x0000000085200000|  0%| F|  |TAMS 0x0000000085100000, 0x0000000085100000| Untracked 
|  70|0x0000000085200000, 0x0000000085200000, 0x0000000085300000|  0%| F|  |TAMS 0x0000000085200000, 0x0000000085200000| Untracked 
|  71|0x0000000085300000, 0x0000000085300000, 0x0000000085400000|  0%| F|  |TAMS 0x0000000085300000, 0x0000000085300000| Untracked 
|  72|0x0000000085400000, 0x0000000085400000, 0x0000000085500000|  0%| F|  |TAMS 0x0000000085400000, 0x0000000085400000| Untracked 
|  73|0x0000000085500000, 0x0000000085500000, 0x0000000085600000|  0%| F|  |TAMS 0x0000000085500000, 0x0000000085500000| Untracked 
|  74|0x0000000085600000, 0x0000000085600000, 0x0000000085700000|  0%| F|  |TAMS 0x0000000085600000, 0x0000000085600000| Untracked 
|  75|0x0000000085700000, 0x0000000085700000, 0x0000000085800000|  0%| F|  |TAMS 0x0000000085700000, 0x0000000085700000| Untracked 
|  76|0x0000000085800000, 0x0000000085800000, 0x0000000085900000|  0%| F|  |TAMS 0x0000000085800000, 0x0000000085800000| Untracked 
|  77|0x0000000085900000, 0x0000000085900000, 0x0000000085a00000|  0%| F|  |TAMS 0x0000000085900000, 0x0000000085900000| Untracked 
|  78|0x0000000085a00000, 0x0000000085a00000, 0x0000000085b00000|  0%| F|  |TAMS 0x0000000085a00000, 0x0000000085a00000| Untracked 
|  79|0x0000000085b00000, 0x0000000085b00000, 0x0000000085c00000|  0%| F|  |TAMS 0x0000000085b00000, 0x0000000085b00000| Untracked 
|  80|0x0000000085c00000, 0x0000000085c00000, 0x0000000085d00000|  0%| F|  |TAMS 0x0000000085c00000, 0x0000000085c00000| Untracked 
|  81|0x0000000085d00000, 0x0000000085d00000, 0x0000000085e00000|  0%| F|  |TAMS 0x0000000085d00000, 0x0000000085d00000| Untracked 
|  82|0x0000000085e00000, 0x0000000085e00000, 0x0000000085f00000|  0%| F|  |TAMS 0x0000000085e00000, 0x0000000085e00000| Untracked 
|  83|0x0000000085f00000, 0x0000000085f00000, 0x0000000086000000|  0%| F|  |TAMS 0x0000000085f00000, 0x0000000085f00000| Untracked 
|  84|0x0000000086000000, 0x0000000086000000, 0x0000000086100000|  0%| F|  |TAMS 0x0000000086000000, 0x0000000086000000| Untracked 
|  85|0x0000000086100000, 0x0000000086100000, 0x0000000086200000|  0%| F|  |TAMS 0x0000000086100000, 0x0000000086100000| Untracked 
|  86|0x0000000086200000, 0x0000000086200000, 0x0000000086300000|  0%| F|  |TAMS 0x0000000086200000, 0x0000000086200000| Untracked 
|  87|0x0000000086300000, 0x0000000086300000, 0x0000000086400000|  0%| F|  |TAMS 0x0000000086300000, 0x0000000086300000| Untracked 
|  88|0x0000000086400000, 0x0000000086400000, 0x0000000086500000|  0%| F|  |TAMS 0x0000000086400000, 0x0000000086400000| Untracked 
|  89|0x0000000086500000, 0x0000000086500000, 0x0000000086600000|  0%| F|  |TAMS 0x0000000086500000, 0x0000000086500000| Untracked 
|  90|0x0000000086600000, 0x0000000086600000, 0x0000000086700000|  0%| F|  |TAMS 0x0000000086600000, 0x0000000086600000| Untracked 
|  91|0x0000000086700000, 0x0000000086700000, 0x0000000086800000|  0%| F|  |TAMS 0x0000000086700000, 0x0000000086700000| Untracked 
|  92|0x0000000086800000, 0x0000000086800000, 0x0000000086900000|  0%| F|  |TAMS 0x0000000086800000, 0x0000000086800000| Untracked 
|  93|0x0000000086900000, 0x0000000086900000, 0x0000000086a00000|  0%| F|  |TAMS 0x0000000086900000, 0x0000000086900000| Untracked 
|  94|0x0000000086a00000, 0x0000000086a00000, 0x0000000086b00000|  0%| F|  |TAMS 0x0000000086a00000, 0x0000000086a00000| Untracked 
|  95|0x0000000086b00000, 0x0000000086b00000, 0x0000000086c00000|  0%| F|  |TAMS 0x0000000086b00000, 0x0000000086b00000| Untracked 
|  96|0x0000000086c00000, 0x0000000086c00000, 0x0000000086d00000|  0%| F|  |TAMS 0x0000000086c00000, 0x0000000086c00000| Untracked 
|  97|0x0000000086d00000, 0x0000000086d00000, 0x0000000086e00000|  0%| F|  |TAMS 0x0000000086d00000, 0x0000000086d00000| Untracked 
|  98|0x0000000086e00000, 0x0000000086e00000, 0x0000000086f00000|  0%| F|  |TAMS 0x0000000086e00000, 0x0000000086e00000| Untracked 
|  99|0x0000000086f00000, 0x0000000086f00000, 0x0000000087000000|  0%| F|  |TAMS 0x0000000086f00000, 0x0000000086f00000| Untracked 
| 100|0x0000000087000000, 0x0000000087000000, 0x0000000087100000|  0%| F|  |TAMS 0x0000000087000000, 0x0000000087000000| Untracked 
| 101|0x0000000087100000, 0x0000000087100000, 0x0000000087200000|  0%| F|  |TAMS 0x0000000087100000, 0x0000000087100000| Untracked 
| 102|0x0000000087200000, 0x0000000087200000, 0x0000000087300000|  0%| F|  |TAMS 0x0000000087200000, 0x0000000087200000| Untracked 
| 103|0x0000000087300000, 0x0000000087300000, 0x0000000087400000|  0%| F|  |TAMS 0x0000000087300000, 0x0000000087300000| Untracked 
| 104|0x0000000087400000, 0x0000000087400000, 0x0000000087500000|  0%| F|  |TAMS 0x0000000087400000, 0x0000000087400000| Untracked 
| 105|0x0000000087500000, 0x0000000087500000, 0x0000000087600000|  0%| F|  |TAMS 0x0000000087500000, 0x0000000087500000| Untracked 
| 106|0x0000000087600000, 0x0000000087600000, 0x0000000087700000|  0%| F|  |TAMS 0x0000000087600000, 0x0000000087600000| Untracked 
| 107|0x0000000087700000, 0x0000000087700000, 0x0000000087800000|  0%| F|  |TAMS 0x0000000087700000, 0x0000000087700000| Untracked 
| 108|0x0000000087800000, 0x0000000087800000, 0x0000000087900000|  0%| F|  |TAMS 0x0000000087800000, 0x0000000087800000| Untracked 
| 109|0x0000000087900000, 0x0000000087900000, 0x0000000087a00000|  0%| F|  |TAMS 0x0000000087900000, 0x0000000087900000| Untracked 
| 110|0x0000000087a00000, 0x0000000087a00000, 0x0000000087b00000|  0%| F|  |TAMS 0x0000000087a00000, 0x0000000087a00000| Untracked 
| 111|0x0000000087b00000, 0x0000000087b00000, 0x0000000087c00000|  0%| F|  |TAMS 0x0000000087b00000, 0x0000000087b00000| Untracked 
| 112|0x0000000087c00000, 0x0000000087c00000, 0x0000000087d00000|  0%| F|  |TAMS 0x0000000087c00000, 0x0000000087c00000| Untracked 
| 113|0x0000000087d00000, 0x0000000087d00000, 0x0000000087e00000|  0%| F|  |TAMS 0x0000000087d00000, 0x0000000087d00000| Untracked 
| 114|0x0000000087e00000, 0x0000000087e00000, 0x0000000087f00000|  0%| F|  |TAMS 0x0000000087e00000, 0x0000000087e00000| Untracked 
| 115|0x0000000087f00000, 0x0000000087f00000, 0x0000000088000000|  0%| F|  |TAMS 0x0000000087f00000, 0x0000000087f00000| Untracked 
| 116|0x0000000088000000, 0x0000000088000000, 0x0000000088100000|  0%| F|  |TAMS 0x0000000088000000, 0x0000000088000000| Untracked 
| 117|0x0000000088100000, 0x0000000088100000, 0x0000000088200000|  0%| F|  |TAMS 0x0000000088100000, 0x0000000088100000| Untracked 
| 118|0x0000000088200000, 0x0000000088200000, 0x0000000088300000|  0%| F|  |TAMS 0x0000000088200000, 0x0000000088200000| Untracked 
| 119|0x0000000088300000, 0x0000000088300000, 0x0000000088400000|  0%| F|  |TAMS 0x0000000088300000, 0x0000000088300000| Untracked 
| 120|0x0000000088400000, 0x0000000088400000, 0x0000000088500000|  0%| F|  |TAMS 0x0000000088400000, 0x0000000088400000| Untracked 
| 121|0x0000000088500000, 0x00000000885d47c0, 0x0000000088600000| 83%| S|CS|TAMS 0x0000000088500000, 0x0000000088500000| Complete 
| 122|0x0000000088600000, 0x0000000088700000, 0x0000000088700000|100%| S|CS|TAMS 0x0000000088600000, 0x0000000088600000| Complete 
| 123|0x0000000088700000, 0x0000000088700000, 0x0000000088800000|  0%| F|  |TAMS 0x0000000088700000, 0x0000000088700000| Untracked 
| 124|0x0000000088800000, 0x0000000088800000, 0x0000000088900000|  0%| F|  |TAMS 0x0000000088800000, 0x0000000088800000| Untracked 
| 125|0x0000000088900000, 0x0000000088900000, 0x0000000088a00000|  0%| F|  |TAMS 0x0000000088900000, 0x0000000088900000| Untracked 
| 126|0x0000000088a00000, 0x0000000088a00000, 0x0000000088b00000|  0%| F|  |TAMS 0x0000000088a00000, 0x0000000088a00000| Untracked 
| 127|0x0000000088b00000, 0x0000000088b00000, 0x0000000088c00000|  0%| F|  |TAMS 0x0000000088b00000, 0x0000000088b00000| Untracked 

Card table byte_map: [0x000002112d5b0000,0x000002112d9b0000] _byte_map_base: 0x000002112d1aa000

Marking Bits (Prev, Next): (CMBitMap*) 0x0000021115732180, (CMBitMap*) 0x00000211157321c0
 Prev Bits: [0x000002112ddb0000, 0x000002112fd80000)
 Next Bits: [0x000002112fd80000, 0x0000021131d50000)

Polling page: 0x0000021113370000

Metaspace:

Usage:
  Non-class:      5.98 MB capacity,     5.90 MB ( 99%) used,    74.76 KB (  1%) free+waste,     8.06 KB ( <1%) overhead. 
      Class:    853.00 KB capacity,   799.84 KB ( 94%) used,    49.28 KB (  6%) free+waste,     3.88 KB ( <1%) overhead. 
       Both:      6.82 MB capacity,     6.68 MB ( 98%) used,   124.04 KB (  2%) free+waste,    11.94 KB ( <1%) overhead. 

Virtual space:
  Non-class space:       16.00 MB reserved,       6.00 MB ( 38%) committed 
      Class space:        1.00 GB reserved,     896.00 KB ( <1%) committed 
             Both:        1.02 GB reserved,       6.88 MB ( <1%) committed 

Chunk freelists:
   Non-Class:  18.00 KB
       Class:  11.00 KB
        Both:  29.00 KB

MaxMetaspaceSize: 17179869184.00 GB
CompressedClassSpaceSize: 1.00 GB

CodeHeap 'non-profiled nmethods': size=119168Kb used=151Kb max_used=151Kb free=119016Kb
 bounds [0x00000211254d0000, 0x0000021125740000, 0x000002112c930000]
CodeHeap 'profiled nmethods': size=119104Kb used=994Kb max_used=994Kb free=118109Kb
 bounds [0x000002111e080000, 0x000002111e2f0000, 0x00000211254d0000]
CodeHeap 'non-nmethods': size=7488Kb used=1790Kb max_used=1805Kb free=5697Kb
 bounds [0x000002111d930000, 0x000002111dba0000, 0x000002111e080000]
 total_blobs=1138 nmethods=637 adapters=413
 compilation: enabled
              stopped_count=0, restarted_count=0
 full_count=0

Compilation events (20 events):
Event: 0.326 Thread 0x0000021135727eb0 nmethod 628 0x000002111e175510 code [0x000002111e1756c0, 0x000002111e175958]
Event: 0.326 Thread 0x0000021135727eb0  629       3       java.util.ArrayList::get (15 bytes)
Event: 0.326 Thread 0x0000021134d157f0 nmethod 627 0x000002111e175a90 code [0x000002111e175ce0, 0x000002111e176498]
Event: 0.326 Thread 0x0000021135727eb0 nmethod 629 0x000002111e176790 code [0x000002111e176960, 0x000002111e176d08]
Event: 0.327 Thread 0x0000021134d157f0  630       3       java.util.Objects::checkIndex (7 bytes)
Event: 0.327 Thread 0x0000021135727eb0  631       3       jdk.internal.util.Preconditions::checkIndex (18 bytes)
Event: 0.327 Thread 0x0000021135727eb0 nmethod 631 0x000002111e176e90 code [0x000002111e177040, 0x000002111e1771e8]
Event: 0.327 Thread 0x0000021134d157f0 nmethod 630 0x000002111e177290 code [0x000002111e177440, 0x000002111e177648]
Event: 0.327 Thread 0x0000021135727eb0  632       3       java.util.ArrayList::elementData (7 bytes)
Event: 0.327 Thread 0x0000021135727eb0 nmethod 632 0x000002111e177790 code [0x000002111e177920, 0x000002111e177a58]
Event: 0.327 Thread 0x0000021135727eb0  633       3       java.util.HashMap::<init> (11 bytes)
Event: 0.327 Thread 0x0000021135727eb0 nmethod 633 0x000002111e177b10 code [0x000002111e177cc0, 0x000002111e177e78]
Event: 0.327 Thread 0x0000021135727eb0  634       1       java.lang.AbstractStringBuilder::length (5 bytes)
Event: 0.327 Thread 0x0000021134d157f0  635  s    3       java.util.Hashtable::get (69 bytes)
Event: 0.327 Thread 0x0000021135727eb0 nmethod 634 0x00000211254f5610 code [0x00000211254f57a0, 0x00000211254f5858]
Event: 0.327 Thread 0x0000021135727eb0  636       1       java.beans.PropertyChangeEvent::getOldValue (5 bytes)
Event: 0.327 Thread 0x0000021135727eb0 nmethod 636 0x00000211254f5910 code [0x00000211254f5aa0, 0x00000211254f5b58]
Event: 0.327 Thread 0x0000021135727eb0  637       1       java.beans.PropertyChangeEvent::getNewValue (5 bytes)
Event: 0.328 Thread 0x0000021135727eb0 nmethod 637 0x00000211254f5c10 code [0x00000211254f5da0, 0x00000211254f5e58]
Event: 0.328 Thread 0x0000021134d157f0 nmethod 635 0x000002111e177f90 code [0x000002111e178160, 0x000002111e178698]

GC Heap History (2 events):
Event: 0.328 GC heap before
{Heap before GC invocations=0 (full 0):
 garbage-first heap   total 131072K, used 4096K [0x0000000080c00000, 0x0000000100000000)
  region size 1024K, 5 young (5120K), 0 survivors (0K)
 Metaspace       used 6843K, capacity 6979K, committed 7040K, reserved 1062912K
  class space    used 799K, capacity 853K, committed 896K, reserved 1048576K
}
Event: 0.331 GC heap after
{Heap after GC invocations=1 (full 0):
 garbage-first heap   total 131072K, used 1873K [0x0000000080c00000, 0x0000000100000000)
  region size 1024K, 2 young (2048K), 2 survivors (2048K)
 Metaspace       used 6843K, capacity 6979K, committed 7040K, reserved 1062912K
  class space    used 799K, capacity 853K, committed 896K, reserved 1048576K
}

Deoptimization events (4 events):
Event: 0.053 Thread 0x00000211156ec0d0 Uncommon trap: trap_request=0xffffff45 fr.pc=0x00000211254d4540 relative=0x0000000000000220
Event: 0.053 Thread 0x00000211156ec0d0 Uncommon trap: reason=unstable_if action=reinterpret pc=0x00000211254d4540 method=java.lang.String.hashCode()I @ 13 c2
Event: 0.053 Thread 0x00000211156ec0d0 DEOPT PACKING pc=0x00000211254d4540 sp=0x00000070a82fdf30
Event: 0.053 Thread 0x00000211156ec0d0 DEOPT UNPACKING pc=0x000002111d97e42f sp=0x00000070a82fdec0 mode 2

Classes unloaded (0 events):
No events

Classes redefined (0 events):
No events

Internal exceptions (20 events):
Event: 0.232 Thread 0x00000211156ec0d0 Exception <a 'java/lang/ClassNotFoundException'{0x000000008871d978}: PasswordField> (0x000000008871d978) 
thrown [./open/src/hotspot/share/classfile/systemDictionary.cpp, line 295]
Event: 0.232 Thread 0x00000211156ec0d0 Exception <a 'java/lang/ClassNotFoundException'{0x000000008871ded0}: TextArea> (0x000000008871ded0) 
thrown [./open/src/hotspot/share/classfile/systemDictionary.cpp, line 295]
Event: 0.233 Thread 0x00000211156ec0d0 Exception <a 'java/lang/ClassNotFoundException'{0x000000008871e810}: TextPane> (0x000000008871e810) 
thrown [./open/src/hotspot/share/classfile/systemDictionary.cpp, line 295]
Event: 0.233 Thread 0x00000211156ec0d0 Exception <a 'java/lang/ClassNotFoundException'{0x000000008871ec78}: EditorPane> (0x000000008871ec78) 
thrown [./open/src/hotspot/share/classfile/systemDictionary.cpp, line 295]
Event: 0.233 Thread 0x00000211156ec0d0 Exception <a 'java/lang/ClassNotFoundException'{0x000000008871f5d8}: ToolBar> (0x000000008871f5d8) 
thrown [./open/src/hotspot/share/classfile/systemDictionary.cpp, line 295]
Event: 0.233 Thread 0x00000211156ec0d0 Exception <a 'java/lang/ClassNotFoundException'{0x000000008871fad0}: ToolBar> (0x000000008871fad0) 
thrown [./open/src/hotspot/share/classfile/systemDictionary.cpp, line 295]
Event: 0.233 Thread 0x00000211156ec0d0 Exception <a 'java/lang/ClassNotFoundException'{0x000000008871fe30}: Button> (0x000000008871fe30) 
thrown [./open/src/hotspot/share/classfile/systemDictionary.cpp, line 295]
Event: 0.233 Thread 0x00000211156ec0d0 Exception <a 'java/lang/ClassNotFoundException'{0x00000000887202f8}: ToolBar> (0x00000000887202f8) 
thrown [./open/src/hotspot/share/classfile/systemDictionary.cpp, line 295]
Event: 0.233 Thread 0x00000211156ec0d0 Exception <a 'java/lang/ClassNotFoundException'{0x0000000088720668}: ToggleButton> (0x0000000088720668) 
thrown [./open/src/hotspot/share/classfile/systemDictionary.cpp, line 295]
Event: 0.233 Thread 0x00000211156ec0d0 Exception <a 'java/lang/ClassNotFoundException'{0x0000000088720aa8}: javax/swing/JToolBarSeparator> (0x0000000088720aa8) 
thrown [./open/src/hotspot/share/classfile/systemDictionary.cpp, line 295]
Event: 0.233 Thread 0x00000211156ec0d0 Exception <a 'java/lang/ClassNotFoundException'{0x0000000088720db0}: ToolBarSeparator> (0x0000000088720db0) 
thrown [./open/src/hotspot/share/classfile/systemDictionary.cpp, line 295]
Event: 0.233 Thread 0x00000211156ec0d0 Exception <a 'java/lang/ClassNotFoundException'{0x00000000887212c8}: ToolTip> (0x00000000887212c8) 
thrown [./open/src/hotspot/share/classfile/systemDictionary.cpp, line 295]
Event: 0.234 Thread 0x00000211156ec0d0 Exception <a 'java/lang/ClassNotFoundException'{0x0000000088721c18}: Tree> (0x0000000088721c18) 
thrown [./open/src/hotspot/share/classfile/systemDictionary.cpp, line 295]
Event: 0.234 Thread 0x00000211156ec0d0 Exception <a 'java/lang/ClassNotFoundException'{0x0000000088722110}: Tree> (0x0000000088722110) 
thrown [./open/src/hotspot/share/classfile/systemDictionary.cpp, line 295]
Event: 0.234 Thread 0x00000211156ec0d0 Exception <a 'java/lang/ClassNotFoundException'{0x0000000088722480}: javax/swing/JTreeCell> (0x0000000088722480) 
thrown [./open/src/hotspot/share/classfile/systemDictionary.cpp, line 295]
Event: 0.234 Thread 0x00000211156ec0d0 Exception <a 'java/lang/ClassNotFoundException'{0x0000000088722780}: TreeCell> (0x0000000088722780) 
thrown [./open/src/hotspot/share/classfile/systemDictionary.cpp, line 295]
Event: 0.234 Thread 0x00000211156ec0d0 Exception <a 'java/lang/ClassNotFoundException'{0x0000000088722f40}: RootPane> (0x0000000088722f40) 
thrown [./open/src/hotspot/share/classfile/systemDictionary.cpp, line 295]
Event: 0.236 Thread 0x00000211156ec0d0 Exception <a 'java/lang/ClassNotFoundException'{0x0000000088725d90}: com/sun/swing/internal/plaf/metal/resources/spi/metalProvider> (0x0000000088725d90) 
thrown [./open/src/hotspot/share/classfile/systemDictionary.cpp, line 295]
Event: 0.237 Thread 0x00000211156ec0d0 Exception <a 'java/lang/ClassNotFoundException'{0x0000000088729da8}: com/sun/swing/internal/plaf/basic/resources/spi/basicProvider> (0x0000000088729da8) 
thrown [./open/src/hotspot/share/classfile/systemDictionary.cpp, line 295]
Event: 0.312 Thread 0x00000211357475a0 Exception <a 'java/lang/ClassNotFoundException'{0x0000000088794a10}: com/sun/swing/internal/plaf/synth/resources/spi/synthProvider> (0x0000000088794a10) 
thrown [./open/src/hotspot/share/classfile/systemDictionary.cpp, line 295]

Events (20 events):
Event: 0.327 loading class javax/swing/plaf/basic/BasicHTML done
Event: 0.327 loading class javax/swing/plaf/basic/BasicMenuUI$Handler
Event: 0.327 loading class javax/swing/event/MenuKeyListener
Event: 0.327 loading class javax/swing/event/MenuKeyListener done
Event: 0.327 loading class javax/swing/plaf/basic/BasicMenuItemUI$Handler
Event: 0.327 loading class javax/swing/event/MenuDragMouseListener
Event: 0.327 loading class javax/swing/event/MenuDragMouseListener done
Event: 0.327 loading class javax/swing/event/MouseInputListener
Event: 0.327 loading class javax/swing/event/MouseInputListener done
Event: 0.327 loading class javax/swing/plaf/basic/BasicMenuItemUI$Handler done
Event: 0.327 loading class javax/swing/plaf/basic/BasicMenuUI$Handler done
Event: 0.328 loading class javax/swing/JDesktopPane$1
Event: 0.328 loading class javax/swing/JDesktopPane$1 done
Event: 0.328 loading class javax/swing/plaf/synth/SynthDesktopPaneUI
Event: 0.328 loading class javax/swing/plaf/basic/BasicDesktopPaneUI
Event: 0.328 loading class javax/swing/plaf/DesktopPaneUI
Event: 0.328 loading class javax/swing/plaf/DesktopPaneUI done
Event: 0.328 loading class javax/swing/plaf/basic/BasicDesktopPaneUI done
Event: 0.328 loading class javax/swing/plaf/synth/SynthDesktopPaneUI done
Event: 0.328 Executing VM operation: CollectForMetadataAllocation


Dynamic libraries:
0x00007ff7d0380000 - 0x00007ff7d038f000 	D:\Softwares\Java\bin\java.exe
0x00007fff75790000 - 0x00007fff75986000 	C:\Windows\SYSTEM32\ntdll.dll
0x00007fff75690000 - 0x00007fff7574d000 	C:\Windows\System32\KERNEL32.DLL
0x00007fff73200000 - 0x00007fff734c8000 	C:\Windows\System32\KERNELBASE.dll
0x00007fff734d0000 - 0x00007fff735d0000 	C:\Windows\System32\ucrtbase.dll
0x00007fff6e750000 - 0x00007fff6e769000 	D:\Softwares\Java\bin\VCRUNTIME140.dll
0x00007fff69260000 - 0x00007fff69278000 	D:\Softwares\Java\bin\jli.dll
0x00007fff74610000 - 0x00007fff746bc000 	C:\Windows\System32\ADVAPI32.dll
0x00007fff73d20000 - 0x00007fff73dbe000 	C:\Windows\System32\msvcrt.dll
0x00007fff74020000 - 0x00007fff740bb000 	C:\Windows\System32\sechost.dll
0x00007fff739a0000 - 0x00007fff73ac4000 	C:\Windows\System32\RPCRT4.dll
0x00007fff73e70000 - 0x00007fff74010000 	C:\Windows\System32\USER32.dll
0x00007fff73740000 - 0x00007fff73762000 	C:\Windows\System32\win32u.dll
0x00007fff5cef0000 - 0x00007fff5d18b000 	C:\Windows\WinSxS\amd64_microsoft.windows.common-controls_6595b64144ccf1df_6.0.19041.488_none_ca04af081b815d21\COMCTL32.dll
0x00007fff73dc0000 - 0x00007fff73dea000 	C:\Windows\System32\GDI32.dll
0x00007fff73630000 - 0x00007fff73739000 	C:\Windows\System32\gdi32full.dll
0x00007fff72ed0000 - 0x00007fff72f6d000 	C:\Windows\System32\msvcp_win.dll
0x00007fff6d5e0000 - 0x00007fff6d5ea000 	C:\Windows\SYSTEM32\VERSION.dll
0x00007fff75220000 - 0x00007fff75250000 	C:\Windows\System32\IMM32.DLL
0x00007fff6e740000 - 0x00007fff6e74c000 	D:\Softwares\Java\bin\vcruntime140_1.dll
0x00007fff69ac0000 - 0x00007fff69b51000 	D:\Softwares\Java\bin\msvcp140.dll
0x00007fff12380000 - 0x00007fff12ede000 	D:\Softwares\Java\bin\server\jvm.dll
0x00007fff73b30000 - 0x00007fff73b38000 	C:\Windows\System32\PSAPI.DLL
0x00007fff6e770000 - 0x00007fff6e779000 	C:\Windows\SYSTEM32\WSOCK32.dll
0x00007fff643e0000 - 0x00007fff64407000 	C:\Windows\SYSTEM32\WINMM.dll
0x00007fff74930000 - 0x00007fff7499b000 	C:\Windows\System32\WS2_32.dll
0x00007fff70e40000 - 0x00007fff70e52000 	C:\Windows\SYSTEM32\kernel.appcore.dll
0x00007fff6e730000 - 0x00007fff6e73a000 	D:\Softwares\Java\bin\jimage.dll
0x00007fff5df20000 - 0x00007fff5e104000 	C:\Windows\SYSTEM32\DBGHELP.DLL
0x00007fff5dc10000 - 0x00007fff5dc3c000 	C:\Windows\SYSTEM32\dbgcore.DLL
0x00007fff73770000 - 0x00007fff737ef000 	C:\Windows\System32\bcryptPrimitives.dll
0x00007fff6c8a0000 - 0x00007fff6c8c5000 	D:\Softwares\Java\bin\java.dll
0x00007fff749a0000 - 0x00007fff750e1000 	C:\Windows\System32\SHELL32.dll
0x00007fff71040000 - 0x00007fff717d5000 	C:\Windows\SYSTEM32\windows.storage.dll
0x00007fff75310000 - 0x00007fff75665000 	C:\Windows\System32\combase.dll
0x00007fff728d0000 - 0x00007fff728fc000 	C:\Windows\SYSTEM32\Wldp.dll
0x00007fff74720000 - 0x00007fff747ce000 	C:\Windows\System32\SHCORE.dll
0x00007fff73cc0000 - 0x00007fff73d15000 	C:\Windows\System32\shlwapi.dll
0x00007fff72e00000 - 0x00007fff72e26000 	C:\Windows\SYSTEM32\profapi.dll
0x00007fff6c7a0000 - 0x00007fff6c7b9000 	D:\Softwares\Java\bin\net.dll
0x00007fff6b9a0000 - 0x00007fff6baa0000 	C:\Windows\SYSTEM32\WINHTTP.dll
0x00007fff725f0000 - 0x00007fff7265a000 	C:\Windows\system32\mswsock.dll
0x00007fff6c780000 - 0x00007fff6c792000 	D:\Softwares\Java\bin\nio.dll
0x00007fff6c090000 - 0x00007fff6c0a8000 	D:\Softwares\Java\bin\zip.dll
0x00007fff392b0000 - 0x00007fff39430000 	D:\Softwares\Java\bin\awt.dll
0x00007fff74860000 - 0x00007fff7492d000 	C:\Windows\System32\OLEAUT32.dll
0x00007fff707f0000 - 0x00007fff70880000 	C:\Windows\SYSTEM32\apphelp.dll
0x00007fff70980000 - 0x00007fff70a1e000 	C:\Windows\system32\uxtheme.dll
0x00007fff73ba0000 - 0x00007fff73cb5000 	C:\Windows\System32\MSCTF.dll
0x00007fff444c0000 - 0x00007fff445bc000 	C:\ProgramData\A-Volute\A-Volute.Nahimic\Modules\Scheduled\x64\A-Volute.NahimicDevProps2.dll
0x00007fff750f0000 - 0x00007fff7521a000 	C:\Windows\System32\ole32.dll
0x00007fff70c60000 - 0x00007fff70c8f000 	C:\Windows\system32\DWMAPI.DLL
0x00007fff58320000 - 0x00007fff583a5000 	D:\Softwares\Java\bin\freetype.dll
0x00007fff57460000 - 0x00007fff57509000 	D:\Softwares\Java\bin\fontmanager.dll
0x00007fff4a140000 - 0x00007fff4a265000 	C:\Windows\system32\opengl32.dll
0x00007fff6c050000 - 0x00007fff6c07c000 	C:\Windows\SYSTEM32\GLU32.dll
0x00007fff6b710000 - 0x00007fff6b8de000 	C:\Windows\system32\d3d9.dll
0x00007fff69b60000 - 0x00007fff69c62000 	C:\Windows\System32\DriverStore\FileRepository\nv_dispi.inf_amd64_372920ce6be76248\nvldumdx.dll
0x00007fff72ac0000 - 0x00007fff72ad2000 	C:\Windows\SYSTEM32\msasn1.dll
0x00007fff6d5a0000 - 0x00007fff6d5d1000 	C:\Windows\SYSTEM32\cryptnet.dll
0x00007fff72fc0000 - 0x00007fff7311d000 	C:\Windows\System32\CRYPT32.dll
0x00007fff727e0000 - 0x00007fff727ec000 	C:\Windows\SYSTEM32\cryptbase.dll
0x00007fff735d0000 - 0x00007fff73630000 	C:\Windows\System32\WINTRUST.DLL
0x00007fff75670000 - 0x00007fff7568d000 	C:\Windows\System32\imagehlp.dll
0x00007fff727c0000 - 0x00007fff727d8000 	C:\Windows\SYSTEM32\CRYPTSP.dll
0x00007fff71f80000 - 0x00007fff71fb4000 	C:\Windows\system32\rsaenh.dll
0x00007fff731d0000 - 0x00007fff731f7000 	C:\Windows\System32\bcrypt.dll
0x00007fff375d0000 - 0x00007fff38fec000 	C:\Windows\System32\DriverStore\FileRepository\nv_dispi.inf_amd64_372920ce6be76248\nvd3dumx.dll

dbghelp: loaded successfully - version: 4.0.5 - missing functions: none
symbol engine: initialized successfully - sym options: 0x614 - pdb path: .;D:\Softwares\Java\bin;C:\Windows\SYSTEM32;C:\Windows\WinSxS\amd64_microsoft.windows.common-controls_6595b64144ccf1df_6.0.19041.488_none_ca04af081b815d21;D:\Softwares\Java\bin\server;C:\ProgramData\A-Volute\A-Volute.Nahimic\Modules\Scheduled\x64;C:\Windows\System32\DriverStore\FileRepository\nv_dispi.inf_amd64_372920ce6be76248

VM Arguments:
jvm_args: -Dfile.encoding=UTF-8 
java_command: MainFrame
java_class_path (initial): C:\Users\cs949\OneDrive\Desktop\OnlineExamSystem\mysql-connector-java-5.1.49\mysql-connector-java-5.1.49-bin.jar;C:\Users\cs949\OneDrive\Desktop\OnlineExamSystem\mysql-connector-java-5.1.49\mysql-connector-java-5.1.49.jar;C:\Users\cs949\OneDrive\Desktop\OnlineExamSystem\OnlineExamSys\build\classes
Launcher Type: SUN_STANDARD

[Global flags]
     intx CICompilerCount                          = 12                                        {product} {ergonomic}
     uint ConcGCThreads                            = 3                                         {product} {ergonomic}
     uint G1ConcRefinementThreads                  = 13                                        {product} {ergonomic}
   size_t G1HeapRegionSize                         = 1048576                                   {product} {ergonomic}
    uintx GCDrainStackTargetSize                   = 64                                        {product} {ergonomic}
   size_t InitialHeapSize                          = 134217728                                 {product} {ergonomic}
   size_t MarkStackSize                            = 4194304                                   {product} {ergonomic}
   size_t MaxHeapSize                              = 2134900736                                {product} {ergonomic}
   size_t MaxNewSize                               = 1280311296                                {product} {ergonomic}
   size_t MinHeapDeltaBytes                        = 1048576                                   {product} {ergonomic}
   size_t MinHeapSize                              = 8388608                                   {product} {ergonomic}
    uintx NonNMethodCodeHeapSize                   = 7602480                                {pd product} {ergonomic}
    uintx NonProfiledCodeHeapSize                  = 122027880                              {pd product} {ergonomic}
    uintx ProfiledCodeHeapSize                     = 122027880                              {pd product} {ergonomic}
    uintx ReservedCodeCacheSize                    = 251658240                              {pd product} {ergonomic}
     bool SegmentedCodeCache                       = true                                      {product} {ergonomic}
   size_t SoftMaxHeapSize                          = 2134900736                             {manageable} {ergonomic}
     bool UseCompressedClassPointers               = true                                 {lp64_product} {ergonomic}
     bool UseCompressedOops                        = true                                 {lp64_product} {ergonomic}
     bool UseG1GC                                  = true                                      {product} {ergonomic}
     bool UseLargePagesIndividualAllocation        = false                                  {pd product} {ergonomic}

Logging:
Log output configuration:
 #0: stdout all=warning uptime,level,tags
 #1: stderr all=off uptime,level,tags

Environment Variables:
PATH=C:\Program Files\Common Files\Oracle\Java\javapath;C:\Windows\system32;C:\Windows;C:\Windows\System32\Wbem;C:\Windows\System32\WindowsPowerShell\v1.0\;C:\Windows\System32\OpenSSH\;C:\Program Files\NVIDIA Corporation\NVIDIA NvDLISR;C:\Program Files (x86)\NVIDIA Corporation\PhysX\Common;C:\Users\cs949\AppData\Local\Microsoft\WindowsApps
USERNAME=cs949
OS=Windows_NT
PROCESSOR_IDENTIFIER=AMD64 Family 23 Model 8 Stepping 2, AuthenticAMD



---------------  S Y S T E M  ---------------

OS:
 Windows 10 , 64 bit Build 19041 (10.0.19041.546)
OS uptime: 1 days 22:57 hours

CPU: total 16 (initial active 16) (16 cores per cpu, 2 threads per core) family 23 model 8 stepping 2 microcode 0x0, cmov, cx8, fxsr, mmx, sse, sse2, sse3, ssse3, sse4.1, sse4.2, popcnt, vzeroupper, avx, avx2, aes, clmul, 3dnowpref, lzcnt, sse4a, ht, tsc, tscinvbit, tscinv, bmi1, bmi2, adx, sha, fma, clflush, clflushopt

Memory: 4k page, system-wide physical 8141M (2324M free)
TotalPageFile size 8141M (AvailPageFile size 4M)
current process WorkingSet (physical memory assigned to process): 60M, peak: 60M
current process commit charge ("private bytes"): 239M, peak: 240M

vm_info: Java HotSpot(TM) 64-Bit Server VM (15.0.1+9-18) for windows-amd64 JRE (15.0.1+9-18), built on Sep 15 2020 14:43:54 by "mach5one" with unknown MS VC++:1925

END.
